make: `builddecay' is up to date.
start building time table for decay and beam in run=1010
282978 events for beta_dssd
10 events for beam_dssd


********************************builddecay 1010 done!********************************************

start building time table for decay and beam in run=1011
288504 events for beta_dssd
0 events for beam_dssd


********************************builddecay 1011 done!********************************************

start building time table for decay and beam in run=1012
57314 events for beta_dssd
3 events for beam_dssd


********************************builddecay 1012 done!********************************************

start building time table for decay and beam in run=1013
515572 events for beta_dssd
119307 events for beam_dssd


********************************builddecay 1013 done!********************************************

start building time table for decay and beam in run=1014
303979 events for beta_dssd
66319 events for beam_dssd


********************************builddecay 1014 done!********************************************

start building time table for decay and beam in run=1015
61908 events for beta_dssd
13902 events for beam_dssd


********************************builddecay 1015 done!********************************************

start building time table for decay and beam in run=1016
188601 events for beta_dssd
39371 events for beam_dssd


********************************builddecay 1016 done!********************************************

start building time table for decay and beam in run=1017
237999 events for beta_dssd
51529 events for beam_dssd


********************************builddecay 1017 done!********************************************

start building time table for decay and beam in run=1018
320519 events for beta_dssd
69115 events for beam_dssd


********************************builddecay 1018 done!********************************************

start building time table for decay and beam in run=1019
72068 events for beta_dssd
15328 events for beam_dssd


********************************builddecay 1019 done!********************************************

start building time table for decay and beam in run=1020
264698 events for beta_dssd
56610 events for beam_dssd


********************************builddecay 1020 done!********************************************

start building time table for decay and beam in run=1021
298922 events for beta_dssd
63697 events for beam_dssd


********************************builddecay 1021 done!********************************************

start building time table for decay and beam in run=1022
312724 events for beta_dssd
68497 events for beam_dssd


********************************builddecay 1022 done!********************************************

start building time table for decay and beam in run=1023
318451 events for beta_dssd
0 events for beam_dssd


********************************builddecay 1023 done!********************************************

start building time table for decay and beam in run=1024
278784 events for beta_dssd
59767 events for beam_dssd


********************************builddecay 1024 done!********************************************

start building time table for decay and beam in run=1025
296649 events for beta_dssd
63433 events for beam_dssd


********************************builddecay 1025 done!********************************************

start building time table for decay and beam in run=1026
332545 events for beta_dssd
70456 events for beam_dssd


********************************builddecay 1026 done!********************************************

start building time table for decay and beam in run=1027
178211 events for beta_dssd
37657 events for beam_dssd


********************************builddecay 1027 done!********************************************

start building time table for decay and beam in run=1028
278917 events for beta_dssd
85700 events for beam_dssd


********************************builddecay 1028 done!********************************************

start building time table for decay and beam in run=1029
341963 events for beta_dssd
99530 events for beam_dssd


********************************builddecay 1029 done!********************************************

start building time table for decay and beam in run=1030
208371 events for beta_dssd
61918 events for beam_dssd


********************************builddecay 1030 done!********************************************

start building time table for decay and beam in run=1031
446003 events for beta_dssd
0 events for beam_dssd


********************************builddecay 1031 done!********************************************

start building time table for decay and beam in run=1032
583922 events for beta_dssd
175207 events for beam_dssd


********************************builddecay 1032 done!********************************************

start building time table for decay and beam in run=1033
450052 events for beta_dssd
138475 events for beam_dssd


********************************builddecay 1033 done!********************************************

start building time table for decay and beam in run=1034
332131 events for beta_dssd
100397 events for beam_dssd


********************************builddecay 1034 done!********************************************

start building time table for decay and beam in run=1035
19155 events for beta_dssd
5507 events for beam_dssd


********************************builddecay 1035 done!********************************************

start building time table for decay and beam in run=1036
321164 events for beta_dssd
99661 events for beam_dssd


********************************builddecay 1036 done!********************************************

start building time table for decay and beam in run=1037
171175 events for beta_dssd
51432 events for beam_dssd


********************************builddecay 1037 done!********************************************

start building time table for decay and beam in run=1038
395761 events for beta_dssd
119828 events for beam_dssd


********************************builddecay 1038 done!********************************************

start building time table for decay and beam in run=1039
349983 events for beta_dssd
105694 events for beam_dssd


********************************builddecay 1039 done!********************************************

start building time table for decay and beam in run=1040
315152 events for beta_dssd
95068 events for beam_dssd


********************************builddecay 1040 done!********************************************

start building time table for decay and beam in run=1041
17445 events for beta_dssd
5211 events for beam_dssd


********************************builddecay 1041 done!********************************************

start building time table for decay and beam in run=1042
341797 events for beta_dssd
102461 events for beam_dssd


********************************builddecay 1042 done!********************************************

start building time table for decay and beam in run=1043
291373 events for beta_dssd
87126 events for beam_dssd


********************************builddecay 1043 done!********************************************

start building time table for decay and beam in run=1044
301206 events for beta_dssd
90551 events for beam_dssd


********************************builddecay 1044 done!********************************************

start building time table for decay and beam in run=1045
353654 events for beta_dssd
106650 events for beam_dssd


********************************builddecay 1045 done!********************************************

start building time table for decay and beam in run=1046
411947 events for beta_dssd
123823 events for beam_dssd


********************************builddecay 1046 done!********************************************

start building time table for decay and beam in run=1047
193426 events for beta_dssd
57673 events for beam_dssd


********************************builddecay 1047 done!********************************************

start building time table for decay and beam in run=1048
186601 events for beta_dssd
53829 events for beam_dssd


********************************builddecay 1048 done!********************************************

start building time table for decay and beam in run=1049
372032 events for beta_dssd
112761 events for beam_dssd


********************************builddecay 1049 done!********************************************

start building time table for decay and beam in run=1050
366801 events for beta_dssd
113074 events for beam_dssd


********************************builddecay 1050 done!********************************************

start building time table for decay and beam in run=1051
342687 events for beta_dssd
102899 events for beam_dssd


********************************builddecay 1051 done!********************************************

start building time table for decay and beam in run=1052
352644 events for beta_dssd
105784 events for beam_dssd


********************************builddecay 1052 done!********************************************

start building time table for decay and beam in run=1053
30893 events for beta_dssd
8659 events for beam_dssd


********************************builddecay 1053 done!********************************************

start building time table for decay and beam in run=1054
335272 events for beta_dssd
100382 events for beam_dssd


********************************builddecay 1054 done!********************************************

start building time table for decay and beam in run=1055
249721 events for beta_dssd
73428 events for beam_dssd


********************************builddecay 1055 done!********************************************

start building time table for decay and beam in run=1056
312835 events for beta_dssd
94675 events for beam_dssd


********************************builddecay 1056 done!********************************************

start building time table for decay and beam in run=1057
290241 events for beta_dssd
86662 events for beam_dssd


********************************builddecay 1057 done!********************************************

start building time table for decay and beam in run=1061
303871 events for beta_dssd
92490 events for beam_dssd


********************************builddecay 1061 done!********************************************

start building time table for decay and beam in run=1062
323586 events for beta_dssd
96497 events for beam_dssd


********************************builddecay 1062 done!********************************************

start building time table for decay and beam in run=1063
312011 events for beta_dssd
92428 events for beam_dssd


********************************builddecay 1063 done!********************************************

start building time table for decay and beam in run=1064
125632 events for beta_dssd
36558 events for beam_dssd


********************************builddecay 1064 done!********************************************

start building time table for decay and beam in run=1065
172588 events for beta_dssd
50752 events for beam_dssd


********************************builddecay 1065 done!********************************************

start building time table for decay and beam in run=1066
270304 events for beta_dssd
82693 events for beam_dssd


********************************builddecay 1066 done!********************************************

start building time table for decay and beam in run=1067
319442 events for beta_dssd
96484 events for beam_dssd


********************************builddecay 1067 done!********************************************

start building time table for decay and beam in run=1068
316004 events for beta_dssd
94890 events for beam_dssd


********************************builddecay 1068 done!********************************************

start building time table for decay and beam in run=1069
259774 events for beta_dssd
76853 events for beam_dssd


********************************builddecay 1069 done!********************************************

start building time table for decay and beam in run=1070
304877 events for beta_dssd
90598 events for beam_dssd


********************************builddecay 1070 done!********************************************

start building time table for decay and beam in run=1071
127828 events for beta_dssd
37140 events for beam_dssd


********************************builddecay 1071 done!********************************************

start building time table for decay and beam in run=1072
54130 events for beta_dssd
15537 events for beam_dssd


********************************builddecay 1072 done!********************************************

start building time table for decay and beam in run=1073
312348 events for beta_dssd
92121 events for beam_dssd


********************************builddecay 1073 done!********************************************

start building time table for decay and beam in run=1074
624980 events for beta_dssd
181851 events for beam_dssd


********************************builddecay 1074 done!********************************************

start building time table for decay and beam in run=1075
399414 events for beta_dssd
114292 events for beam_dssd


********************************builddecay 1075 done!********************************************

start building time table for decay and beam in run=1076
294535 events for beta_dssd
85328 events for beam_dssd


********************************builddecay 1076 done!********************************************

start building time table for decay and beam in run=1077
340434 events for beta_dssd
99154 events for beam_dssd


********************************builddecay 1077 done!********************************************

start building time table for decay and beam in run=1078
520072 events for beta_dssd
150624 events for beam_dssd


********************************builddecay 1078 done!********************************************

start building time table for decay and beam in run=1079
368680 events for beta_dssd
106545 events for beam_dssd


********************************builddecay 1079 done!********************************************

start building time table for decay and beam in run=1080
317657 events for beta_dssd
91967 events for beam_dssd


********************************builddecay 1080 done!********************************************

start building time table for decay and beam in run=1081
311373 events for beta_dssd
89761 events for beam_dssd


********************************builddecay 1081 done!********************************************

start building time table for decay and beam in run=1082
300117 events for beta_dssd
85530 events for beam_dssd


********************************builddecay 1082 done!********************************************

start building time table for decay and beam in run=1083
314562 events for beta_dssd
90155 events for beam_dssd


********************************builddecay 1083 done!********************************************

start building time table for decay and beam in run=1084
294967 events for beta_dssd
84024 events for beam_dssd


********************************builddecay 1084 done!********************************************

start building time table for decay and beam in run=1085
340362 events for beta_dssd
97060 events for beam_dssd


********************************builddecay 1085 done!********************************************

start building time table for decay and beam in run=1086
243721 events for beta_dssd
69413 events for beam_dssd


********************************builddecay 1086 done!********************************************

start building time table for decay and beam in run=1087
287717 events for beta_dssd
82002 events for beam_dssd


********************************builddecay 1087 done!********************************************

start building time table for decay and beam in run=1088
316928 events for beta_dssd
89178 events for beam_dssd


********************************builddecay 1088 done!********************************************

start building time table for decay and beam in run=1089
62208 events for beta_dssd
17331 events for beam_dssd


********************************builddecay 1089 done!********************************************

start building time table for decay and beam in run=1090
307785 events for beta_dssd
86802 events for beam_dssd


********************************builddecay 1090 done!********************************************

start building time table for decay and beam in run=1091
295966 events for beta_dssd
82978 events for beam_dssd


********************************builddecay 1091 done!********************************************

start building time table for decay and beam in run=1092
315299 events for beta_dssd
88894 events for beam_dssd


********************************builddecay 1092 done!********************************************

start building time table for decay and beam in run=1093
35910 events for beta_dssd
9869 events for beam_dssd


********************************builddecay 1093 done!********************************************

start building time table for decay and beam in run=1094
311838 events for beta_dssd
90002 events for beam_dssd


********************************builddecay 1094 done!********************************************

start building time table for decay and beam in run=1095
54406 events for beta_dssd
14253 events for beam_dssd


********************************builddecay 1095 done!********************************************

start building time table for decay and beam in run=1096
236121 events for beta_dssd
68427 events for beam_dssd


********************************builddecay 1096 done!********************************************

start building time table for decay and beam in run=1097
38308 events for beta_dssd
10961 events for beam_dssd


********************************builddecay 1097 done!********************************************

start building time table for decay and beam in run=1098
340279 events for beta_dssd
97342 events for beam_dssd


********************************builddecay 1098 done!********************************************

start building time table for decay and beam in run=1099
292196 events for beta_dssd
82905 events for beam_dssd


********************************builddecay 1099 done!********************************************

start building time table for decay and beam in run=1100
321516 events for beta_dssd
91095 events for beam_dssd


********************************builddecay 1100 done!********************************************

start building time table for decay and beam in run=1101
324375 events for beta_dssd
91262 events for beam_dssd


********************************builddecay 1101 done!********************************************

start building time table for decay and beam in run=1102
357481 events for beta_dssd
100566 events for beam_dssd


********************************builddecay 1102 done!********************************************

start building time table for decay and beam in run=1103
295684 events for beta_dssd
82279 events for beam_dssd


********************************builddecay 1103 done!********************************************

start building time table for decay and beam in run=1104
202942 events for beta_dssd
56192 events for beam_dssd


********************************builddecay 1104 done!********************************************

start building time table for decay and beam in run=1105
23265 events for beta_dssd
0 events for beam_dssd


********************************builddecay 1105 done!********************************************

start building time table for decay and beam in run=1106
191982 events for beta_dssd
54266 events for beam_dssd


********************************builddecay 1106 done!********************************************

start building time table for decay and beam in run=1107
266095 events for beta_dssd
76653 events for beam_dssd


********************************builddecay 1107 done!********************************************

start building time table for decay and beam in run=1108
280243 events for beta_dssd
79548 events for beam_dssd


********************************builddecay 1108 done!********************************************

start building time table for decay and beam in run=1109
281627 events for beta_dssd
80727 events for beam_dssd


********************************builddecay 1109 done!********************************************

start building time table for decay and beam in run=1110
325507 events for beta_dssd
90355 events for beam_dssd


********************************builddecay 1110 done!********************************************

start building time table for decay and beam in run=1111
254323 events for beta_dssd
71331 events for beam_dssd


********************************builddecay 1111 done!********************************************

start building time table for decay and beam in run=1112
275374 events for beta_dssd
77613 events for beam_dssd


********************************builddecay 1112 done!********************************************

start building time table for decay and beam in run=1113
243547 events for beta_dssd
68516 events for beam_dssd


********************************builddecay 1113 done!********************************************

start building time table for decay and beam in run=1114
247800 events for beta_dssd
71575 events for beam_dssd


********************************builddecay 1114 done!********************************************

start building time table for decay and beam in run=1115
278536 events for beta_dssd
79422 events for beam_dssd


********************************builddecay 1115 done!********************************************

start building time table for decay and beam in run=1116
17556 events for beta_dssd
4131 events for beam_dssd


********************************builddecay 1116 done!********************************************

start building time table for decay and beam in run=1117
73347 events for beta_dssd
20916 events for beam_dssd


********************************builddecay 1117 done!********************************************

start building time table for decay and beam in run=1118
266718 events for beta_dssd
77089 events for beam_dssd


********************************builddecay 1118 done!********************************************

start building time table for decay and beam in run=1119
87227 events for beta_dssd
23870 events for beam_dssd


********************************builddecay 1119 done!********************************************

start building time table for decay and beam in run=1120
15729 events for beta_dssd
0 events for beam_dssd


********************************builddecay 1120 done!********************************************

start building time table for decay and beam in run=1121
151411 events for beta_dssd
43066 events for beam_dssd


********************************builddecay 1121 done!********************************************

start building time table for decay and beam in run=1122
279510 events for beta_dssd
80725 events for beam_dssd


********************************builddecay 1122 done!********************************************

start building time table for decay and beam in run=1123
171668 events for beta_dssd
48563 events for beam_dssd


********************************builddecay 1123 done!********************************************

start building time table for decay and beam in run=1124
324736 events for beta_dssd
95193 events for beam_dssd


********************************builddecay 1124 done!********************************************

start building time table for decay and beam in run=1125
331197 events for beta_dssd
95597 events for beam_dssd


********************************builddecay 1125 done!********************************************

start building time table for decay and beam in run=1126
369987 events for beta_dssd
106839 events for beam_dssd


********************************builddecay 1126 done!********************************************

start building time table for decay and beam in run=1127
344835 events for beta_dssd
97969 events for beam_dssd


********************************builddecay 1127 done!********************************************

start building time table for decay and beam in run=1128
334838 events for beta_dssd
95210 events for beam_dssd


********************************builddecay 1128 done!********************************************

start building time table for decay and beam in run=1129
337346 events for beta_dssd
94876 events for beam_dssd


********************************builddecay 1129 done!********************************************

start building time table for decay and beam in run=1130
327230 events for beta_dssd
92869 events for beam_dssd


********************************builddecay 1130 done!********************************************

start building time table for decay and beam in run=1131
313429 events for beta_dssd
88737 events for beam_dssd


********************************builddecay 1131 done!********************************************

start building time table for decay and beam in run=1132
304300 events for beta_dssd
86242 events for beam_dssd


********************************builddecay 1132 done!********************************************

start building time table for decay and beam in run=1133
281232 events for beta_dssd
78246 events for beam_dssd


********************************builddecay 1133 done!********************************************

start building time table for decay and beam in run=1134
255810 events for beta_dssd
0 events for beam_dssd


********************************builddecay 1134 done!********************************************

start building time table for decay and beam in run=1135
377343 events for beta_dssd
0 events for beam_dssd


********************************builddecay 1135 done!********************************************

start building time table for decay and beam in run=1136
320007 events for beta_dssd
0 events for beam_dssd


********************************builddecay 1136 done!********************************************

start building time table for decay and beam in run=1137
341602 events for beta_dssd
0 events for beam_dssd


********************************builddecay 1137 done!********************************************

start building time table for decay and beam in run=1138
183365 events for beta_dssd
0 events for beam_dssd


********************************builddecay 1138 done!********************************************

start building time table for decay and beam in run=1139
751765 events for beta_dssd
0 events for beam_dssd


********************************builddecay 1139 done!********************************************

start building time table for decay and beam in run=1140
249021 events for beta_dssd
71608 events for beam_dssd


********************************builddecay 1140 done!********************************************

start building time table for decay and beam in run=1141
774698 events for beta_dssd
224263 events for beam_dssd


********************************builddecay 1141 done!********************************************

start building time table for decay and beam in run=1142
331660 events for beta_dssd
94866 events for beam_dssd


********************************builddecay 1142 done!********************************************

start building time table for decay and beam in run=1143
516290 events for beta_dssd
148283 events for beam_dssd


********************************builddecay 1143 done!********************************************

start building time table for decay and beam in run=1144
355928 events for beta_dssd
102075 events for beam_dssd


********************************builddecay 1144 done!********************************************

start building time table for decay and beam in run=1145
361381 events for beta_dssd
103676 events for beam_dssd


********************************builddecay 1145 done!********************************************

start building time table for decay and beam in run=1146
352722 events for beta_dssd
100835 events for beam_dssd


********************************builddecay 1146 done!********************************************

start building time table for decay and beam in run=1147
167975 events for beta_dssd
46798 events for beam_dssd


********************************builddecay 1147 done!********************************************

start building time table for decay and beam in run=1148
594947 events for beta_dssd
173539 events for beam_dssd


********************************builddecay 1148 done!********************************************

start building time table for decay and beam in run=1149
2828 events for beta_dssd
0 events for beam_dssd


********************************builddecay 1149 done!********************************************

start building time table for decay and beam in run=1150
330424 events for beta_dssd
90493 events for beam_dssd


********************************builddecay 1150 done!********************************************

start building time table for decay and beam in run=1151
106695 events for beta_dssd
29326 events for beam_dssd


********************************builddecay 1151 done!********************************************

start building time table for decay and beam in run=1152
120122 events for beta_dssd
34749 events for beam_dssd


********************************builddecay 1152 done!********************************************

start building time table for decay and beam in run=1153
210367 events for beta_dssd
60146 events for beam_dssd


********************************builddecay 1153 done!********************************************

start building time table for decay and beam in run=1154
98083 events for beta_dssd
17213 events for beam_dssd


********************************builddecay 1154 done!********************************************

start building time table for decay and beam in run=1155
98319 events for beta_dssd
27840 events for beam_dssd


********************************builddecay 1155 done!********************************************

start building time table for decay and beam in run=1156
307809 events for beta_dssd
84491 events for beam_dssd


********************************builddecay 1156 done!********************************************

start building time table for decay and beam in run=1157
296473 events for beta_dssd
81191 events for beam_dssd


********************************builddecay 1157 done!********************************************

start building time table for decay and beam in run=1158
307463 events for beta_dssd
82744 events for beam_dssd


********************************builddecay 1158 done!********************************************

start building time table for decay and beam in run=1159
249598 events for beta_dssd
66554 events for beam_dssd


********************************builddecay 1159 done!********************************************

start building time table for decay and beam in run=1160
82187 events for beta_dssd
21098 events for beam_dssd


********************************builddecay 1160 done!********************************************

start building time table for decay and beam in run=1161
265833 events for beta_dssd
71499 events for beam_dssd


********************************builddecay 1161 done!********************************************

start building time table for decay and beam in run=1162
217261 events for beta_dssd
56525 events for beam_dssd


********************************builddecay 1162 done!********************************************

start building time table for decay and beam in run=1163
202437 events for beta_dssd
54042 events for beam_dssd


********************************builddecay 1163 done!********************************************

start building time table for decay and beam in run=1164
209741 events for beta_dssd
56407 events for beam_dssd


********************************builddecay 1164 done!********************************************

start building time table for decay and beam in run=1165
225554 events for beta_dssd
60162 events for beam_dssd


********************************builddecay 1165 done!********************************************

start building time table for decay and beam in run=1166
239812 events for beta_dssd
65042 events for beam_dssd


********************************builddecay 1166 done!********************************************

start building time table for decay and beam in run=1167
231485 events for beta_dssd
62458 events for beam_dssd


********************************builddecay 1167 done!********************************************

start building time table for decay and beam in run=1168
32056 events for beta_dssd
8039 events for beam_dssd


********************************builddecay 1168 done!********************************************

start building time table for decay and beam in run=1169
3848 events for beta_dssd
0 events for beam_dssd


********************************builddecay 1169 done!********************************************

start building time table for decay and beam in run=1170
107304 events for beta_dssd
0 events for beam_dssd


********************************builddecay 1170 done!********************************************

