make: “builddecay”是最新的。
start building time table for decay and beam in run=2020
303393 events for beta_dssd
84505 events for beam_dssd


********************************builddecay 2020 done!********************************************

start building time table for decay and beam in run=2021
156710 events for beta_dssd
40830 events for beam_dssd


********************************builddecay 2021 done!********************************************

start building time table for decay and beam in run=2022
359212 events for beta_dssd
100979 events for beam_dssd


********************************builddecay 2022 done!********************************************

start building time table for decay and beam in run=2023
301253 events for beta_dssd
83394 events for beam_dssd


********************************builddecay 2023 done!********************************************

start building time table for decay and beam in run=2024
249435 events for beta_dssd
68820 events for beam_dssd


********************************builddecay 2024 done!********************************************

start building time table for decay and beam in run=2025
393579 events for beta_dssd
110135 events for beam_dssd


********************************builddecay 2025 done!********************************************

start building time table for decay and beam in run=2026
375594 events for beta_dssd
104637 events for beam_dssd


********************************builddecay 2026 done!********************************************

start building time table for decay and beam in run=2027
339082 events for beta_dssd
92647 events for beam_dssd


********************************builddecay 2027 done!********************************************

start building time table for decay and beam in run=2028
312644 events for beta_dssd
87540 events for beam_dssd


********************************builddecay 2028 done!********************************************

start building time table for decay and beam in run=2029
360790 events for beta_dssd
101525 events for beam_dssd


********************************builddecay 2029 done!********************************************

start building time table for decay and beam in run=2030
364074 events for beta_dssd
105178 events for beam_dssd


********************************builddecay 2030 done!********************************************

start building time table for decay and beam in run=2031
300089 events for beta_dssd
84096 events for beam_dssd


********************************builddecay 2031 done!********************************************

start building time table for decay and beam in run=2032
293186 events for beta_dssd
84012 events for beam_dssd


********************************builddecay 2032 done!********************************************

start building time table for decay and beam in run=2033
302987 events for beta_dssd
86698 events for beam_dssd


********************************builddecay 2033 done!********************************************

start building time table for decay and beam in run=2034
246562 events for beta_dssd
67963 events for beam_dssd


********************************builddecay 2034 done!********************************************

start building time table for decay and beam in run=2036
396599 events for beta_dssd
91760 events for beam_dssd


********************************builddecay 2036 done!********************************************

start building time table for decay and beam in run=2037
402976 events for beta_dssd
89918 events for beam_dssd


********************************builddecay 2037 done!********************************************

start building time table for decay and beam in run=2038
429906 events for beta_dssd
94700 events for beam_dssd


********************************builddecay 2038 done!********************************************

start building time table for decay and beam in run=2039
183264 events for beta_dssd
38120 events for beam_dssd


********************************builddecay 2039 done!********************************************

start building time table for decay and beam in run=2040
460649 events for beta_dssd
103455 events for beam_dssd


********************************builddecay 2040 done!********************************************

start building time table for decay and beam in run=2041
443009 events for beta_dssd
96523 events for beam_dssd


********************************builddecay 2041 done!********************************************

start building time table for decay and beam in run=2042
373989 events for beta_dssd
78048 events for beam_dssd


********************************builddecay 2042 done!********************************************

start building time table for decay and beam in run=2043
449702 events for beta_dssd
98930 events for beam_dssd


********************************builddecay 2043 done!********************************************

start building time table for decay and beam in run=2044
411761 events for beta_dssd
87261 events for beam_dssd


********************************builddecay 2044 done!********************************************

start building time table for decay and beam in run=2045
506651 events for beta_dssd
109765 events for beam_dssd


********************************builddecay 2045 done!********************************************

start building time table for decay and beam in run=2046
462674 events for beta_dssd
100343 events for beam_dssd


********************************builddecay 2046 done!********************************************

start building time table for decay and beam in run=2047
435640 events for beta_dssd
95970 events for beam_dssd


********************************builddecay 2047 done!********************************************

start building time table for decay and beam in run=2048

 *** Break *** segmentation violation



===========================================================
There was a crash.
This is the entire stack trace of all threads:
===========================================================
#0  0x00007f67cdbb641c in waitpid () from /lib64/libc.so.6
#1  0x00007f67cdb33f12 in do_system () from /lib64/libc.so.6
#2  0x00007f67d32f1371 in Exec (shellcmd=<optimized out>, this=<optimized out>) at /home/wuhongyi/root-6.16.00/core/unix/src/TUnixSystem.cxx:2119
#3  TUnixSystem::StackTrace (this=0x203a8f0) at /home/wuhongyi/root-6.16.00/core/unix/src/TUnixSystem.cxx:2413
#4  0x00007f67d32f3984 in TUnixSystem::DispatchSignals (this=0x203a8f0, sig=kSigSegmentationViolation) at /home/wuhongyi/root-6.16.00/core/unix/src/TUnixSystem.cxx:3644
#5  <signal handler called>
#6  0x0000000000404a59 in decay::GetTsEntry(std::map<long long, long long, std::less<long long>, std::allocator<std::pair<long long const, long long> > >&, std::map<long long, long long, std::less<long long>, std::allocator<std::pair<long long const, long long> > >&) ()
#7  0x00000000004024da in main ()
===========================================================


The lines below might hint at the cause of the crash.
You may get help by asking at the ROOT forum http://root.cern.ch/forum
Only if you are really convinced it is a bug in ROOT then please submit a
report at http://root.cern.ch/bugs Please post the ENTIRE stack trace
from above as an attachment in addition to anything else
that might help us fixing this issue.
===========================================================
#6  0x0000000000404a59 in decay::GetTsEntry(std::map<long long, long long, std::less<long long>, std::allocator<std::pair<long long const, long long> > >&, std::map<long long, long long, std::less<long long>, std::allocator<std::pair<long long const, long long> > >&) ()
#7  0x00000000004024da in main ()
===========================================================


start building time table for decay and beam in run=2049
471284 events for beta_dssd
100960 events for beam_dssd


********************************builddecay 2049 done!********************************************

start building time table for decay and beam in run=2050
473721 events for beta_dssd
102210 events for beam_dssd


********************************builddecay 2050 done!********************************************

start building time table for decay and beam in run=2051
439620 events for beta_dssd
97011 events for beam_dssd


********************************builddecay 2051 done!********************************************

start building time table for decay and beam in run=2052

 *** Break *** segmentation violation



===========================================================
There was a crash.
This is the entire stack trace of all threads:
===========================================================
#0  0x00007f632d10541c in waitpid () from /lib64/libc.so.6
#1  0x00007f632d082f12 in do_system () from /lib64/libc.so.6
#2  0x00007f6332840371 in Exec (shellcmd=<optimized out>, this=<optimized out>) at /home/wuhongyi/root-6.16.00/core/unix/src/TUnixSystem.cxx:2119
#3  TUnixSystem::StackTrace (this=0x24908f0) at /home/wuhongyi/root-6.16.00/core/unix/src/TUnixSystem.cxx:2413
#4  0x00007f6332842984 in TUnixSystem::DispatchSignals (this=0x24908f0, sig=kSigSegmentationViolation) at /home/wuhongyi/root-6.16.00/core/unix/src/TUnixSystem.cxx:3644
#5  <signal handler called>
#6  0x0000000000404a59 in decay::GetTsEntry(std::map<long long, long long, std::less<long long>, std::allocator<std::pair<long long const, long long> > >&, std::map<long long, long long, std::less<long long>, std::allocator<std::pair<long long const, long long> > >&) ()
#7  0x00000000004024da in main ()
===========================================================


The lines below might hint at the cause of the crash.
You may get help by asking at the ROOT forum http://root.cern.ch/forum
Only if you are really convinced it is a bug in ROOT then please submit a
report at http://root.cern.ch/bugs Please post the ENTIRE stack trace
from above as an attachment in addition to anything else
that might help us fixing this issue.
===========================================================
#6  0x0000000000404a59 in decay::GetTsEntry(std::map<long long, long long, std::less<long long>, std::allocator<std::pair<long long const, long long> > >&, std::map<long long, long long, std::less<long long>, std::allocator<std::pair<long long const, long long> > >&) ()
#7  0x00000000004024da in main ()
===========================================================


start building time table for decay and beam in run=2053
351406 events for beta_dssd
74180 events for beam_dssd


********************************builddecay 2053 done!********************************************

start building time table for decay and beam in run=2054
429812 events for beta_dssd
93600 events for beam_dssd


********************************builddecay 2054 done!********************************************

start building time table for decay and beam in run=2055
272845 events for beta_dssd
43379 events for beam_dssd


********************************builddecay 2055 done!********************************************

start building time table for decay and beam in run=2056
411565 events for beta_dssd
92263 events for beam_dssd


********************************builddecay 2056 done!********************************************

start building time table for decay and beam in run=2057
215411 events for beta_dssd
45499 events for beam_dssd


********************************builddecay 2057 done!********************************************

start building time table for decay and beam in run=2058
410759 events for beta_dssd
90261 events for beam_dssd


********************************builddecay 2058 done!********************************************

start building time table for decay and beam in run=2059
90746 events for beta_dssd
19514 events for beam_dssd


********************************builddecay 2059 done!********************************************

start building time table for decay and beam in run=2060
423539 events for beta_dssd
90755 events for beam_dssd


********************************builddecay 2060 done!********************************************

start building time table for decay and beam in run=2061
443760 events for beta_dssd
94817 events for beam_dssd


********************************builddecay 2061 done!********************************************

start building time table for decay and beam in run=2062
411272 events for beta_dssd
85735 events for beam_dssd


********************************builddecay 2062 done!********************************************

start building time table for decay and beam in run=2063
429084 events for beta_dssd
90719 events for beam_dssd


********************************builddecay 2063 done!********************************************

start building time table for decay and beam in run=2064
339863 events for beta_dssd
68376 events for beam_dssd


********************************builddecay 2064 done!********************************************

start building time table for decay and beam in run=2065
405936 events for beta_dssd
86193 events for beam_dssd


********************************builddecay 2065 done!********************************************

start building time table for decay and beam in run=2066
405277 events for beta_dssd
86999 events for beam_dssd


********************************builddecay 2066 done!********************************************

start building time table for decay and beam in run=2067
434179 events for beta_dssd
92464 events for beam_dssd


********************************builddecay 2067 done!********************************************

start building time table for decay and beam in run=2068
413195 events for beta_dssd
86107 events for beam_dssd


********************************builddecay 2068 done!********************************************

start building time table for decay and beam in run=2069
384421 events for beta_dssd
81391 events for beam_dssd


********************************builddecay 2069 done!********************************************

start building time table for decay and beam in run=2070
421581 events for beta_dssd
89651 events for beam_dssd


********************************builddecay 2070 done!********************************************

start building time table for decay and beam in run=2071
439886 events for beta_dssd
97249 events for beam_dssd


********************************builddecay 2071 done!********************************************

start building time table for decay and beam in run=2072
469870 events for beta_dssd
100758 events for beam_dssd


********************************builddecay 2072 done!********************************************

start building time table for decay and beam in run=2073
467973 events for beta_dssd
101206 events for beam_dssd


********************************builddecay 2073 done!********************************************

start building time table for decay and beam in run=2074
343152 events for beta_dssd
70703 events for beam_dssd


********************************builddecay 2074 done!********************************************

start building time table for decay and beam in run=2075
47135 events for beta_dssd
8794 events for beam_dssd


********************************builddecay 2075 done!********************************************

start building time table for decay and beam in run=2076
430798 events for beta_dssd
96515 events for beam_dssd


********************************builddecay 2076 done!********************************************

start building time table for decay and beam in run=2077
437980 events for beta_dssd
96782 events for beam_dssd


********************************builddecay 2077 done!********************************************

start building time table for decay and beam in run=2078
484069 events for beta_dssd
106202 events for beam_dssd


********************************builddecay 2078 done!********************************************

start building time table for decay and beam in run=2079
504388 events for beta_dssd
110782 events for beam_dssd


********************************builddecay 2079 done!********************************************

start building time table for decay and beam in run=2080
49748 events for beta_dssd
9912 events for beam_dssd


********************************builddecay 2080 done!********************************************

start building time table for decay and beam in run=2081
410415 events for beta_dssd
92513 events for beam_dssd


********************************builddecay 2081 done!********************************************

start building time table for decay and beam in run=2082
292150 events for beta_dssd
64662 events for beam_dssd


********************************builddecay 2082 done!********************************************

start building time table for decay and beam in run=2083
431155 events for beta_dssd
98046 events for beam_dssd


********************************builddecay 2083 done!********************************************

start building time table for decay and beam in run=2084
478356 events for beta_dssd
107711 events for beam_dssd


********************************builddecay 2084 done!********************************************

start building time table for decay and beam in run=2085
488618 events for beta_dssd
107796 events for beam_dssd


********************************builddecay 2085 done!********************************************

start building time table for decay and beam in run=2086
499055 events for beta_dssd
109774 events for beam_dssd


********************************builddecay 2086 done!********************************************

start building time table for decay and beam in run=2087
510153 events for beta_dssd
112232 events for beam_dssd


********************************builddecay 2087 done!********************************************

start building time table for decay and beam in run=2088
504992 events for beta_dssd
110861 events for beam_dssd


********************************builddecay 2088 done!********************************************

start building time table for decay and beam in run=2089
464280 events for beta_dssd
99201 events for beam_dssd


********************************builddecay 2089 done!********************************************

start building time table for decay and beam in run=2090
440487 events for beta_dssd
98760 events for beam_dssd


********************************builddecay 2090 done!********************************************

start building time table for decay and beam in run=2091
470335 events for beta_dssd
101384 events for beam_dssd


********************************builddecay 2091 done!********************************************

start building time table for decay and beam in run=2092
465455 events for beta_dssd
102309 events for beam_dssd


********************************builddecay 2092 done!********************************************

start building time table for decay and beam in run=2093
495659 events for beta_dssd
106488 events for beam_dssd


********************************builddecay 2093 done!********************************************

start building time table for decay and beam in run=2094
500967 events for beta_dssd
108635 events for beam_dssd


********************************builddecay 2094 done!********************************************

start building time table for decay and beam in run=2095
369641 events for beta_dssd
70339 events for beam_dssd


********************************builddecay 2095 done!********************************************

start building time table for decay and beam in run=2096
473206 events for beta_dssd
104219 events for beam_dssd


********************************builddecay 2096 done!********************************************

start building time table for decay and beam in run=2097
462873 events for beta_dssd
99785 events for beam_dssd


********************************builddecay 2097 done!********************************************

start building time table for decay and beam in run=2098
477057 events for beta_dssd
103449 events for beam_dssd


********************************builddecay 2098 done!********************************************

start building time table for decay and beam in run=2099
510466 events for beta_dssd
109558 events for beam_dssd


********************************builddecay 2099 done!********************************************

start building time table for decay and beam in run=2100
509774 events for beta_dssd
112733 events for beam_dssd


********************************builddecay 2100 done!********************************************

start building time table for decay and beam in run=2101
532162 events for beta_dssd
117054 events for beam_dssd


********************************builddecay 2101 done!********************************************

start building time table for decay and beam in run=2102
47861 events for beta_dssd
8571 events for beam_dssd


********************************builddecay 2102 done!********************************************

start building time table for decay and beam in run=2103
463585 events for beta_dssd
104309 events for beam_dssd


********************************builddecay 2103 done!********************************************

start building time table for decay and beam in run=2104
467630 events for beta_dssd
102763 events for beam_dssd


********************************builddecay 2104 done!********************************************

start building time table for decay and beam in run=2105
354792 events for beta_dssd
78092 events for beam_dssd


********************************builddecay 2105 done!********************************************

start building time table for decay and beam in run=2106
513481 events for beta_dssd
112086 events for beam_dssd


********************************builddecay 2106 done!********************************************

start building time table for decay and beam in run=2107
495200 events for beta_dssd
110391 events for beam_dssd


********************************builddecay 2107 done!********************************************

start building time table for decay and beam in run=2108
530020 events for beta_dssd
118198 events for beam_dssd


********************************builddecay 2108 done!********************************************

start building time table for decay and beam in run=2109
543341 events for beta_dssd
121158 events for beam_dssd


********************************builddecay 2109 done!********************************************

start building time table for decay and beam in run=2110
516617 events for beta_dssd
114327 events for beam_dssd


********************************builddecay 2110 done!********************************************

start building time table for decay and beam in run=2111
8506 events for beta_dssd
0 events for beam_dssd


********************************builddecay 2111 done!********************************************

start building time table for decay and beam in run=2112
478832 events for beta_dssd
106914 events for beam_dssd


********************************builddecay 2112 done!********************************************

start building time table for decay and beam in run=2113
553172 events for beta_dssd
121552 events for beam_dssd


********************************builddecay 2113 done!********************************************

start building time table for decay and beam in run=2114
512679 events for beta_dssd
110813 events for beam_dssd


********************************builddecay 2114 done!********************************************

start building time table for decay and beam in run=2115
447867 events for beta_dssd
93938 events for beam_dssd


********************************builddecay 2115 done!********************************************

start building time table for decay and beam in run=2116
429645 events for beta_dssd
90710 events for beam_dssd


********************************builddecay 2116 done!********************************************

start building time table for decay and beam in run=2117
466261 events for beta_dssd
100676 events for beam_dssd


********************************builddecay 2117 done!********************************************

start building time table for decay and beam in run=2118
265652 events for beta_dssd
56684 events for beam_dssd


********************************builddecay 2118 done!********************************************

start building time table for decay and beam in run=2119
521096 events for beta_dssd
120082 events for beam_dssd


********************************builddecay 2119 done!********************************************

start building time table for decay and beam in run=2120
522668 events for beta_dssd
0 events for beam_dssd


********************************builddecay 2120 done!********************************************

start building time table for decay and beam in run=2121
512123 events for beta_dssd
114120 events for beam_dssd


********************************builddecay 2121 done!********************************************

start building time table for decay and beam in run=2122
496550 events for beta_dssd
109575 events for beam_dssd


********************************builddecay 2122 done!********************************************

start building time table for decay and beam in run=2123
508693 events for beta_dssd
112640 events for beam_dssd


********************************builddecay 2123 done!********************************************

start building time table for decay and beam in run=2124
468167 events for beta_dssd
98943 events for beam_dssd


********************************builddecay 2124 done!********************************************

start building time table for decay and beam in run=2125
232356 events for beta_dssd
45705 events for beam_dssd


********************************builddecay 2125 done!********************************************

start building time table for decay and beam in run=2126
345122 events for beta_dssd
63753 events for beam_dssd


********************************builddecay 2126 done!********************************************

start building time table for decay and beam in run=2127
511750 events for beta_dssd
105412 events for beam_dssd


********************************builddecay 2127 done!********************************************

start building time table for decay and beam in run=2128
297414 events for beta_dssd
60862 events for beam_dssd


********************************builddecay 2128 done!********************************************

start building time table for decay and beam in run=2129
460339 events for beta_dssd
102660 events for beam_dssd


********************************builddecay 2129 done!********************************************

start building time table for decay and beam in run=2130
443563 events for beta_dssd
95351 events for beam_dssd


********************************builddecay 2130 done!********************************************

start building time table for decay and beam in run=2131
42129 events for beta_dssd
7856 events for beam_dssd


********************************builddecay 2131 done!********************************************

start building time table for decay and beam in run=2132
7265 events for beta_dssd
568 events for beam_dssd


********************************builddecay 2132 done!********************************************

start building time table for decay and beam in run=2133
564510 events for beta_dssd
122835 events for beam_dssd


********************************builddecay 2133 done!********************************************

