make: `builddecay' is up to date.
start building time table for decay and beam in run=2061
443760 events for beta_dssd
94817 events for beam_dssd


********************************builddecay 2061 done!********************************************

start building time table for decay and beam in run=2062
411272 events for beta_dssd
85735 events for beam_dssd


********************************builddecay 2062 done!********************************************

start building time table for decay and beam in run=2063
429084 events for beta_dssd
90719 events for beam_dssd


********************************builddecay 2063 done!********************************************

start building time table for decay and beam in run=2064
339863 events for beta_dssd
68376 events for beam_dssd


********************************builddecay 2064 done!********************************************

start building time table for decay and beam in run=2065
405936 events for beta_dssd
86193 events for beam_dssd


********************************builddecay 2065 done!********************************************

start building time table for decay and beam in run=2066
405277 events for beta_dssd
86999 events for beam_dssd


********************************builddecay 2066 done!********************************************

start building time table for decay and beam in run=2067
434179 events for beta_dssd
92464 events for beam_dssd


********************************builddecay 2067 done!********************************************

start building time table for decay and beam in run=2068
413195 events for beta_dssd
86107 events for beam_dssd


********************************builddecay 2068 done!********************************************

start building time table for decay and beam in run=2069
384421 events for beta_dssd
81391 events for beam_dssd


********************************builddecay 2069 done!********************************************

start building time table for decay and beam in run=2070
421581 events for beta_dssd
89651 events for beam_dssd


********************************builddecay 2070 done!********************************************

start building time table for decay and beam in run=2071
439886 events for beta_dssd
97249 events for beam_dssd


********************************builddecay 2071 done!********************************************

start building time table for decay and beam in run=2072
469870 events for beta_dssd
100758 events for beam_dssd


********************************builddecay 2072 done!********************************************

start building time table for decay and beam in run=2073
467973 events for beta_dssd
101206 events for beam_dssd


********************************builddecay 2073 done!********************************************

start building time table for decay and beam in run=2074
343152 events for beta_dssd
70703 events for beam_dssd


********************************builddecay 2074 done!********************************************

start building time table for decay and beam in run=2075
47135 events for beta_dssd
8794 events for beam_dssd


********************************builddecay 2075 done!********************************************

start building time table for decay and beam in run=2076
430798 events for beta_dssd
96515 events for beam_dssd


********************************builddecay 2076 done!********************************************

start building time table for decay and beam in run=2077
437980 events for beta_dssd
96782 events for beam_dssd


********************************builddecay 2077 done!********************************************

start building time table for decay and beam in run=2078
484069 events for beta_dssd
106202 events for beam_dssd


********************************builddecay 2078 done!********************************************

start building time table for decay and beam in run=2079
504388 events for beta_dssd
110782 events for beam_dssd


********************************builddecay 2079 done!********************************************

start building time table for decay and beam in run=2080
49748 events for beta_dssd
9912 events for beam_dssd


********************************builddecay 2080 done!********************************************

start building time table for decay and beam in run=2081
410415 events for beta_dssd
92513 events for beam_dssd


********************************builddecay 2081 done!********************************************

start building time table for decay and beam in run=2082
292150 events for beta_dssd
64662 events for beam_dssd


********************************builddecay 2082 done!********************************************

start building time table for decay and beam in run=2083
431155 events for beta_dssd
98046 events for beam_dssd


********************************builddecay 2083 done!********************************************

start building time table for decay and beam in run=2084
478356 events for beta_dssd
107711 events for beam_dssd


********************************builddecay 2084 done!********************************************

start building time table for decay and beam in run=2085
488618 events for beta_dssd
107796 events for beam_dssd


********************************builddecay 2085 done!********************************************

start building time table for decay and beam in run=2086
499055 events for beta_dssd
109774 events for beam_dssd


********************************builddecay 2086 done!********************************************

start building time table for decay and beam in run=2087
510153 events for beta_dssd
112232 events for beam_dssd


********************************builddecay 2087 done!********************************************

start building time table for decay and beam in run=2088
504992 events for beta_dssd
110861 events for beam_dssd


********************************builddecay 2088 done!********************************************

start building time table for decay and beam in run=2089
464280 events for beta_dssd
99201 events for beam_dssd


********************************builddecay 2089 done!********************************************

start building time table for decay and beam in run=2090
440487 events for beta_dssd
98760 events for beam_dssd


********************************builddecay 2090 done!********************************************

start building time table for decay and beam in run=2091
470335 events for beta_dssd
101384 events for beam_dssd


********************************builddecay 2091 done!********************************************

start building time table for decay and beam in run=2092
465455 events for beta_dssd
102309 events for beam_dssd


********************************builddecay 2092 done!********************************************

start building time table for decay and beam in run=2093
495659 events for beta_dssd
106488 events for beam_dssd


********************************builddecay 2093 done!********************************************

start building time table for decay and beam in run=2094
500967 events for beta_dssd
108635 events for beam_dssd


********************************builddecay 2094 done!********************************************

start building time table for decay and beam in run=2095
369641 events for beta_dssd
70339 events for beam_dssd


********************************builddecay 2095 done!********************************************

start building time table for decay and beam in run=2096
473206 events for beta_dssd
104219 events for beam_dssd


********************************builddecay 2096 done!********************************************

start building time table for decay and beam in run=2097
462873 events for beta_dssd
99785 events for beam_dssd


********************************builddecay 2097 done!********************************************

start building time table for decay and beam in run=2098
477057 events for beta_dssd
103449 events for beam_dssd


********************************builddecay 2098 done!********************************************

start building time table for decay and beam in run=2099
510466 events for beta_dssd
109558 events for beam_dssd


********************************builddecay 2099 done!********************************************

start building time table for decay and beam in run=2100
509774 events for beta_dssd
112733 events for beam_dssd


********************************builddecay 2100 done!********************************************

