make: `builddecay' is up to date.
start building time table for decay and beam in run=2101
532162 events for beta_dssd
117054 events for beam_dssd


********************************builddecay 2101 done!********************************************

start building time table for decay and beam in run=2102
47861 events for beta_dssd
8571 events for beam_dssd


********************************builddecay 2102 done!********************************************

start building time table for decay and beam in run=2103
463585 events for beta_dssd
104309 events for beam_dssd


********************************builddecay 2103 done!********************************************

start building time table for decay and beam in run=2104
467630 events for beta_dssd
102763 events for beam_dssd


********************************builddecay 2104 done!********************************************

start building time table for decay and beam in run=2105
354792 events for beta_dssd
78092 events for beam_dssd


********************************builddecay 2105 done!********************************************

start building time table for decay and beam in run=2106
513481 events for beta_dssd
112086 events for beam_dssd


********************************builddecay 2106 done!********************************************

start building time table for decay and beam in run=2107
495200 events for beta_dssd
110391 events for beam_dssd


********************************builddecay 2107 done!********************************************

start building time table for decay and beam in run=2108
530020 events for beta_dssd
118198 events for beam_dssd


********************************builddecay 2108 done!********************************************

start building time table for decay and beam in run=2109
543341 events for beta_dssd
121158 events for beam_dssd


********************************builddecay 2109 done!********************************************

start building time table for decay and beam in run=2110
516617 events for beta_dssd
114327 events for beam_dssd


********************************builddecay 2110 done!********************************************

start building time table for decay and beam in run=2111
8506 events for beta_dssd
0 events for beam_dssd


********************************builddecay 2111 done!********************************************

start building time table for decay and beam in run=2112
478832 events for beta_dssd
106914 events for beam_dssd


********************************builddecay 2112 done!********************************************

start building time table for decay and beam in run=2113
553172 events for beta_dssd
121552 events for beam_dssd


********************************builddecay 2113 done!********************************************

start building time table for decay and beam in run=2114
512679 events for beta_dssd
110813 events for beam_dssd


********************************builddecay 2114 done!********************************************

start building time table for decay and beam in run=2115
447867 events for beta_dssd
93938 events for beam_dssd


********************************builddecay 2115 done!********************************************

start building time table for decay and beam in run=2116
429645 events for beta_dssd
90710 events for beam_dssd


********************************builddecay 2116 done!********************************************

start building time table for decay and beam in run=2117
466261 events for beta_dssd
100676 events for beam_dssd


********************************builddecay 2117 done!********************************************

start building time table for decay and beam in run=2118
265652 events for beta_dssd
56684 events for beam_dssd


********************************builddecay 2118 done!********************************************

start building time table for decay and beam in run=2119
521096 events for beta_dssd
120082 events for beam_dssd


********************************builddecay 2119 done!********************************************

start building time table for decay and beam in run=2120
522668 events for beta_dssd
0 events for beam_dssd


********************************builddecay 2120 done!********************************************

start building time table for decay and beam in run=2121
512123 events for beta_dssd
114120 events for beam_dssd


********************************builddecay 2121 done!********************************************

start building time table for decay and beam in run=2122
496550 events for beta_dssd
109575 events for beam_dssd


********************************builddecay 2122 done!********************************************

start building time table for decay and beam in run=2123
508693 events for beta_dssd
112640 events for beam_dssd


********************************builddecay 2123 done!********************************************

start building time table for decay and beam in run=2124
468167 events for beta_dssd
98943 events for beam_dssd


********************************builddecay 2124 done!********************************************

start building time table for decay and beam in run=2125
232356 events for beta_dssd
45705 events for beam_dssd


********************************builddecay 2125 done!********************************************

start building time table for decay and beam in run=2126
345122 events for beta_dssd
63753 events for beam_dssd


********************************builddecay 2126 done!********************************************

start building time table for decay and beam in run=2127
511750 events for beta_dssd
105412 events for beam_dssd


********************************builddecay 2127 done!********************************************

start building time table for decay and beam in run=2128
297414 events for beta_dssd
60862 events for beam_dssd


********************************builddecay 2128 done!********************************************

start building time table for decay and beam in run=2129
460339 events for beta_dssd
102660 events for beam_dssd


********************************builddecay 2129 done!********************************************

start building time table for decay and beam in run=2130
443563 events for beta_dssd
95351 events for beam_dssd


********************************builddecay 2130 done!********************************************

start building time table for decay and beam in run=2131
42129 events for beta_dssd
7856 events for beam_dssd


********************************builddecay 2131 done!********************************************

start building time table for decay and beam in run=2132
7265 events for beta_dssd
568 events for beam_dssd


********************************builddecay 2132 done!********************************************

start building time table for decay and beam in run=2133
564510 events for beta_dssd
122835 events for beam_dssd


********************************builddecay 2133 done!********************************************

