make: “builddecay”是最新的。
start building time table for decay and beam in run=3060
750334 events for beta_dssd
189670 events for beam_dssd


********************************builddecay 3060 done!********************************************

start building time table for decay and beam in run=3061
614505 events for beta_dssd
153149 events for beam_dssd


********************************builddecay 3061 done!********************************************

start building time table for decay and beam in run=3062
439593 events for beta_dssd
104852 events for beam_dssd


********************************builddecay 3062 done!********************************************

start building time table for decay and beam in run=3063
584892 events for beta_dssd
147750 events for beam_dssd


********************************builddecay 3063 done!********************************************

start building time table for decay and beam in run=3064
614266 events for beta_dssd
145547 events for beam_dssd


********************************builddecay 3064 done!********************************************

start building time table for decay and beam in run=3065
599346 events for beta_dssd
140878 events for beam_dssd


********************************builddecay 3065 done!********************************************

start building time table for decay and beam in run=3066
618715 events for beta_dssd
147254 events for beam_dssd


********************************builddecay 3066 done!********************************************

start building time table for decay and beam in run=3067
668318 events for beta_dssd
153745 events for beam_dssd


********************************builddecay 3067 done!********************************************

start building time table for decay and beam in run=3068
53694 events for beta_dssd
10674 events for beam_dssd


********************************builddecay 3068 done!********************************************

start building time table for decay and beam in run=3069
556126 events for beta_dssd
0 events for beam_dssd


********************************builddecay 3069 done!********************************************

start building time table for decay and beam in run=3070
14627 events for beta_dssd
4562 events for beam_dssd


********************************builddecay 3070 done!********************************************

