make: `builddecay' is up to date.
start building time table for decay and beam in run=3000
418205 events for beta_dssd
117685 events for beam_dssd


********************************builddecay 3000 done!********************************************

start building time table for decay and beam in run=3001
122036 events for beta_dssd
31724 events for beam_dssd


********************************builddecay 3001 done!********************************************

start building time table for decay and beam in run=3002
159802 events for beta_dssd
40968 events for beam_dssd


********************************builddecay 3002 done!********************************************

start building time table for decay and beam in run=3003
505027 events for beta_dssd
121440 events for beam_dssd


********************************builddecay 3003 done!********************************************

start building time table for decay and beam in run=3004
526415 events for beta_dssd
137501 events for beam_dssd


********************************builddecay 3004 done!********************************************

start building time table for decay and beam in run=3005
514296 events for beta_dssd
132558 events for beam_dssd


********************************builddecay 3005 done!********************************************

start building time table for decay and beam in run=3006
38976 events for beta_dssd
8129 events for beam_dssd


********************************builddecay 3006 done!********************************************

start building time table for decay and beam in run=3007
527465 events for beta_dssd
137658 events for beam_dssd


********************************builddecay 3007 done!********************************************

start building time table for decay and beam in run=3008
543830 events for beta_dssd
137617 events for beam_dssd


********************************builddecay 3008 done!********************************************

start building time table for decay and beam in run=3009
566648 events for beta_dssd
141479 events for beam_dssd


********************************builddecay 3009 done!********************************************

start building time table for decay and beam in run=3010
315953 events for beta_dssd
78570 events for beam_dssd


********************************builddecay 3010 done!********************************************

start building time table for decay and beam in run=3011
142398 events for beta_dssd
37980 events for beam_dssd


********************************builddecay 3011 done!********************************************

start building time table for decay and beam in run=3012
430610 events for beta_dssd
112911 events for beam_dssd


********************************builddecay 3012 done!********************************************

start building time table for decay and beam in run=3013
545744 events for beta_dssd
143411 events for beam_dssd


********************************builddecay 3013 done!********************************************

start building time table for decay and beam in run=3014
654420 events for beta_dssd
169786 events for beam_dssd


********************************builddecay 3014 done!********************************************

start building time table for decay and beam in run=3015
583553 events for beta_dssd
148291 events for beam_dssd


********************************builddecay 3015 done!********************************************

start building time table for decay and beam in run=3016
589221 events for beta_dssd
150189 events for beam_dssd


********************************builddecay 3016 done!********************************************

start building time table for decay and beam in run=3017
637249 events for beta_dssd
159103 events for beam_dssd


********************************builddecay 3017 done!********************************************

start building time table for decay and beam in run=3018
539580 events for beta_dssd
128050 events for beam_dssd


********************************builddecay 3018 done!********************************************

start building time table for decay and beam in run=3019
336290 events for beta_dssd
77947 events for beam_dssd


********************************builddecay 3019 done!********************************************

start building time table for decay and beam in run=3020
572768 events for beta_dssd
148096 events for beam_dssd


********************************builddecay 3020 done!********************************************

start building time table for decay and beam in run=3021
678958 events for beta_dssd
173871 events for beam_dssd


********************************builddecay 3021 done!********************************************

start building time table for decay and beam in run=3022
649588 events for beta_dssd
160228 events for beam_dssd


********************************builddecay 3022 done!********************************************

start building time table for decay and beam in run=3023
473251 events for beta_dssd
101663 events for beam_dssd


********************************builddecay 3023 done!********************************************

start building time table for decay and beam in run=3024
167948 events for beta_dssd
38783 events for beam_dssd


********************************builddecay 3024 done!********************************************

start building time table for decay and beam in run=3025
481695 events for beta_dssd
119562 events for beam_dssd


********************************builddecay 3025 done!********************************************

start building time table for decay and beam in run=3026
47771 events for beta_dssd
5643 events for beam_dssd


********************************builddecay 3026 done!********************************************

start building time table for decay and beam in run=3027
52048 events for beta_dssd
14805 events for beam_dssd


********************************builddecay 3027 done!********************************************

start building time table for decay and beam in run=3028
465915 events for beta_dssd
119640 events for beam_dssd


********************************builddecay 3028 done!********************************************

start building time table for decay and beam in run=3029
4388 events for beta_dssd
0 events for beam_dssd


********************************builddecay 3029 done!********************************************

start building time table for decay and beam in run=3030
547391 events for beta_dssd
145019 events for beam_dssd


********************************builddecay 3030 done!********************************************

start building time table for decay and beam in run=3031
457362 events for beta_dssd
113882 events for beam_dssd


********************************builddecay 3031 done!********************************************

start building time table for decay and beam in run=3032
258390 events for beta_dssd
54982 events for beam_dssd


********************************builddecay 3032 done!********************************************

start building time table for decay and beam in run=3033
442887 events for beta_dssd
110602 events for beam_dssd


********************************builddecay 3033 done!********************************************

start building time table for decay and beam in run=3034
352475 events for beta_dssd
89543 events for beam_dssd


********************************builddecay 3034 done!********************************************

start building time table for decay and beam in run=3035
4816 events for beta_dssd
915 events for beam_dssd


********************************builddecay 3035 done!********************************************

start building time table for decay and beam in run=3036
253707 events for beta_dssd
61923 events for beam_dssd


********************************builddecay 3036 done!********************************************

start building time table for decay and beam in run=3037
435104 events for beta_dssd
105133 events for beam_dssd


********************************builddecay 3037 done!********************************************

start building time table for decay and beam in run=3038
389699 events for beta_dssd
85767 events for beam_dssd


********************************builddecay 3038 done!********************************************

start building time table for decay and beam in run=3039
52773 events for beta_dssd
9716 events for beam_dssd


********************************builddecay 3039 done!********************************************

start building time table for decay and beam in run=3040
1383118 events for beta_dssd
0 events for beam_dssd


********************************builddecay 3040 done!********************************************

