make: “builddecay”是最新的。
start building time table for decay and beam in run=3000
418205 events for beta_dssd
117685 events for beam_dssd


********************************builddecay 3000 done!********************************************

start building time table for decay and beam in run=3001
122036 events for beta_dssd
31724 events for beam_dssd


********************************builddecay 3001 done!********************************************

start building time table for decay and beam in run=3002
159802 events for beta_dssd
40968 events for beam_dssd


********************************builddecay 3002 done!********************************************

start building time table for decay and beam in run=3003
505027 events for beta_dssd
121440 events for beam_dssd


********************************builddecay 3003 done!********************************************

start building time table for decay and beam in run=3004
526415 events for beta_dssd
137501 events for beam_dssd


********************************builddecay 3004 done!********************************************

start building time table for decay and beam in run=3005
514296 events for beta_dssd
132558 events for beam_dssd


********************************builddecay 3005 done!********************************************

start building time table for decay and beam in run=3006
38976 events for beta_dssd
8129 events for beam_dssd


********************************builddecay 3006 done!********************************************

start building time table for decay and beam in run=3007
527465 events for beta_dssd
137658 events for beam_dssd


********************************builddecay 3007 done!********************************************

start building time table for decay and beam in run=3008
543830 events for beta_dssd
137617 events for beam_dssd


********************************builddecay 3008 done!********************************************

start building time table for decay and beam in run=3009
566648 events for beta_dssd
141479 events for beam_dssd


********************************builddecay 3009 done!********************************************

start building time table for decay and beam in run=3010
315953 events for beta_dssd
78570 events for beam_dssd


********************************builddecay 3010 done!********************************************

