make: “builddecay”是最新的。
start building time table for decay and beam in run=3070
14627 events for beta_dssd
4562 events for beam_dssd


********************************builddecay 3070 done!********************************************

start building time table for decay and beam in run=3071
696688 events for beta_dssd
187350 events for beam_dssd


********************************builddecay 3071 done!********************************************

start building time table for decay and beam in run=3072
609642 events for beta_dssd
154668 events for beam_dssd


********************************builddecay 3072 done!********************************************

start building time table for decay and beam in run=3073
526061 events for beta_dssd
128423 events for beam_dssd


********************************builddecay 3073 done!********************************************

start building time table for decay and beam in run=3074
601345 events for beta_dssd
146164 events for beam_dssd


********************************builddecay 3074 done!********************************************

start building time table for decay and beam in run=3075
617134 events for beta_dssd
148538 events for beam_dssd


********************************builddecay 3075 done!********************************************

start building time table for decay and beam in run=3076
575738 events for beta_dssd
144618 events for beam_dssd


********************************builddecay 3076 done!********************************************

start building time table for decay and beam in run=3077
648145 events for beta_dssd
160973 events for beam_dssd


********************************builddecay 3077 done!********************************************

start building time table for decay and beam in run=3078
463975 events for beta_dssd
112279 events for beam_dssd


********************************builddecay 3078 done!********************************************

start building time table for decay and beam in run=3079
572496 events for beta_dssd
141833 events for beam_dssd


********************************builddecay 3079 done!********************************************

start building time table for decay and beam in run=3080
591836 events for beta_dssd
137155 events for beam_dssd


********************************builddecay 3080 done!********************************************

