make: “builddecay”是最新的。
start building time table for decay and beam in run=3110
583662 events for beta_dssd
138596 events for beam_dssd


********************************builddecay 3110 done!********************************************

start building time table for decay and beam in run=3111
635518 events for beta_dssd
150647 events for beam_dssd


********************************builddecay 3111 done!********************************************

start building time table for decay and beam in run=3112
588261 events for beta_dssd
139203 events for beam_dssd


********************************builddecay 3112 done!********************************************

start building time table for decay and beam in run=3113
548537 events for beta_dssd
125043 events for beam_dssd


********************************builddecay 3113 done!********************************************

start building time table for decay and beam in run=3114
627877 events for beta_dssd
149439 events for beam_dssd


********************************builddecay 3114 done!********************************************

start building time table for decay and beam in run=3115
570994 events for beta_dssd
133718 events for beam_dssd


********************************builddecay 3115 done!********************************************

start building time table for decay and beam in run=3116
586657 events for beta_dssd
133609 events for beam_dssd


********************************builddecay 3116 done!********************************************

start building time table for decay and beam in run=3117
539719 events for beta_dssd
117370 events for beam_dssd


********************************builddecay 3117 done!********************************************

start building time table for decay and beam in run=3118
562681 events for beta_dssd
127967 events for beam_dssd


********************************builddecay 3118 done!********************************************

start building time table for decay and beam in run=3119
716011 events for beta_dssd
163479 events for beam_dssd


********************************builddecay 3119 done!********************************************

start building time table for decay and beam in run=3120
313390 events for beta_dssd
67783 events for beam_dssd


********************************builddecay 3120 done!********************************************

start building time table for decay and beam in run=3121
395629 events for beta_dssd
90879 events for beam_dssd


********************************builddecay 3121 done!********************************************

