make: `builddecay' is up to date.
start building time table for decay and beam in run=3081
655327 events for beta_dssd
155283 events for beam_dssd


********************************builddecay 3081 done!********************************************

start building time table for decay and beam in run=3082
153468 events for beta_dssd
37784 events for beam_dssd


********************************builddecay 3082 done!********************************************

start building time table for decay and beam in run=3083
598102 events for beta_dssd
157202 events for beam_dssd


********************************builddecay 3083 done!********************************************

start building time table for decay and beam in run=3084
560508 events for beta_dssd
137173 events for beam_dssd


********************************builddecay 3084 done!********************************************

start building time table for decay and beam in run=3085
403305 events for beta_dssd
94534 events for beam_dssd


********************************builddecay 3085 done!********************************************

start building time table for decay and beam in run=3086
595821 events for beta_dssd
149175 events for beam_dssd


********************************builddecay 3086 done!********************************************

start building time table for decay and beam in run=3087
660066 events for beta_dssd
169699 events for beam_dssd


********************************builddecay 3087 done!********************************************

start building time table for decay and beam in run=3088
712237 events for beta_dssd
180373 events for beam_dssd


********************************builddecay 3088 done!********************************************

start building time table for decay and beam in run=3089
178545 events for beta_dssd
43356 events for beam_dssd


********************************builddecay 3089 done!********************************************

start building time table for decay and beam in run=3090
621683 events for beta_dssd
50434 events for beam_dssd


********************************builddecay 3090 done!********************************************

start building time table for decay and beam in run=3091
700321 events for beta_dssd
176684 events for beam_dssd


********************************builddecay 3091 done!********************************************

start building time table for decay and beam in run=3092
675403 events for beta_dssd
167377 events for beam_dssd


********************************builddecay 3092 done!********************************************

start building time table for decay and beam in run=3093
706887 events for beta_dssd
172460 events for beam_dssd


********************************builddecay 3093 done!********************************************

start building time table for decay and beam in run=3094
740651 events for beta_dssd
182554 events for beam_dssd


********************************builddecay 3094 done!********************************************

start building time table for decay and beam in run=3095
629281 events for beta_dssd
153612 events for beam_dssd


********************************builddecay 3095 done!********************************************

start building time table for decay and beam in run=3096
714598 events for beta_dssd
174685 events for beam_dssd


********************************builddecay 3096 done!********************************************

start building time table for decay and beam in run=3097
659948 events for beta_dssd
158864 events for beam_dssd


********************************builddecay 3097 done!********************************************

start building time table for decay and beam in run=3098
650383 events for beta_dssd
159259 events for beam_dssd


********************************builddecay 3098 done!********************************************

start building time table for decay and beam in run=3099
764518 events for beta_dssd
188153 events for beam_dssd


********************************builddecay 3099 done!********************************************

start building time table for decay and beam in run=3100

 *** Break *** segmentation violation



===========================================================
There was a crash.
This is the entire stack trace of all threads:
===========================================================
#0  0x00007ff28981841c in waitpid () from /lib64/libc.so.6
#1  0x00007ff289795f12 in do_system () from /lib64/libc.so.6
#2  0x00007ff28ef11791 in TUnixSystem::StackTrace() () from /opt/ROOT/root62006/lib/libCore.so
#3  0x00007ff28ef13da4 in TUnixSystem::DispatchSignals(ESignals) () from /opt/ROOT/root62006/lib/libCore.so
#4  <signal handler called>
#5  0x0000000000404b09 in decay::GetTsEntry(std::map<long long, long long, std::less<long long>, std::allocator<std::pair<long long const, long long> > >&, std::map<long long, long long, std::less<long long>, std::allocator<std::pair<long long const, long long> > >&) ()
#6  0x000000000040248a in main ()
===========================================================


The lines below might hint at the cause of the crash.
You may get help by asking at the ROOT forum http://root.cern.ch/forum
Only if you are really convinced it is a bug in ROOT then please submit a
report at http://root.cern.ch/bugs Please post the ENTIRE stack trace
from above as an attachment in addition to anything else
that might help us fixing this issue.
===========================================================
#5  0x0000000000404b09 in decay::GetTsEntry(std::map<long long, long long, std::less<long long>, std::allocator<std::pair<long long const, long long> > >&, std::map<long long, long long, std::less<long long>, std::allocator<std::pair<long long const, long long> > >&) ()
#6  0x000000000040248a in main ()
===========================================================


start building time table for decay and beam in run=3101
657194 events for beta_dssd
153952 events for beam_dssd


********************************builddecay 3101 done!********************************************

start building time table for decay and beam in run=3102
246632 events for beta_dssd
60485 events for beam_dssd


********************************builddecay 3102 done!********************************************

start building time table for decay and beam in run=3103
639791 events for beta_dssd
167733 events for beam_dssd


********************************builddecay 3103 done!********************************************

start building time table for decay and beam in run=3104
559822 events for beta_dssd
130618 events for beam_dssd


********************************builddecay 3104 done!********************************************

start building time table for decay and beam in run=3105
627458 events for beta_dssd
148893 events for beam_dssd


********************************builddecay 3105 done!********************************************

start building time table for decay and beam in run=3106
470772 events for beta_dssd
108413 events for beam_dssd


********************************builddecay 3106 done!********************************************

start building time table for decay and beam in run=3107
483163 events for beta_dssd
104281 events for beam_dssd


********************************builddecay 3107 done!********************************************

start building time table for decay and beam in run=3108
558123 events for beta_dssd
133698 events for beam_dssd


********************************builddecay 3108 done!********************************************

start building time table for decay and beam in run=3109
518688 events for beta_dssd
123758 events for beam_dssd


********************************builddecay 3109 done!********************************************

start building time table for decay and beam in run=3110
583662 events for beta_dssd
138596 events for beam_dssd


********************************builddecay 3110 done!********************************************

start building time table for decay and beam in run=3111
635518 events for beta_dssd
150647 events for beam_dssd


********************************builddecay 3111 done!********************************************

start building time table for decay and beam in run=3112
588261 events for beta_dssd
139203 events for beam_dssd


********************************builddecay 3112 done!********************************************

start building time table for decay and beam in run=3113
548537 events for beta_dssd
125043 events for beam_dssd


********************************builddecay 3113 done!********************************************

start building time table for decay and beam in run=3114
627877 events for beta_dssd
149439 events for beam_dssd


********************************builddecay 3114 done!********************************************

start building time table for decay and beam in run=3115
570994 events for beta_dssd
133718 events for beam_dssd


********************************builddecay 3115 done!********************************************

start building time table for decay and beam in run=3116
586657 events for beta_dssd
133609 events for beam_dssd


********************************builddecay 3116 done!********************************************

start building time table for decay and beam in run=3117
539719 events for beta_dssd
117370 events for beam_dssd


********************************builddecay 3117 done!********************************************

start building time table for decay and beam in run=3118
562681 events for beta_dssd
127967 events for beam_dssd


********************************builddecay 3118 done!********************************************

start building time table for decay and beam in run=3119
716011 events for beta_dssd
163479 events for beam_dssd


********************************builddecay 3119 done!********************************************

start building time table for decay and beam in run=3120
313390 events for beta_dssd
67783 events for beam_dssd


********************************builddecay 3120 done!********************************************

start building time table for decay and beam in run=3121
395629 events for beta_dssd
90879 events for beam_dssd


********************************builddecay 3121 done!********************************************

