make: `builddecay' is up to date.
start building time table for decay and beam in run=3041
114918 events for beta_dssd
3392 events for beam_dssd


********************************builddecay 3041 done!********************************************

start building time table for decay and beam in run=3042
308133 events for beta_dssd
84484 events for beam_dssd


********************************builddecay 3042 done!********************************************

start building time table for decay and beam in run=3043
657705 events for beta_dssd
181627 events for beam_dssd


********************************builddecay 3043 done!********************************************

start building time table for decay and beam in run=3044
745990 events for beta_dssd
198185 events for beam_dssd


********************************builddecay 3044 done!********************************************

start building time table for decay and beam in run=3045
665461 events for beta_dssd
174600 events for beam_dssd


********************************builddecay 3045 done!********************************************

start building time table for decay and beam in run=3046
637957 events for beta_dssd
160136 events for beam_dssd


********************************builddecay 3046 done!********************************************

start building time table for decay and beam in run=3047
651799 events for beta_dssd
166249 events for beam_dssd


********************************builddecay 3047 done!********************************************

start building time table for decay and beam in run=3048
668585 events for beta_dssd
171125 events for beam_dssd


********************************builddecay 3048 done!********************************************

start building time table for decay and beam in run=3049
631094 events for beta_dssd
160686 events for beam_dssd


********************************builddecay 3049 done!********************************************

start building time table for decay and beam in run=3050
730256 events for beta_dssd
185680 events for beam_dssd


********************************builddecay 3050 done!********************************************

start building time table for decay and beam in run=3051
649898 events for beta_dssd
161078 events for beam_dssd


********************************builddecay 3051 done!********************************************

start building time table for decay and beam in run=3052
747816 events for beta_dssd
188261 events for beam_dssd


********************************builddecay 3052 done!********************************************

start building time table for decay and beam in run=3053
626737 events for beta_dssd
156816 events for beam_dssd


********************************builddecay 3053 done!********************************************

start building time table for decay and beam in run=3054
669317 events for beta_dssd
164747 events for beam_dssd


********************************builddecay 3054 done!********************************************

start building time table for decay and beam in run=3055
700185 events for beta_dssd
172399 events for beam_dssd


********************************builddecay 3055 done!********************************************

start building time table for decay and beam in run=3056
699035 events for beta_dssd
169469 events for beam_dssd


********************************builddecay 3056 done!********************************************

start building time table for decay and beam in run=3057
725036 events for beta_dssd
173324 events for beam_dssd


********************************builddecay 3057 done!********************************************

start building time table for decay and beam in run=3058
672174 events for beta_dssd
165079 events for beam_dssd


********************************builddecay 3058 done!********************************************

start building time table for decay and beam in run=3059
670143 events for beta_dssd
165329 events for beam_dssd


********************************builddecay 3059 done!********************************************

start building time table for decay and beam in run=3060
750334 events for beta_dssd
189670 events for beam_dssd


********************************builddecay 3060 done!********************************************

start building time table for decay and beam in run=3061
614505 events for beta_dssd
153149 events for beam_dssd


********************************builddecay 3061 done!********************************************

start building time table for decay and beam in run=3062
439593 events for beta_dssd
104852 events for beam_dssd


********************************builddecay 3062 done!********************************************

start building time table for decay and beam in run=3063
584892 events for beta_dssd
147750 events for beam_dssd


********************************builddecay 3063 done!********************************************

start building time table for decay and beam in run=3064
614266 events for beta_dssd
145547 events for beam_dssd


********************************builddecay 3064 done!********************************************

start building time table for decay and beam in run=3065
599346 events for beta_dssd
140878 events for beam_dssd


********************************builddecay 3065 done!********************************************

start building time table for decay and beam in run=3066
618715 events for beta_dssd
147254 events for beam_dssd


********************************builddecay 3066 done!********************************************

start building time table for decay and beam in run=3067
668318 events for beta_dssd
153745 events for beam_dssd


********************************builddecay 3067 done!********************************************

start building time table for decay and beam in run=3068
53694 events for beta_dssd
10674 events for beam_dssd


********************************builddecay 3068 done!********************************************

start building time table for decay and beam in run=3069
556126 events for beta_dssd
0 events for beam_dssd


********************************builddecay 3069 done!********************************************

start building time table for decay and beam in run=3070
14627 events for beta_dssd
4562 events for beam_dssd


********************************builddecay 3070 done!********************************************

start building time table for decay and beam in run=3071
696688 events for beta_dssd
187350 events for beam_dssd


********************************builddecay 3071 done!********************************************

start building time table for decay and beam in run=3072
609642 events for beta_dssd
154668 events for beam_dssd


********************************builddecay 3072 done!********************************************

start building time table for decay and beam in run=3073
526061 events for beta_dssd
128423 events for beam_dssd


********************************builddecay 3073 done!********************************************

start building time table for decay and beam in run=3074
601345 events for beta_dssd
146164 events for beam_dssd


********************************builddecay 3074 done!********************************************

start building time table for decay and beam in run=3075
617134 events for beta_dssd
148538 events for beam_dssd


********************************builddecay 3075 done!********************************************

start building time table for decay and beam in run=3076
575738 events for beta_dssd
144618 events for beam_dssd


********************************builddecay 3076 done!********************************************

start building time table for decay and beam in run=3077
648145 events for beta_dssd
160973 events for beam_dssd


********************************builddecay 3077 done!********************************************

start building time table for decay and beam in run=3078
463975 events for beta_dssd
112279 events for beam_dssd


********************************builddecay 3078 done!********************************************

start building time table for decay and beam in run=3079
572496 events for beta_dssd
141833 events for beam_dssd


********************************builddecay 3079 done!********************************************

start building time table for decay and beam in run=3080
591836 events for beta_dssd
137155 events for beam_dssd


********************************builddecay 3080 done!********************************************

