make: “builddecay”是最新的。
start building time table for decay and beam in run=3030
547391 events for beta_dssd
145019 events for beam_dssd


********************************builddecay 3030 done!********************************************

start building time table for decay and beam in run=3031
457362 events for beta_dssd
113882 events for beam_dssd


********************************builddecay 3031 done!********************************************

start building time table for decay and beam in run=3032
258390 events for beta_dssd
54982 events for beam_dssd


********************************builddecay 3032 done!********************************************

start building time table for decay and beam in run=3033
442887 events for beta_dssd
110602 events for beam_dssd


********************************builddecay 3033 done!********************************************

start building time table for decay and beam in run=3034
352475 events for beta_dssd
89543 events for beam_dssd


********************************builddecay 3034 done!********************************************

start building time table for decay and beam in run=3035
4816 events for beta_dssd
915 events for beam_dssd


********************************builddecay 3035 done!********************************************

start building time table for decay and beam in run=3036
253707 events for beta_dssd
61923 events for beam_dssd


********************************builddecay 3036 done!********************************************

start building time table for decay and beam in run=3037
435104 events for beta_dssd
105133 events for beam_dssd


********************************builddecay 3037 done!********************************************

start building time table for decay and beam in run=3038
389699 events for beta_dssd
85767 events for beam_dssd


********************************builddecay 3038 done!********************************************

start building time table for decay and beam in run=3039
52773 events for beta_dssd
9716 events for beam_dssd


********************************builddecay 3039 done!********************************************

start building time table for decay and beam in run=3040
1383118 events for beta_dssd
0 events for beam_dssd


********************************builddecay 3040 done!********************************************

