make: “builddecay”是最新的。
start building time table for decay and beam in run=3080
591836 events for beta_dssd
137155 events for beam_dssd


********************************builddecay 3080 done!********************************************

start building time table for decay and beam in run=3081
655327 events for beta_dssd
155283 events for beam_dssd


********************************builddecay 3081 done!********************************************

start building time table for decay and beam in run=3082
153468 events for beta_dssd
37784 events for beam_dssd


********************************builddecay 3082 done!********************************************

start building time table for decay and beam in run=3083
598102 events for beta_dssd
157202 events for beam_dssd


********************************builddecay 3083 done!********************************************

start building time table for decay and beam in run=3084
560508 events for beta_dssd
137173 events for beam_dssd


********************************builddecay 3084 done!********************************************

start building time table for decay and beam in run=3085
403305 events for beta_dssd
94534 events for beam_dssd


********************************builddecay 3085 done!********************************************

start building time table for decay and beam in run=3086
595821 events for beta_dssd
149175 events for beam_dssd


********************************builddecay 3086 done!********************************************

start building time table for decay and beam in run=3087
660066 events for beta_dssd
169699 events for beam_dssd


********************************builddecay 3087 done!********************************************

start building time table for decay and beam in run=3088
712237 events for beta_dssd
180373 events for beam_dssd


********************************builddecay 3088 done!********************************************

start building time table for decay and beam in run=3089
178545 events for beta_dssd
43356 events for beam_dssd


********************************builddecay 3089 done!********************************************

start building time table for decay and beam in run=3090
621683 events for beta_dssd
50434 events for beam_dssd


********************************builddecay 3090 done!********************************************

