make: “builddecay”是最新的。
start building time table for decay and beam in run=3040
1383118 events for beta_dssd
0 events for beam_dssd


********************************builddecay 3040 done!********************************************

start building time table for decay and beam in run=3041
114918 events for beta_dssd
3392 events for beam_dssd


********************************builddecay 3041 done!********************************************

start building time table for decay and beam in run=3042
308133 events for beta_dssd
84484 events for beam_dssd


********************************builddecay 3042 done!********************************************

start building time table for decay and beam in run=3043
657705 events for beta_dssd
181627 events for beam_dssd


********************************builddecay 3043 done!********************************************

start building time table for decay and beam in run=3044
745990 events for beta_dssd
198185 events for beam_dssd


********************************builddecay 3044 done!********************************************

start building time table for decay and beam in run=3045
665461 events for beta_dssd
174600 events for beam_dssd


********************************builddecay 3045 done!********************************************

start building time table for decay and beam in run=3046
637957 events for beta_dssd
160136 events for beam_dssd


********************************builddecay 3046 done!********************************************

start building time table for decay and beam in run=3047
651799 events for beta_dssd
166249 events for beam_dssd


********************************builddecay 3047 done!********************************************

start building time table for decay and beam in run=3048
668585 events for beta_dssd
171125 events for beam_dssd


********************************builddecay 3048 done!********************************************

start building time table for decay and beam in run=3049
631094 events for beta_dssd
160686 events for beam_dssd


********************************builddecay 3049 done!********************************************

start building time table for decay and beam in run=3050
730256 events for beta_dssd
185680 events for beam_dssd


********************************builddecay 3050 done!********************************************

