make: “builddecay”是最新的。
start building time table for decay and beam in run=3100

 *** Break *** segmentation violation



===========================================================
There was a crash.
This is the entire stack trace of all threads:
===========================================================
#0  0x00007efdafb3241c in waitpid () from /lib64/libc.so.6
#1  0x00007efdafaaff12 in do_system () from /lib64/libc.so.6
#2  0x00007efdb526d371 in Exec (shellcmd=<optimized out>, this=<optimized out>) at /home/wuhongyi/root-6.16.00/core/unix/src/TUnixSystem.cxx:2119
#3  TUnixSystem::StackTrace (this=0x253e8f0) at /home/wuhongyi/root-6.16.00/core/unix/src/TUnixSystem.cxx:2413
#4  0x00007efdb526f984 in TUnixSystem::DispatchSignals (this=0x253e8f0, sig=kSigSegmentationViolation) at /home/wuhongyi/root-6.16.00/core/unix/src/TUnixSystem.cxx:3644
#5  <signal handler called>
#6  0x0000000000404a59 in decay::GetTsEntry(std::map<long long, long long, std::less<long long>, std::allocator<std::pair<long long const, long long> > >&, std::map<long long, long long, std::less<long long>, std::allocator<std::pair<long long const, long long> > >&) ()
#7  0x00000000004024da in main ()
===========================================================


The lines below might hint at the cause of the crash.
You may get help by asking at the ROOT forum http://root.cern.ch/forum
Only if you are really convinced it is a bug in ROOT then please submit a
report at http://root.cern.ch/bugs Please post the ENTIRE stack trace
from above as an attachment in addition to anything else
that might help us fixing this issue.
===========================================================
#6  0x0000000000404a59 in decay::GetTsEntry(std::map<long long, long long, std::less<long long>, std::allocator<std::pair<long long const, long long> > >&, std::map<long long, long long, std::less<long long>, std::allocator<std::pair<long long const, long long> > >&) ()
#7  0x00000000004024da in main ()
===========================================================


start building time table for decay and beam in run=3101
657194 events for beta_dssd
153952 events for beam_dssd


********************************builddecay 3101 done!********************************************

start building time table for decay and beam in run=3102
246632 events for beta_dssd
60485 events for beam_dssd


********************************builddecay 3102 done!********************************************

start building time table for decay and beam in run=3103
639791 events for beta_dssd
167733 events for beam_dssd


********************************builddecay 3103 done!********************************************

start building time table for decay and beam in run=3104
559822 events for beta_dssd
130618 events for beam_dssd


********************************builddecay 3104 done!********************************************

start building time table for decay and beam in run=3105
627458 events for beta_dssd
148893 events for beam_dssd


********************************builddecay 3105 done!********************************************

start building time table for decay and beam in run=3106
470772 events for beta_dssd
108413 events for beam_dssd


********************************builddecay 3106 done!********************************************

start building time table for decay and beam in run=3107
483163 events for beta_dssd
104281 events for beam_dssd


********************************builddecay 3107 done!********************************************

start building time table for decay and beam in run=3108
558123 events for beta_dssd
133698 events for beam_dssd


********************************builddecay 3108 done!********************************************

start building time table for decay and beam in run=3109
518688 events for beta_dssd
123758 events for beam_dssd


********************************builddecay 3109 done!********************************************

start building time table for decay and beam in run=3110
583662 events for beta_dssd
138596 events for beam_dssd


********************************builddecay 3110 done!********************************************

