make: “builddecay”是最新的。
start building time table for decay and beam in run=3010
315953 events for beta_dssd
78570 events for beam_dssd


********************************builddecay 3010 done!********************************************

start building time table for decay and beam in run=3011
142398 events for beta_dssd
37980 events for beam_dssd


********************************builddecay 3011 done!********************************************

start building time table for decay and beam in run=3012
430610 events for beta_dssd
112911 events for beam_dssd


********************************builddecay 3012 done!********************************************

start building time table for decay and beam in run=3013
545744 events for beta_dssd
143411 events for beam_dssd


********************************builddecay 3013 done!********************************************

start building time table for decay and beam in run=3014
654420 events for beta_dssd
169786 events for beam_dssd


********************************builddecay 3014 done!********************************************

start building time table for decay and beam in run=3015
583553 events for beta_dssd
148291 events for beam_dssd


********************************builddecay 3015 done!********************************************

start building time table for decay and beam in run=3016
589221 events for beta_dssd
150189 events for beam_dssd


********************************builddecay 3016 done!********************************************

start building time table for decay and beam in run=3017
637249 events for beta_dssd
159103 events for beam_dssd


********************************builddecay 3017 done!********************************************

start building time table for decay and beam in run=3018
539580 events for beta_dssd
128050 events for beam_dssd


********************************builddecay 3018 done!********************************************

start building time table for decay and beam in run=3019
336290 events for beta_dssd
77947 events for beam_dssd


********************************builddecay 3019 done!********************************************

start building time table for decay and beam in run=3020
572768 events for beta_dssd
148096 events for beam_dssd


********************************builddecay 3020 done!********************************************

