make: “builddecay”是最新的。
start building time table for decay and beam in run=3050
730256 events for beta_dssd
185680 events for beam_dssd


********************************builddecay 3050 done!********************************************

start building time table for decay and beam in run=3051
649898 events for beta_dssd
161078 events for beam_dssd


********************************builddecay 3051 done!********************************************

start building time table for decay and beam in run=3052
747816 events for beta_dssd
188261 events for beam_dssd


********************************builddecay 3052 done!********************************************

start building time table for decay and beam in run=3053
626737 events for beta_dssd
156816 events for beam_dssd


********************************builddecay 3053 done!********************************************

start building time table for decay and beam in run=3054
669317 events for beta_dssd
164747 events for beam_dssd


********************************builddecay 3054 done!********************************************

start building time table for decay and beam in run=3055
700185 events for beta_dssd
172399 events for beam_dssd


********************************builddecay 3055 done!********************************************

start building time table for decay and beam in run=3056
699035 events for beta_dssd
169469 events for beam_dssd


********************************builddecay 3056 done!********************************************

start building time table for decay and beam in run=3057
725036 events for beta_dssd
173324 events for beam_dssd


********************************builddecay 3057 done!********************************************

start building time table for decay and beam in run=3058
672174 events for beta_dssd
165079 events for beam_dssd


********************************builddecay 3058 done!********************************************

start building time table for decay and beam in run=3059
670143 events for beta_dssd
165329 events for beam_dssd


********************************builddecay 3059 done!********************************************

start building time table for decay and beam in run=3060
750334 events for beta_dssd
189670 events for beam_dssd


********************************builddecay 3060 done!********************************************

