make: “builddecay”是最新的。
start building time table for decay and beam in run=3020
572768 events for beta_dssd
148096 events for beam_dssd


********************************builddecay 3020 done!********************************************

start building time table for decay and beam in run=3021
678958 events for beta_dssd
173871 events for beam_dssd


********************************builddecay 3021 done!********************************************

start building time table for decay and beam in run=3022
649588 events for beta_dssd
160228 events for beam_dssd


********************************builddecay 3022 done!********************************************

start building time table for decay and beam in run=3023
473251 events for beta_dssd
101663 events for beam_dssd


********************************builddecay 3023 done!********************************************

start building time table for decay and beam in run=3024
167948 events for beta_dssd
38783 events for beam_dssd


********************************builddecay 3024 done!********************************************

start building time table for decay and beam in run=3025
481695 events for beta_dssd
119562 events for beam_dssd


********************************builddecay 3025 done!********************************************

start building time table for decay and beam in run=3026
47771 events for beta_dssd
5643 events for beam_dssd


********************************builddecay 3026 done!********************************************

start building time table for decay and beam in run=3027
52048 events for beta_dssd
14805 events for beam_dssd


********************************builddecay 3027 done!********************************************

start building time table for decay and beam in run=3028
465915 events for beta_dssd
119640 events for beam_dssd


********************************builddecay 3028 done!********************************************

start building time table for decay and beam in run=3029
4388 events for beta_dssd
0 events for beam_dssd


********************************builddecay 3029 done!********************************************

start building time table for decay and beam in run=3030
547391 events for beta_dssd
145019 events for beam_dssd


********************************builddecay 3030 done!********************************************

