make: `builddecay' is up to date.
start building time table for decay and beam in run=4100
859716 events for beta_dssd
173993 events for beam_dssd


********************************builddecay 4100 done!********************************************

start building time table for decay and beam in run=4101
702716 events for beta_dssd
128364 events for beam_dssd


********************************builddecay 4101 done!********************************************

start building time table for decay and beam in run=4102
647952 events for beta_dssd
108017 events for beam_dssd


********************************builddecay 4102 done!********************************************

start building time table for decay and beam in run=4103
637818 events for beta_dssd
107297 events for beam_dssd


********************************builddecay 4103 done!********************************************

start building time table for decay and beam in run=4104
610855 events for beta_dssd
102156 events for beam_dssd


********************************builddecay 4104 done!********************************************

start building time table for decay and beam in run=4105
532566 events for beta_dssd
90014 events for beam_dssd


********************************builddecay 4105 done!********************************************

start building time table for decay and beam in run=4106
516071 events for beta_dssd
82774 events for beam_dssd


********************************builddecay 4106 done!********************************************

start building time table for decay and beam in run=4107
106076 events for beta_dssd
15052 events for beam_dssd


********************************builddecay 4107 done!********************************************

start building time table for decay and beam in run=4108
570354 events for beta_dssd
97512 events for beam_dssd


********************************builddecay 4108 done!********************************************

start building time table for decay and beam in run=4109
546477 events for beta_dssd
92382 events for beam_dssd


********************************builddecay 4109 done!********************************************

start building time table for decay and beam in run=4110
327914 events for beta_dssd
53634 events for beam_dssd


********************************builddecay 4110 done!********************************************

start building time table for decay and beam in run=4111
612956 events for beta_dssd
102474 events for beam_dssd


********************************builddecay 4111 done!********************************************

start building time table for decay and beam in run=4112
492311 events for beta_dssd
80926 events for beam_dssd


********************************builddecay 4112 done!********************************************

start building time table for decay and beam in run=4113
433860 events for beta_dssd
70574 events for beam_dssd


********************************builddecay 4113 done!********************************************

start building time table for decay and beam in run=4114
545218 events for beta_dssd
90465 events for beam_dssd


********************************builddecay 4114 done!********************************************

start building time table for decay and beam in run=4115
16502 events for beta_dssd
1410 events for beam_dssd


********************************builddecay 4115 done!********************************************

start building time table for decay and beam in run=4116
579698 events for beta_dssd
99233 events for beam_dssd


********************************builddecay 4116 done!********************************************

start building time table for decay and beam in run=4117
613123 events for beta_dssd
101950 events for beam_dssd


********************************builddecay 4117 done!********************************************

start building time table for decay and beam in run=4118
438087 events for beta_dssd
72949 events for beam_dssd


********************************builddecay 4118 done!********************************************

start building time table for decay and beam in run=4119
534341 events for beta_dssd
87216 events for beam_dssd


********************************builddecay 4119 done!********************************************

start building time table for decay and beam in run=4120
631753 events for beta_dssd
106111 events for beam_dssd


********************************builddecay 4120 done!********************************************

start building time table for decay and beam in run=4121
121074 events for beta_dssd
18972 events for beam_dssd


********************************builddecay 4121 done!********************************************

start building time table for decay and beam in run=4122
491716 events for beta_dssd
81186 events for beam_dssd


********************************builddecay 4122 done!********************************************

start building time table for decay and beam in run=4123
484109 events for beta_dssd
78547 events for beam_dssd


********************************builddecay 4123 done!********************************************

start building time table for decay and beam in run=4124
489791 events for beta_dssd
75852 events for beam_dssd


********************************builddecay 4124 done!********************************************

start building time table for decay and beam in run=4125
223998 events for beta_dssd
35814 events for beam_dssd


********************************builddecay 4125 done!********************************************

