make: `builddecay' is up to date.
start building time table for decay and beam in run=4000
549337 events for beta_dssd
85622 events for beam_dssd


********************************builddecay 4000 done!********************************************

start building time table for decay and beam in run=4001
23608 events for beta_dssd
5505 events for beam_dssd


********************************builddecay 4001 done!********************************************

start building time table for decay and beam in run=4002
547975 events for beta_dssd
126201 events for beam_dssd


********************************builddecay 4002 done!********************************************

start building time table for decay and beam in run=4003
513604 events for beta_dssd
116706 events for beam_dssd


********************************builddecay 4003 done!********************************************

start building time table for decay and beam in run=4004
554001 events for beta_dssd
128136 events for beam_dssd


********************************builddecay 4004 done!********************************************

start building time table for decay and beam in run=4005
27527 events for beta_dssd
3859 events for beam_dssd


********************************builddecay 4005 done!********************************************

start building time table for decay and beam in run=4006
397195 events for beta_dssd
85340 events for beam_dssd


********************************builddecay 4006 done!********************************************

start building time table for decay and beam in run=4007
588785 events for beta_dssd
126718 events for beam_dssd


********************************builddecay 4007 done!********************************************

start building time table for decay and beam in run=4008
453052 events for beta_dssd
92343 events for beam_dssd


********************************builddecay 4008 done!********************************************

start building time table for decay and beam in run=4009
343543 events for beta_dssd
71187 events for beam_dssd


********************************builddecay 4009 done!********************************************

start building time table for decay and beam in run=4010
493778 events for beta_dssd
101970 events for beam_dssd


********************************builddecay 4010 done!********************************************

start building time table for decay and beam in run=4011
405968 events for beta_dssd
80340 events for beam_dssd


********************************builddecay 4011 done!********************************************

start building time table for decay and beam in run=4012
151740 events for beta_dssd
26905 events for beam_dssd


********************************builddecay 4012 done!********************************************

start building time table for decay and beam in run=4013
330960 events for beta_dssd
69492 events for beam_dssd


********************************builddecay 4013 done!********************************************

start building time table for decay and beam in run=4014
73332 events for beta_dssd
14856 events for beam_dssd


********************************builddecay 4014 done!********************************************

start building time table for decay and beam in run=4015
186335 events for beta_dssd
37107 events for beam_dssd


********************************builddecay 4015 done!********************************************

start building time table for decay and beam in run=4016
352894 events for beta_dssd
66177 events for beam_dssd


********************************builddecay 4016 done!********************************************

start building time table for decay and beam in run=4017
443062 events for beta_dssd
88218 events for beam_dssd


********************************builddecay 4017 done!********************************************

start building time table for decay and beam in run=4018
394731 events for beta_dssd
82556 events for beam_dssd


********************************builddecay 4018 done!********************************************

start building time table for decay and beam in run=4019
440811 events for beta_dssd
90898 events for beam_dssd


********************************builddecay 4019 done!********************************************

start building time table for decay and beam in run=4020
451280 events for beta_dssd
92629 events for beam_dssd


********************************builddecay 4020 done!********************************************

start building time table for decay and beam in run=4021
374989 events for beta_dssd
76565 events for beam_dssd


********************************builddecay 4021 done!********************************************

start building time table for decay and beam in run=4022
449892 events for beta_dssd
97391 events for beam_dssd


********************************builddecay 4022 done!********************************************

start building time table for decay and beam in run=4023
518818 events for beta_dssd
115041 events for beam_dssd


********************************builddecay 4023 done!********************************************

start building time table for decay and beam in run=4024
639353 events for beta_dssd
141524 events for beam_dssd


********************************builddecay 4024 done!********************************************

start building time table for decay and beam in run=4025
605128 events for beta_dssd
133313 events for beam_dssd


********************************builddecay 4025 done!********************************************

start building time table for decay and beam in run=4026
747897 events for beta_dssd
165677 events for beam_dssd


********************************builddecay 4026 done!********************************************

start building time table for decay and beam in run=4027
895247 events for beta_dssd
195702 events for beam_dssd


********************************builddecay 4027 done!********************************************

start building time table for decay and beam in run=4028
207845 events for beta_dssd
49930 events for beam_dssd


********************************builddecay 4028 done!********************************************

start building time table for decay and beam in run=4029
488338 events for beta_dssd
112483 events for beam_dssd


********************************builddecay 4029 done!********************************************

start building time table for decay and beam in run=4030
503969 events for beta_dssd
112913 events for beam_dssd


********************************builddecay 4030 done!********************************************

start building time table for decay and beam in run=4031
556407 events for beta_dssd
122283 events for beam_dssd


********************************builddecay 4031 done!********************************************

start building time table for decay and beam in run=4032
38770 events for beta_dssd
7041 events for beam_dssd


********************************builddecay 4032 done!********************************************

start building time table for decay and beam in run=4033
222875 events for beta_dssd
47924 events for beam_dssd


********************************builddecay 4033 done!********************************************

start building time table for decay and beam in run=4034
59677 events for beta_dssd
13524 events for beam_dssd


********************************builddecay 4034 done!********************************************

start building time table for decay and beam in run=4035
398418 events for beta_dssd
89324 events for beam_dssd


********************************builddecay 4035 done!********************************************

start building time table for decay and beam in run=4036
445092 events for beta_dssd
97261 events for beam_dssd


********************************builddecay 4036 done!********************************************

start building time table for decay and beam in run=4037
508876 events for beta_dssd
108772 events for beam_dssd


********************************builddecay 4037 done!********************************************

start building time table for decay and beam in run=4038
479473 events for beta_dssd
105069 events for beam_dssd


********************************builddecay 4038 done!********************************************

start building time table for decay and beam in run=4039
432669 events for beta_dssd
88644 events for beam_dssd


********************************builddecay 4039 done!********************************************

start building time table for decay and beam in run=4040
533788 events for beta_dssd
116092 events for beam_dssd


********************************builddecay 4040 done!********************************************

start building time table for decay and beam in run=4041
526731 events for beta_dssd
118812 events for beam_dssd


********************************builddecay 4041 done!********************************************

start building time table for decay and beam in run=4042
528513 events for beta_dssd
115175 events for beam_dssd


********************************builddecay 4042 done!********************************************

start building time table for decay and beam in run=4043
149791 events for beta_dssd
32093 events for beam_dssd


********************************builddecay 4043 done!********************************************

