make: `builddecay' is up to date.
start building time table for decay and beam in run=5000
619622 events for beta_dssd
0 events for beam_dssd


********************************builddecay 5000 done!********************************************

start building time table for decay and beam in run=5001
515750 events for beta_dssd
0 events for beam_dssd


********************************builddecay 5001 done!********************************************

start building time table for decay and beam in run=5002
647911 events for beta_dssd
0 events for beam_dssd


********************************builddecay 5002 done!********************************************

start building time table for decay and beam in run=5003
649836 events for beta_dssd
0 events for beam_dssd


********************************builddecay 5003 done!********************************************

start building time table for decay and beam in run=5004
423732 events for beta_dssd
0 events for beam_dssd


********************************builddecay 5004 done!********************************************

start building time table for decay and beam in run=5005
441930 events for beta_dssd
0 events for beam_dssd


********************************builddecay 5005 done!********************************************

start building time table for decay and beam in run=5006
572262 events for beta_dssd
0 events for beam_dssd


********************************builddecay 5006 done!********************************************

start building time table for decay and beam in run=5007
197247 events for beta_dssd
0 events for beam_dssd


********************************builddecay 5007 done!********************************************

start building time table for decay and beam in run=5008
542952 events for beta_dssd
0 events for beam_dssd


********************************builddecay 5008 done!********************************************

start building time table for decay and beam in run=5009
580851 events for beta_dssd
105417 events for beam_dssd


********************************builddecay 5009 done!********************************************

start building time table for decay and beam in run=5010
568612 events for beta_dssd
102669 events for beam_dssd


********************************builddecay 5010 done!********************************************

start building time table for decay and beam in run=5011
58492 events for beta_dssd
10975 events for beam_dssd


********************************builddecay 5011 done!********************************************

start building time table for decay and beam in run=5012
188254 events for beta_dssd
32956 events for beam_dssd


********************************builddecay 5012 done!********************************************

start building time table for decay and beam in run=5013
553112 events for beta_dssd
0 events for beam_dssd


********************************builddecay 5013 done!********************************************

start building time table for decay and beam in run=5014
480352 events for beta_dssd
84977 events for beam_dssd


********************************builddecay 5014 done!********************************************

start building time table for decay and beam in run=5015
577627 events for beta_dssd
106258 events for beam_dssd


********************************builddecay 5015 done!********************************************

start building time table for decay and beam in run=5016
551292 events for beta_dssd
0 events for beam_dssd


********************************builddecay 5016 done!********************************************

start building time table for decay and beam in run=5017
615688 events for beta_dssd
116469 events for beam_dssd


********************************builddecay 5017 done!********************************************

start building time table for decay and beam in run=5018
564662 events for beta_dssd
0 events for beam_dssd


********************************builddecay 5018 done!********************************************

start building time table for decay and beam in run=5019
559467 events for beta_dssd
0 events for beam_dssd


********************************builddecay 5019 done!********************************************

start building time table for decay and beam in run=5020
540905 events for beta_dssd
0 events for beam_dssd


********************************builddecay 5020 done!********************************************

start building time table for decay and beam in run=5021
540739 events for beta_dssd
0 events for beam_dssd


********************************builddecay 5021 done!********************************************

start building time table for decay and beam in run=5022
530767 events for beta_dssd
0 events for beam_dssd


********************************builddecay 5022 done!********************************************

start building time table for decay and beam in run=5023
663340 events for beta_dssd
0 events for beam_dssd


********************************builddecay 5023 done!********************************************

start building time table for decay and beam in run=5024
546213 events for beta_dssd
0 events for beam_dssd


********************************builddecay 5024 done!********************************************

start building time table for decay and beam in run=5025
546112 events for beta_dssd
0 events for beam_dssd


********************************builddecay 5025 done!********************************************

start building time table for decay and beam in run=5026
466017 events for beta_dssd
0 events for beam_dssd


********************************builddecay 5026 done!********************************************

start building time table for decay and beam in run=5027
533521 events for beta_dssd
0 events for beam_dssd


********************************builddecay 5027 done!********************************************

start building time table for decay and beam in run=5028
595511 events for beta_dssd
0 events for beam_dssd


********************************builddecay 5028 done!********************************************

start building time table for decay and beam in run=5029
578667 events for beta_dssd
0 events for beam_dssd


********************************builddecay 5029 done!********************************************

start building time table for decay and beam in run=5030
540780 events for beta_dssd
0 events for beam_dssd


********************************builddecay 5030 done!********************************************

start building time table for decay and beam in run=5031
491676 events for beta_dssd
0 events for beam_dssd


********************************builddecay 5031 done!********************************************

start building time table for decay and beam in run=5032
547638 events for beta_dssd
0 events for beam_dssd


********************************builddecay 5032 done!********************************************

start building time table for decay and beam in run=5033
580751 events for beta_dssd
0 events for beam_dssd


********************************builddecay 5033 done!********************************************

start building time table for decay and beam in run=5034
635004 events for beta_dssd
0 events for beam_dssd


********************************builddecay 5034 done!********************************************

start building time table for decay and beam in run=5035
538816 events for beta_dssd
0 events for beam_dssd


********************************builddecay 5035 done!********************************************

start building time table for decay and beam in run=5036
71066 events for beta_dssd
0 events for beam_dssd


********************************builddecay 5036 done!********************************************

start building time table for decay and beam in run=5037
546107 events for beta_dssd
0 events for beam_dssd


********************************builddecay 5037 done!********************************************

start building time table for decay and beam in run=5038
568735 events for beta_dssd
107063 events for beam_dssd


********************************builddecay 5038 done!********************************************

start building time table for decay and beam in run=5039
530234 events for beta_dssd
98847 events for beam_dssd


********************************builddecay 5039 done!********************************************

start building time table for decay and beam in run=5040
580255 events for beta_dssd
0 events for beam_dssd


********************************builddecay 5040 done!********************************************

start building time table for decay and beam in run=5041
1101078 events for beta_dssd
0 events for beam_dssd


********************************builddecay 5041 done!********************************************

start building time table for decay and beam in run=5042
394040 events for beta_dssd
72309 events for beam_dssd


********************************builddecay 5042 done!********************************************

start building time table for decay and beam in run=5043
116725 events for beta_dssd
0 events for beam_dssd


********************************builddecay 5043 done!********************************************

start building time table for decay and beam in run=5044
777758 events for beta_dssd
173350 events for beam_dssd


********************************builddecay 5044 done!********************************************

start building time table for decay and beam in run=5045
590732 events for beta_dssd
125990 events for beam_dssd


********************************builddecay 5045 done!********************************************

start building time table for decay and beam in run=5046
642357 events for beta_dssd
138763 events for beam_dssd


********************************builddecay 5046 done!********************************************

start building time table for decay and beam in run=5047
476160 events for beta_dssd
0 events for beam_dssd


********************************builddecay 5047 done!********************************************

start building time table for decay and beam in run=5048
665024 events for beta_dssd
0 events for beam_dssd


********************************builddecay 5048 done!********************************************

start building time table for decay and beam in run=5049
642532 events for beta_dssd
137070 events for beam_dssd


********************************builddecay 5049 done!********************************************

start building time table for decay and beam in run=5050
713747 events for beta_dssd
148864 events for beam_dssd


********************************builddecay 5050 done!********************************************

start building time table for decay and beam in run=5051
661032 events for beta_dssd
139181 events for beam_dssd


********************************builddecay 5051 done!********************************************

start building time table for decay and beam in run=5052
700639 events for beta_dssd
149146 events for beam_dssd


********************************builddecay 5052 done!********************************************

start building time table for decay and beam in run=5053
597685 events for beta_dssd
124779 events for beam_dssd


********************************builddecay 5053 done!********************************************

start building time table for decay and beam in run=5054
679784 events for beta_dssd
140156 events for beam_dssd


********************************builddecay 5054 done!********************************************

start building time table for decay and beam in run=5055
526767 events for beta_dssd
109899 events for beam_dssd


********************************builddecay 5055 done!********************************************

start building time table for decay and beam in run=5056
604544 events for beta_dssd
122960 events for beam_dssd


********************************builddecay 5056 done!********************************************

start building time table for decay and beam in run=5057
590480 events for beta_dssd
0 events for beam_dssd


********************************builddecay 5057 done!********************************************

start building time table for decay and beam in run=5058
671648 events for beta_dssd
0 events for beam_dssd


********************************builddecay 5058 done!********************************************

start building time table for decay and beam in run=5059
661244 events for beta_dssd
0 events for beam_dssd


********************************builddecay 5059 done!********************************************

start building time table for decay and beam in run=5060
556056 events for beta_dssd
0 events for beam_dssd


********************************builddecay 5060 done!********************************************

start building time table for decay and beam in run=5061
727215 events for beta_dssd
0 events for beam_dssd


********************************builddecay 5061 done!********************************************

start building time table for decay and beam in run=5062
689113 events for beta_dssd
0 events for beam_dssd


********************************builddecay 5062 done!********************************************

start building time table for decay and beam in run=5063
687738 events for beta_dssd
0 events for beam_dssd


********************************builddecay 5063 done!********************************************

start building time table for decay and beam in run=5064
537242 events for beta_dssd
0 events for beam_dssd


********************************builddecay 5064 done!********************************************

start building time table for decay and beam in run=5065
598752 events for beta_dssd
0 events for beam_dssd


********************************builddecay 5065 done!********************************************

start building time table for decay and beam in run=5066
625769 events for beta_dssd
0 events for beam_dssd


********************************builddecay 5066 done!********************************************

start building time table for decay and beam in run=5067
622549 events for beta_dssd
0 events for beam_dssd


********************************builddecay 5067 done!********************************************

start building time table for decay and beam in run=5068
644320 events for beta_dssd
0 events for beam_dssd


********************************builddecay 5068 done!********************************************

start building time table for decay and beam in run=5069
73036 events for beta_dssd
12140 events for beam_dssd


********************************builddecay 5069 done!********************************************

start building time table for decay and beam in run=5070
618443 events for beta_dssd
0 events for beam_dssd


********************************builddecay 5070 done!********************************************

start building time table for decay and beam in run=5071
612290 events for beta_dssd
0 events for beam_dssd


********************************builddecay 5071 done!********************************************

start building time table for decay and beam in run=5072
599493 events for beta_dssd
0 events for beam_dssd


********************************builddecay 5072 done!********************************************

start building time table for decay and beam in run=5073
573407 events for beta_dssd
0 events for beam_dssd


********************************builddecay 5073 done!********************************************

start building time table for decay and beam in run=5074
174894 events for beta_dssd
33935 events for beam_dssd


********************************builddecay 5074 done!********************************************

start building time table for decay and beam in run=5075
554912 events for beta_dssd
0 events for beam_dssd


********************************builddecay 5075 done!********************************************

start building time table for decay and beam in run=5076
346409 events for beta_dssd
0 events for beam_dssd


********************************builddecay 5076 done!********************************************

start building time table for decay and beam in run=5077
619285 events for beta_dssd
0 events for beam_dssd


********************************builddecay 5077 done!********************************************

start building time table for decay and beam in run=5078
646824 events for beta_dssd
0 events for beam_dssd


********************************builddecay 5078 done!********************************************

start building time table for decay and beam in run=5079
603727 events for beta_dssd
0 events for beam_dssd


********************************builddecay 5079 done!********************************************

start building time table for decay and beam in run=5080
613033 events for beta_dssd
0 events for beam_dssd


********************************builddecay 5080 done!********************************************

start building time table for decay and beam in run=5081
249800 events for beta_dssd
0 events for beam_dssd


********************************builddecay 5081 done!********************************************

start building time table for decay and beam in run=5082
594711 events for beta_dssd
0 events for beam_dssd


********************************builddecay 5082 done!********************************************

start building time table for decay and beam in run=5083
305159 events for beta_dssd
0 events for beam_dssd


********************************builddecay 5083 done!********************************************

start building time table for decay and beam in run=5084
634439 events for beta_dssd
0 events for beam_dssd


********************************builddecay 5084 done!********************************************

start building time table for decay and beam in run=5085
112202 events for beta_dssd
0 events for beam_dssd


********************************builddecay 5085 done!********************************************

start building time table for decay and beam in run=5086
695039 events for beta_dssd
0 events for beam_dssd


********************************builddecay 5086 done!********************************************

start building time table for decay and beam in run=5087
716352 events for beta_dssd
0 events for beam_dssd


********************************builddecay 5087 done!********************************************

start building time table for decay and beam in run=5088
689044 events for beta_dssd
0 events for beam_dssd


********************************builddecay 5088 done!********************************************

start building time table for decay and beam in run=5089
749977 events for beta_dssd
0 events for beam_dssd


********************************builddecay 5089 done!********************************************

start building time table for decay and beam in run=5090
605318 events for beta_dssd
0 events for beam_dssd


********************************builddecay 5090 done!********************************************

start building time table for decay and beam in run=5091
637754 events for beta_dssd
0 events for beam_dssd


********************************builddecay 5091 done!********************************************

start building time table for decay and beam in run=5092
594748 events for beta_dssd
0 events for beam_dssd


********************************builddecay 5092 done!********************************************

start building time table for decay and beam in run=5093
362693 events for beta_dssd
0 events for beam_dssd


********************************builddecay 5093 done!********************************************

start building time table for decay and beam in run=5094
512360 events for beta_dssd
0 events for beam_dssd


********************************builddecay 5094 done!********************************************

start building time table for decay and beam in run=5095
539546 events for beta_dssd
0 events for beam_dssd


********************************builddecay 5095 done!********************************************

start building time table for decay and beam in run=5096
585584 events for beta_dssd
0 events for beam_dssd


********************************builddecay 5096 done!********************************************

start building time table for decay and beam in run=5097
575532 events for beta_dssd
0 events for beam_dssd


********************************builddecay 5097 done!********************************************

start building time table for decay and beam in run=5098
650190 events for beta_dssd
0 events for beam_dssd


********************************builddecay 5098 done!********************************************

start building time table for decay and beam in run=5099
518300 events for beta_dssd
0 events for beam_dssd


********************************builddecay 5099 done!********************************************

start building time table for decay and beam in run=5100
4959 events for beta_dssd
0 events for beam_dssd


********************************builddecay 5100 done!********************************************

start building time table for decay and beam in run=5101
584649 events for beta_dssd
0 events for beam_dssd


********************************builddecay 5101 done!********************************************

start building time table for decay and beam in run=5102
904063 events for beta_dssd
0 events for beam_dssd


********************************builddecay 5102 done!********************************************

start building time table for decay and beam in run=5103
769903 events for beta_dssd
0 events for beam_dssd


********************************builddecay 5103 done!********************************************

start building time table for decay and beam in run=5104
556055 events for beta_dssd
105180 events for beam_dssd


********************************builddecay 5104 done!********************************************

start building time table for decay and beam in run=5105
497507 events for beta_dssd
0 events for beam_dssd


********************************builddecay 5105 done!********************************************

start building time table for decay and beam in run=5106
566597 events for beta_dssd
0 events for beam_dssd


********************************builddecay 5106 done!********************************************

start building time table for decay and beam in run=5107
589270 events for beta_dssd
0 events for beam_dssd


********************************builddecay 5107 done!********************************************

start building time table for decay and beam in run=5108
563262 events for beta_dssd
0 events for beam_dssd


********************************builddecay 5108 done!********************************************

start building time table for decay and beam in run=5109
556687 events for beta_dssd
108347 events for beam_dssd


********************************builddecay 5109 done!********************************************

start building time table for decay and beam in run=5110
398755 events for beta_dssd
77002 events for beam_dssd


********************************builddecay 5110 done!********************************************

start building time table for decay and beam in run=5111
535811 events for beta_dssd
0 events for beam_dssd


********************************builddecay 5111 done!********************************************

start building time table for decay and beam in run=5112
559580 events for beta_dssd
0 events for beam_dssd


********************************builddecay 5112 done!********************************************

start building time table for decay and beam in run=5113
544648 events for beta_dssd
0 events for beam_dssd


********************************builddecay 5113 done!********************************************

start building time table for decay and beam in run=5114
678444 events for beta_dssd
0 events for beam_dssd


********************************builddecay 5114 done!********************************************

start building time table for decay and beam in run=5115
604546 events for beta_dssd
125946 events for beam_dssd


********************************builddecay 5115 done!********************************************

start building time table for decay and beam in run=5116
544740 events for beta_dssd
0 events for beam_dssd


********************************builddecay 5116 done!********************************************

start building time table for decay and beam in run=5117
391443 events for beta_dssd
0 events for beam_dssd


********************************builddecay 5117 done!********************************************

start building time table for decay and beam in run=5118
136293 events for beta_dssd
0 events for beam_dssd


********************************builddecay 5118 done!********************************************

start building time table for decay and beam in run=5119
707904 events for beta_dssd
0 events for beam_dssd


********************************builddecay 5119 done!********************************************

start building time table for decay and beam in run=5120
581962 events for beta_dssd
0 events for beam_dssd


********************************builddecay 5120 done!********************************************

start building time table for decay and beam in run=5121
555810 events for beta_dssd
108427 events for beam_dssd


********************************builddecay 5121 done!********************************************

start building time table for decay and beam in run=5122
239077 events for beta_dssd
0 events for beam_dssd


********************************builddecay 5122 done!********************************************

start building time table for decay and beam in run=5123
528385 events for beta_dssd
101740 events for beam_dssd


********************************builddecay 5123 done!********************************************

start building time table for decay and beam in run=5124
544308 events for beta_dssd
0 events for beam_dssd


********************************builddecay 5124 done!********************************************

start building time table for decay and beam in run=5125
548313 events for beta_dssd
0 events for beam_dssd


********************************builddecay 5125 done!********************************************

start building time table for decay and beam in run=5126
545520 events for beta_dssd
0 events for beam_dssd


********************************builddecay 5126 done!********************************************

start building time table for decay and beam in run=5127
561067 events for beta_dssd
109583 events for beam_dssd


********************************builddecay 5127 done!********************************************

start building time table for decay and beam in run=5128
561419 events for beta_dssd
0 events for beam_dssd


********************************builddecay 5128 done!********************************************

start building time table for decay and beam in run=5129
530676 events for beta_dssd
103878 events for beam_dssd


********************************builddecay 5129 done!********************************************

start building time table for decay and beam in run=5130
570804 events for beta_dssd
112173 events for beam_dssd


********************************builddecay 5130 done!********************************************

start building time table for decay and beam in run=5131
516762 events for beta_dssd
101021 events for beam_dssd


********************************builddecay 5131 done!********************************************

start building time table for decay and beam in run=5132
568526 events for beta_dssd
0 events for beam_dssd


********************************builddecay 5132 done!********************************************

start building time table for decay and beam in run=5133
556865 events for beta_dssd
108795 events for beam_dssd


********************************builddecay 5133 done!********************************************

start building time table for decay and beam in run=5134
544229 events for beta_dssd
106914 events for beam_dssd


********************************builddecay 5134 done!********************************************

start building time table for decay and beam in run=5135
509225 events for beta_dssd
98337 events for beam_dssd


********************************builddecay 5135 done!********************************************

start building time table for decay and beam in run=5136
546761 events for beta_dssd
104387 events for beam_dssd


********************************builddecay 5136 done!********************************************

start building time table for decay and beam in run=5137
512038 events for beta_dssd
0 events for beam_dssd


********************************builddecay 5137 done!********************************************

start building time table for decay and beam in run=5138
196997 events for beta_dssd
0 events for beam_dssd


********************************builddecay 5138 done!********************************************

