make: “combine”是最新的。
Warning in <TClass::Init>: no dictionary for class TArtEventInfo is available
Warning in <TClass::Init>: no dictionary for class TEURICAUnpackEvent is available
Warning in <TClass::Init>: no dictionary for class TGo4EventElement is available
Warning in <TClass::Init>: no dictionary for class TArtGeCluster is available
Warning in <TClass::Init>: no dictionary for class TArtDataObject is available
Warning in <TClass::Init>: no dictionary for class TArtBigRIPSEURICA is available
Warning in <TClass::Init>: no dictionary for class TArtPPAC is available
Warning in <TClass::Init>: no dictionary for class TArtPlastic is available
Warning in <TClass::Init>: no dictionary for class TArtIC is available
Warning in <TClass::Init>: no dictionary for class TArtFocalPlane is available
Warning in <TClass::Init>: no dictionary for class TArtTOF is available
Warning in <TClass::Init>: no dictionary for class TArtRIPS is available
Warning in <TClass::Init>: no dictionary for class TArtBeam is available
complete ts mapping for DSSD
complete ts mapping for Eurica
complete ts mapping for BigRIPS
713311 events for dssd
547410 events for beta_dssd
165901 events for beam_dssd
189226 events for bigrips
713600 events for gamma
nentries = 712739 for dssd x gamma,99% of dssd in run=3030
nentries = 165552 for dssd x bigrips,23% of dssd in run=3030
fake events:365


***************************combine 3030 done!****************************

Warning in <TClass::Init>: no dictionary for class TArtEventInfo is available
Warning in <TClass::Init>: no dictionary for class TEURICAUnpackEvent is available
Warning in <TClass::Init>: no dictionary for class TGo4EventElement is available
Warning in <TClass::Init>: no dictionary for class TArtGeCluster is available
Warning in <TClass::Init>: no dictionary for class TArtDataObject is available
Warning in <TClass::Init>: no dictionary for class TArtBigRIPSEURICA is available
Warning in <TClass::Init>: no dictionary for class TArtPPAC is available
Warning in <TClass::Init>: no dictionary for class TArtPlastic is available
Warning in <TClass::Init>: no dictionary for class TArtIC is available
Warning in <TClass::Init>: no dictionary for class TArtFocalPlane is available
Warning in <TClass::Init>: no dictionary for class TArtTOF is available
Warning in <TClass::Init>: no dictionary for class TArtRIPS is available
Warning in <TClass::Init>: no dictionary for class TArtBeam is available
complete ts mapping for DSSD
complete ts mapping for Eurica
complete ts mapping for BigRIPS
587555 events for dssd
457378 events for beta_dssd
130177 events for beam_dssd
148242 events for bigrips
587456 events for gamma
nentries = 586720 for dssd x gamma,99% of dssd in run=3031
nentries = 129886 for dssd x bigrips,22% of dssd in run=3031
fake events:309


***************************combine 3031 done!****************************

Warning in <TClass::Init>: no dictionary for class TArtEventInfo is available
Warning in <TClass::Init>: no dictionary for class TEURICAUnpackEvent is available
Warning in <TClass::Init>: no dictionary for class TGo4EventElement is available
Warning in <TClass::Init>: no dictionary for class TArtGeCluster is available
Warning in <TClass::Init>: no dictionary for class TArtDataObject is available
Warning in <TClass::Init>: no dictionary for class TArtBigRIPSEURICA is available
Warning in <TClass::Init>: no dictionary for class TArtPPAC is available
Warning in <TClass::Init>: no dictionary for class TArtPlastic is available
Warning in <TClass::Init>: no dictionary for class TArtIC is available
Warning in <TClass::Init>: no dictionary for class TArtFocalPlane is available
Warning in <TClass::Init>: no dictionary for class TArtTOF is available
Warning in <TClass::Init>: no dictionary for class TArtRIPS is available
Warning in <TClass::Init>: no dictionary for class TArtBeam is available
complete ts mapping for DSSD
complete ts mapping for Eurica
complete ts mapping for BigRIPS
321370 events for dssd
258395 events for beta_dssd
62975 events for beam_dssd
69786 events for bigrips
321568 events for gamma
nentries = 321136 for dssd x gamma,99% of dssd in run=3032
nentries = 62770 for dssd x bigrips,19% of dssd in run=3032
fake events:211


***************************combine 3032 done!****************************

Warning in <TClass::Init>: no dictionary for class TArtEventInfo is available
Warning in <TClass::Init>: no dictionary for class TEURICAUnpackEvent is available
Warning in <TClass::Init>: no dictionary for class TGo4EventElement is available
Warning in <TClass::Init>: no dictionary for class TArtGeCluster is available
Warning in <TClass::Init>: no dictionary for class TArtDataObject is available
Warning in <TClass::Init>: no dictionary for class TArtBigRIPSEURICA is available
Warning in <TClass::Init>: no dictionary for class TArtPPAC is available
Warning in <TClass::Init>: no dictionary for class TArtPlastic is available
Warning in <TClass::Init>: no dictionary for class TArtIC is available
Warning in <TClass::Init>: no dictionary for class TArtFocalPlane is available
Warning in <TClass::Init>: no dictionary for class TArtTOF is available
Warning in <TClass::Init>: no dictionary for class TArtRIPS is available
Warning in <TClass::Init>: no dictionary for class TArtBeam is available
complete ts mapping for DSSD
complete ts mapping for Eurica
complete ts mapping for BigRIPS
569433 events for dssd
442897 events for beta_dssd
126536 events for beam_dssd
143294 events for bigrips
569120 events for gamma
nentries = 568474 for dssd x gamma,99% of dssd in run=3033
nentries = 126317 for dssd x bigrips,22% of dssd in run=3033
fake events:229


***************************combine 3033 done!****************************

Warning in <TClass::Init>: no dictionary for class TArtEventInfo is available
Warning in <TClass::Init>: no dictionary for class TEURICAUnpackEvent is available
Warning in <TClass::Init>: no dictionary for class TGo4EventElement is available
Warning in <TClass::Init>: no dictionary for class TArtGeCluster is available
Warning in <TClass::Init>: no dictionary for class TArtDataObject is available
Warning in <TClass::Init>: no dictionary for class TArtBigRIPSEURICA is available
Warning in <TClass::Init>: no dictionary for class TArtPPAC is available
Warning in <TClass::Init>: no dictionary for class TArtPlastic is available
Warning in <TClass::Init>: no dictionary for class TArtIC is available
Warning in <TClass::Init>: no dictionary for class TArtFocalPlane is available
Warning in <TClass::Init>: no dictionary for class TArtTOF is available
Warning in <TClass::Init>: no dictionary for class TArtRIPS is available
Warning in <TClass::Init>: no dictionary for class TArtBeam is available
complete ts mapping for DSSD
complete ts mapping for Eurica
complete ts mapping for BigRIPS
455068 events for dssd
352482 events for beta_dssd
102586 events for beam_dssd
117444 events for bigrips
454896 events for gamma
nentries = 454280 for dssd x gamma,99% of dssd in run=3034
nentries = 102336 for dssd x bigrips,22% of dssd in run=3034
fake events:262


***************************combine 3034 done!****************************

Warning in <TClass::Init>: no dictionary for class TArtEventInfo is available
Warning in <TClass::Init>: no dictionary for class TEURICAUnpackEvent is available
Warning in <TClass::Init>: no dictionary for class TGo4EventElement is available
Warning in <TClass::Init>: no dictionary for class TArtGeCluster is available
Warning in <TClass::Init>: no dictionary for class TArtDataObject is available
Warning in <TClass::Init>: no dictionary for class TArtBigRIPSEURICA is available
Warning in <TClass::Init>: no dictionary for class TArtPPAC is available
Warning in <TClass::Init>: no dictionary for class TArtPlastic is available
Warning in <TClass::Init>: no dictionary for class TArtIC is available
Warning in <TClass::Init>: no dictionary for class TArtFocalPlane is available
Warning in <TClass::Init>: no dictionary for class TArtTOF is available
Warning in <TClass::Init>: no dictionary for class TArtRIPS is available
Warning in <TClass::Init>: no dictionary for class TArtBeam is available
complete ts mapping for DSSD
complete ts mapping for Eurica
complete ts mapping for BigRIPS
5891 events for dssd
4816 events for beta_dssd
1075 events for beam_dssd
1200 events for bigrips
5600 events for gamma
nentries = 5590 for dssd x gamma,94% of dssd in run=3035
nentries = 1061 for dssd x bigrips,18% of dssd in run=3035
fake events:14


***************************combine 3035 done!****************************

Warning in <TClass::Init>: no dictionary for class TArtEventInfo is available
Warning in <TClass::Init>: no dictionary for class TEURICAUnpackEvent is available
Warning in <TClass::Init>: no dictionary for class TGo4EventElement is available
Warning in <TClass::Init>: no dictionary for class TArtGeCluster is available
Warning in <TClass::Init>: no dictionary for class TArtDataObject is available
Warning in <TClass::Init>: no dictionary for class TArtBigRIPSEURICA is available
Warning in <TClass::Init>: no dictionary for class TArtPPAC is available
Warning in <TClass::Init>: no dictionary for class TArtPlastic is available
Warning in <TClass::Init>: no dictionary for class TArtIC is available
Warning in <TClass::Init>: no dictionary for class TArtFocalPlane is available
Warning in <TClass::Init>: no dictionary for class TArtTOF is available
Warning in <TClass::Init>: no dictionary for class TArtRIPS is available
Warning in <TClass::Init>: no dictionary for class TArtBeam is available
complete ts mapping for DSSD
complete ts mapping for Eurica
complete ts mapping for BigRIPS
324877 events for dssd
253722 events for beta_dssd
71155 events for beam_dssd
80611 events for bigrips
324976 events for gamma
nentries = 324562 for dssd x gamma,99% of dssd in run=3036
nentries = 70931 for dssd x bigrips,21% of dssd in run=3036
fake events:248


***************************combine 3036 done!****************************

Warning in <TClass::Init>: no dictionary for class TArtEventInfo is available
Warning in <TClass::Init>: no dictionary for class TEURICAUnpackEvent is available
Warning in <TClass::Init>: no dictionary for class TGo4EventElement is available
Warning in <TClass::Init>: no dictionary for class TArtGeCluster is available
Warning in <TClass::Init>: no dictionary for class TArtDataObject is available
Warning in <TClass::Init>: no dictionary for class TArtBigRIPSEURICA is available
Warning in <TClass::Init>: no dictionary for class TArtPPAC is available
Warning in <TClass::Init>: no dictionary for class TArtPlastic is available
Warning in <TClass::Init>: no dictionary for class TArtIC is available
Warning in <TClass::Init>: no dictionary for class TArtFocalPlane is available
Warning in <TClass::Init>: no dictionary for class TArtTOF is available
Warning in <TClass::Init>: no dictionary for class TArtRIPS is available
Warning in <TClass::Init>: no dictionary for class TArtBeam is available
complete ts mapping for DSSD
complete ts mapping for Eurica
complete ts mapping for BigRIPS
555464 events for dssd
435113 events for beta_dssd
120351 events for beam_dssd
135867 events for bigrips
555216 events for gamma
nentries = 554548 for dssd x gamma,99% of dssd in run=3037
nentries = 120022 for dssd x bigrips,21% of dssd in run=3037
fake events:339


***************************combine 3037 done!****************************

Warning in <TClass::Init>: no dictionary for class TArtEventInfo is available
Warning in <TClass::Init>: no dictionary for class TEURICAUnpackEvent is available
Warning in <TClass::Init>: no dictionary for class TGo4EventElement is available
Warning in <TClass::Init>: no dictionary for class TArtGeCluster is available
Warning in <TClass::Init>: no dictionary for class TArtDataObject is available
Warning in <TClass::Init>: no dictionary for class TArtBigRIPSEURICA is available
Warning in <TClass::Init>: no dictionary for class TArtPPAC is available
Warning in <TClass::Init>: no dictionary for class TArtPlastic is available
Warning in <TClass::Init>: no dictionary for class TArtIC is available
Warning in <TClass::Init>: no dictionary for class TArtFocalPlane is available
Warning in <TClass::Init>: no dictionary for class TArtTOF is available
Warning in <TClass::Init>: no dictionary for class TArtRIPS is available
Warning in <TClass::Init>: no dictionary for class TArtBeam is available
complete ts mapping for DSSD
complete ts mapping for Eurica
complete ts mapping for BigRIPS
487877 events for dssd
389704 events for beta_dssd
98173 events for beam_dssd
109735 events for bigrips
486880 events for gamma
nentries = 486405 for dssd x gamma,99% of dssd in run=3038
nentries = 98038 for dssd x bigrips,20% of dssd in run=3038
fake events:139


***************************combine 3038 done!****************************

Warning in <TClass::Init>: no dictionary for class TArtEventInfo is available
Warning in <TClass::Init>: no dictionary for class TEURICAUnpackEvent is available
Warning in <TClass::Init>: no dictionary for class TGo4EventElement is available
Warning in <TClass::Init>: no dictionary for class TArtGeCluster is available
Warning in <TClass::Init>: no dictionary for class TArtDataObject is available
Warning in <TClass::Init>: no dictionary for class TArtBigRIPSEURICA is available
Warning in <TClass::Init>: no dictionary for class TArtPPAC is available
Warning in <TClass::Init>: no dictionary for class TArtPlastic is available
Warning in <TClass::Init>: no dictionary for class TArtIC is available
Warning in <TClass::Init>: no dictionary for class TArtFocalPlane is available
Warning in <TClass::Init>: no dictionary for class TArtTOF is available
Warning in <TClass::Init>: no dictionary for class TArtRIPS is available
Warning in <TClass::Init>: no dictionary for class TArtBeam is available
complete ts mapping for DSSD
complete ts mapping for Eurica
complete ts mapping for BigRIPS
64026 events for dssd
52774 events for beta_dssd
11252 events for beam_dssd
12456 events for bigrips
63904 events for gamma
nentries = 63821 for dssd x gamma,99% of dssd in run=3039
nentries = 11143 for dssd x bigrips,17% of dssd in run=3039
fake events:109


***************************combine 3039 done!****************************

Warning in <TClass::Init>: no dictionary for class TArtEventInfo is available
Warning in <TClass::Init>: no dictionary for class TEURICAUnpackEvent is available
Warning in <TClass::Init>: no dictionary for class TGo4EventElement is available
Warning in <TClass::Init>: no dictionary for class TArtGeCluster is available
Warning in <TClass::Init>: no dictionary for class TArtDataObject is available
Warning in <TClass::Init>: no dictionary for class TArtBigRIPSEURICA is available
Warning in <TClass::Init>: no dictionary for class TArtPPAC is available
Warning in <TClass::Init>: no dictionary for class TArtPlastic is available
Warning in <TClass::Init>: no dictionary for class TArtIC is available
Warning in <TClass::Init>: no dictionary for class TArtFocalPlane is available
Warning in <TClass::Init>: no dictionary for class TArtTOF is available
Warning in <TClass::Init>: no dictionary for class TArtRIPS is available
Warning in <TClass::Init>: no dictionary for class TArtBeam is available
complete ts mapping for DSSD
complete ts mapping for Eurica
complete ts mapping for BigRIPS
1388445 events for dssd
1383118 events for beta_dssd
5327 events for beam_dssd
0 events for bigrips
1374080 events for gamma
nentries = 1373979 for dssd x gamma,98% of dssd in run=3040
nentries = 0 for dssd x bigrips,0% of dssd in run=3040
fake events:5327


***************************combine 3040 done!****************************

