make: “combine”是最新的。
Warning in <TClass::Init>: no dictionary for class TArtEventInfo is available
Warning in <TClass::Init>: no dictionary for class TEURICAUnpackEvent is available
Warning in <TClass::Init>: no dictionary for class TGo4EventElement is available
Warning in <TClass::Init>: no dictionary for class TArtGeCluster is available
Warning in <TClass::Init>: no dictionary for class TArtDataObject is available
Warning in <TClass::Init>: no dictionary for class TArtBigRIPSEURICA is available
Warning in <TClass::Init>: no dictionary for class TArtPPAC is available
Warning in <TClass::Init>: no dictionary for class TArtPlastic is available
Warning in <TClass::Init>: no dictionary for class TArtIC is available
Warning in <TClass::Init>: no dictionary for class TArtFocalPlane is available
Warning in <TClass::Init>: no dictionary for class TArtTOF is available
Warning in <TClass::Init>: no dictionary for class TArtRIPS is available
Warning in <TClass::Init>: no dictionary for class TArtBeam is available
complete ts mapping for DSSD
complete ts mapping for Eurica
complete ts mapping for BigRIPS
742238 events for dssd
572790 events for beta_dssd
169448 events for beam_dssd
197094 events for bigrips
742624 events for gamma
nentries = 741792 for dssd x gamma,99% of dssd in run=3020
nentries = 169048 for dssd x bigrips,22% of dssd in run=3020
fake events:432


***************************combine 3020 done!****************************

Warning in <TClass::Init>: no dictionary for class TArtEventInfo is available
Warning in <TClass::Init>: no dictionary for class TEURICAUnpackEvent is available
Warning in <TClass::Init>: no dictionary for class TGo4EventElement is available
Warning in <TClass::Init>: no dictionary for class TArtGeCluster is available
Warning in <TClass::Init>: no dictionary for class TArtDataObject is available
Warning in <TClass::Init>: no dictionary for class TArtBigRIPSEURICA is available
Warning in <TClass::Init>: no dictionary for class TArtPPAC is available
Warning in <TClass::Init>: no dictionary for class TArtPlastic is available
Warning in <TClass::Init>: no dictionary for class TArtIC is available
Warning in <TClass::Init>: no dictionary for class TArtFocalPlane is available
Warning in <TClass::Init>: no dictionary for class TArtTOF is available
Warning in <TClass::Init>: no dictionary for class TArtRIPS is available
Warning in <TClass::Init>: no dictionary for class TArtBeam is available
complete ts mapping for DSSD
complete ts mapping for Eurica
complete ts mapping for BigRIPS
877530 events for dssd
678981 events for beta_dssd
198549 events for beam_dssd
233606 events for bigrips
877616 events for gamma
nentries = 876408 for dssd x gamma,99% of dssd in run=3021
nentries = 198092 for dssd x bigrips,22% of dssd in run=3021
fake events:489


***************************combine 3021 done!****************************

Warning in <TClass::Init>: no dictionary for class TArtEventInfo is available
Warning in <TClass::Init>: no dictionary for class TEURICAUnpackEvent is available
Warning in <TClass::Init>: no dictionary for class TGo4EventElement is available
Warning in <TClass::Init>: no dictionary for class TArtGeCluster is available
Warning in <TClass::Init>: no dictionary for class TArtDataObject is available
Warning in <TClass::Init>: no dictionary for class TArtBigRIPSEURICA is available
Warning in <TClass::Init>: no dictionary for class TArtPPAC is available
Warning in <TClass::Init>: no dictionary for class TArtPlastic is available
Warning in <TClass::Init>: no dictionary for class TArtIC is available
Warning in <TClass::Init>: no dictionary for class TArtFocalPlane is available
Warning in <TClass::Init>: no dictionary for class TArtTOF is available
Warning in <TClass::Init>: no dictionary for class TArtRIPS is available
Warning in <TClass::Init>: no dictionary for class TArtBeam is available
complete ts mapping for DSSD
complete ts mapping for Eurica
complete ts mapping for BigRIPS
832330 events for dssd
649603 events for beta_dssd
182727 events for beam_dssd
213489 events for bigrips
833024 events for gamma
nentries = 831919 for dssd x gamma,99% of dssd in run=3022
nentries = 182184 for dssd x bigrips,21% of dssd in run=3022
fake events:565


***************************combine 3022 done!****************************

Warning in <TClass::Init>: no dictionary for class TArtEventInfo is available
Warning in <TClass::Init>: no dictionary for class TEURICAUnpackEvent is available
Warning in <TClass::Init>: no dictionary for class TGo4EventElement is available
Warning in <TClass::Init>: no dictionary for class TArtGeCluster is available
Warning in <TClass::Init>: no dictionary for class TArtDataObject is available
Warning in <TClass::Init>: no dictionary for class TArtBigRIPSEURICA is available
Warning in <TClass::Init>: no dictionary for class TArtPPAC is available
Warning in <TClass::Init>: no dictionary for class TArtPlastic is available
Warning in <TClass::Init>: no dictionary for class TArtIC is available
Warning in <TClass::Init>: no dictionary for class TArtFocalPlane is available
Warning in <TClass::Init>: no dictionary for class TArtTOF is available
Warning in <TClass::Init>: no dictionary for class TArtRIPS is available
Warning in <TClass::Init>: no dictionary for class TArtBeam is available
complete ts mapping for DSSD
complete ts mapping for Eurica
complete ts mapping for BigRIPS
589239 events for dssd
473267 events for beta_dssd
115972 events for beam_dssd
132417 events for bigrips
589712 events for gamma
nentries = 588944 for dssd x gamma,99% of dssd in run=3023
nentries = 115719 for dssd x bigrips,19% of dssd in run=3023
fake events:273


***************************combine 3023 done!****************************

Warning in <TClass::Init>: no dictionary for class TArtEventInfo is available
Warning in <TClass::Init>: no dictionary for class TEURICAUnpackEvent is available
Warning in <TClass::Init>: no dictionary for class TGo4EventElement is available
Warning in <TClass::Init>: no dictionary for class TArtGeCluster is available
Warning in <TClass::Init>: no dictionary for class TArtDataObject is available
Warning in <TClass::Init>: no dictionary for class TArtBigRIPSEURICA is available
Warning in <TClass::Init>: no dictionary for class TArtPPAC is available
Warning in <TClass::Init>: no dictionary for class TArtPlastic is available
Warning in <TClass::Init>: no dictionary for class TArtIC is available
Warning in <TClass::Init>: no dictionary for class TArtFocalPlane is available
Warning in <TClass::Init>: no dictionary for class TArtTOF is available
Warning in <TClass::Init>: no dictionary for class TArtRIPS is available
Warning in <TClass::Init>: no dictionary for class TArtBeam is available
complete ts mapping for DSSD
complete ts mapping for Eurica
complete ts mapping for BigRIPS
212508 events for dssd
167949 events for beta_dssd
44559 events for beam_dssd
49810 events for bigrips
212528 events for gamma
nentries = 212276 for dssd x gamma,99% of dssd in run=3024
nentries = 44302 for dssd x bigrips,20% of dssd in run=3024
fake events:259


***************************combine 3024 done!****************************

Warning in <TClass::Init>: no dictionary for class TArtEventInfo is available
Warning in <TClass::Init>: no dictionary for class TEURICAUnpackEvent is available
Warning in <TClass::Init>: no dictionary for class TGo4EventElement is available
Warning in <TClass::Init>: no dictionary for class TArtGeCluster is available
Warning in <TClass::Init>: no dictionary for class TArtDataObject is available
Warning in <TClass::Init>: no dictionary for class TArtBigRIPSEURICA is available
Warning in <TClass::Init>: no dictionary for class TArtPPAC is available
Warning in <TClass::Init>: no dictionary for class TArtPlastic is available
Warning in <TClass::Init>: no dictionary for class TArtIC is available
Warning in <TClass::Init>: no dictionary for class TArtFocalPlane is available
Warning in <TClass::Init>: no dictionary for class TArtTOF is available
Warning in <TClass::Init>: no dictionary for class TArtRIPS is available
Warning in <TClass::Init>: no dictionary for class TArtBeam is available
complete ts mapping for DSSD
complete ts mapping for Eurica
complete ts mapping for BigRIPS
619055 events for dssd
481710 events for beta_dssd
137345 events for beam_dssd
156350 events for bigrips
619296 events for gamma
nentries = 618560 for dssd x gamma,99% of dssd in run=3025
nentries = 136955 for dssd x bigrips,22% of dssd in run=3025
fake events:410


***************************combine 3025 done!****************************

Warning in <TClass::Init>: no dictionary for class TArtEventInfo is available
Warning in <TClass::Init>: no dictionary for class TEURICAUnpackEvent is available
Warning in <TClass::Init>: no dictionary for class TGo4EventElement is available
Warning in <TClass::Init>: no dictionary for class TArtGeCluster is available
Warning in <TClass::Init>: no dictionary for class TArtDataObject is available
Warning in <TClass::Init>: no dictionary for class TArtBigRIPSEURICA is available
Warning in <TClass::Init>: no dictionary for class TArtPPAC is available
Warning in <TClass::Init>: no dictionary for class TArtPlastic is available
Warning in <TClass::Init>: no dictionary for class TArtIC is available
Warning in <TClass::Init>: no dictionary for class TArtFocalPlane is available
Warning in <TClass::Init>: no dictionary for class TArtTOF is available
Warning in <TClass::Init>: no dictionary for class TArtRIPS is available
Warning in <TClass::Init>: no dictionary for class TArtBeam is available
complete ts mapping for DSSD
complete ts mapping for Eurica
complete ts mapping for BigRIPS
54258 events for dssd
47772 events for beta_dssd
6486 events for beam_dssd
6939 events for bigrips
54192 events for gamma
nentries = 54052 for dssd x gamma,99% of dssd in run=3026
nentries = 6413 for dssd x bigrips,11% of dssd in run=3026
fake events:75


***************************combine 3026 done!****************************

Warning in <TClass::Init>: no dictionary for class TArtEventInfo is available
Warning in <TClass::Init>: no dictionary for class TEURICAUnpackEvent is available
Warning in <TClass::Init>: no dictionary for class TGo4EventElement is available
Warning in <TClass::Init>: no dictionary for class TArtGeCluster is available
Warning in <TClass::Init>: no dictionary for class TArtDataObject is available
Warning in <TClass::Init>: no dictionary for class TArtBigRIPSEURICA is available
Warning in <TClass::Init>: no dictionary for class TArtPPAC is available
Warning in <TClass::Init>: no dictionary for class TArtPlastic is available
Warning in <TClass::Init>: no dictionary for class TArtIC is available
Warning in <TClass::Init>: no dictionary for class TArtFocalPlane is available
Warning in <TClass::Init>: no dictionary for class TArtTOF is available
Warning in <TClass::Init>: no dictionary for class TArtRIPS is available
Warning in <TClass::Init>: no dictionary for class TArtBeam is available
complete ts mapping for DSSD
complete ts mapping for Eurica
complete ts mapping for BigRIPS
69176 events for dssd
52051 events for beta_dssd
17125 events for beam_dssd
19512 events for bigrips
69008 events for gamma
nentries = 68885 for dssd x gamma,99% of dssd in run=3027
nentries = 16953 for dssd x bigrips,24% of dssd in run=3027
fake events:178


***************************combine 3027 done!****************************

Warning in <TClass::Init>: no dictionary for class TArtEventInfo is available
Warning in <TClass::Init>: no dictionary for class TEURICAUnpackEvent is available
Warning in <TClass::Init>: no dictionary for class TGo4EventElement is available
Warning in <TClass::Init>: no dictionary for class TArtGeCluster is available
Warning in <TClass::Init>: no dictionary for class TArtDataObject is available
Warning in <TClass::Init>: no dictionary for class TArtBigRIPSEURICA is available
Warning in <TClass::Init>: no dictionary for class TArtPPAC is available
Warning in <TClass::Init>: no dictionary for class TArtPlastic is available
Warning in <TClass::Init>: no dictionary for class TArtIC is available
Warning in <TClass::Init>: no dictionary for class TArtFocalPlane is available
Warning in <TClass::Init>: no dictionary for class TArtTOF is available
Warning in <TClass::Init>: no dictionary for class TArtRIPS is available
Warning in <TClass::Init>: no dictionary for class TArtBeam is available
complete ts mapping for DSSD
complete ts mapping for Eurica
complete ts mapping for BigRIPS
602975 events for dssd
465928 events for beta_dssd
137047 events for beam_dssd
156455 events for bigrips
602304 events for gamma
nentries = 601625 for dssd x gamma,99% of dssd in run=3028
nentries = 136636 for dssd x bigrips,22% of dssd in run=3028
fake events:425


***************************combine 3028 done!****************************

Warning in <TClass::Init>: no dictionary for class TArtEventInfo is available
Warning in <TClass::Init>: no dictionary for class TEURICAUnpackEvent is available
Warning in <TClass::Init>: no dictionary for class TGo4EventElement is available
Warning in <TClass::Init>: no dictionary for class TArtGeCluster is available
Warning in <TClass::Init>: no dictionary for class TArtDataObject is available
Warning in <TClass::Init>: no dictionary for class TArtBigRIPSEURICA is available
Warning in <TClass::Init>: no dictionary for class TArtPPAC is available
Warning in <TClass::Init>: no dictionary for class TArtPlastic is available
Warning in <TClass::Init>: no dictionary for class TArtIC is available
Warning in <TClass::Init>: no dictionary for class TArtFocalPlane is available
Warning in <TClass::Init>: no dictionary for class TArtTOF is available
Warning in <TClass::Init>: no dictionary for class TArtRIPS is available
Warning in <TClass::Init>: no dictionary for class TArtBeam is available
complete ts mapping for DSSD
complete ts mapping for Eurica
complete ts mapping for BigRIPS
4730 events for dssd
4388 events for beta_dssd
342 events for beam_dssd
285 events for bigrips
4912 events for gamma
nentries = 4575 for dssd x gamma,96% of dssd in run=3029
nentries = 263 for dssd x bigrips,5% of dssd in run=3029
fake events:79


***************************combine 3029 done!****************************

Warning in <TClass::Init>: no dictionary for class TArtEventInfo is available
Warning in <TClass::Init>: no dictionary for class TEURICAUnpackEvent is available
Warning in <TClass::Init>: no dictionary for class TGo4EventElement is available
Warning in <TClass::Init>: no dictionary for class TArtGeCluster is available
Warning in <TClass::Init>: no dictionary for class TArtDataObject is available
Warning in <TClass::Init>: no dictionary for class TArtBigRIPSEURICA is available
Warning in <TClass::Init>: no dictionary for class TArtPPAC is available
Warning in <TClass::Init>: no dictionary for class TArtPlastic is available
Warning in <TClass::Init>: no dictionary for class TArtIC is available
Warning in <TClass::Init>: no dictionary for class TArtFocalPlane is available
Warning in <TClass::Init>: no dictionary for class TArtTOF is available
Warning in <TClass::Init>: no dictionary for class TArtRIPS is available
Warning in <TClass::Init>: no dictionary for class TArtBeam is available
complete ts mapping for DSSD
complete ts mapping for Eurica
complete ts mapping for BigRIPS
713311 events for dssd
547410 events for beta_dssd
165901 events for beam_dssd
189226 events for bigrips
713600 events for gamma
nentries = 712739 for dssd x gamma,99% of dssd in run=3030
nentries = 165552 for dssd x bigrips,23% of dssd in run=3030
fake events:365


***************************combine 3030 done!****************************

