make: `seperate' is up to date.
zet=45  mass=121  run=1010
zet=45  mass=121  run=1011
zet=45  mass=121  run=1012
zet=45  mass=121  run=1013
zet=45  mass=121  run=1014
zet=45  mass=121  run=1015
zet=45  mass=121  run=1016
zet=45  mass=121  run=1017
zet=45  mass=121  run=1018
zet=45  mass=121  run=1019
zet=45  mass=121  run=1020
zet=45  mass=121  run=1021
zet=45  mass=121  run=1022
zet=45  mass=121  run=1023
zet=45  mass=121  run=1024
zet=45  mass=121  run=1025
zet=45  mass=121  run=1026
zet=45  mass=121  run=1027
zet=45  mass=121  run=1028
zet=45  mass=121  run=1029
zet=45  mass=121  run=1030
zet=45  mass=121  run=1031
zet=45  mass=121  run=1032
zet=45  mass=121  run=1033
zet=45  mass=121  run=1034
zet=45  mass=121  run=1035
zet=45  mass=121  run=1036
zet=45  mass=121  run=1037
zet=45  mass=121  run=1038
zet=45  mass=121  run=1039
zet=45  mass=121  run=1040
zet=45  mass=121  run=1041
zet=45  mass=121  run=1042
zet=45  mass=121  run=1043
zet=45  mass=121  run=1044
zet=45  mass=121  run=1045
zet=45  mass=121  run=1046
zet=45  mass=121  run=1047
zet=45  mass=121  run=1048
zet=45  mass=121  run=1049
zet=45  mass=121  run=1050
zet=45  mass=121  run=1051
zet=45  mass=121  run=1052
zet=45  mass=121  run=1053
zet=45  mass=121  run=1054
zet=45  mass=121  run=1055
zet=45  mass=121  run=1056
zet=45  mass=121  run=1057
zet=45  mass=121  run=1061
zet=45  mass=121  run=1062
zet=45  mass=121  run=1063
zet=45  mass=121  run=1064
zet=45  mass=121  run=1065
zet=45  mass=121  run=1066
zet=45  mass=121  run=1067
zet=45  mass=121  run=1068
zet=45  mass=121  run=1069
zet=45  mass=121  run=1070
zet=45  mass=121  run=1071
zet=45  mass=121  run=1072
zet=45  mass=121  run=1073
zet=45  mass=121  run=1074
zet=45  mass=121  run=1075
zet=45  mass=121  run=1076
zet=45  mass=121  run=1077
zet=45  mass=121  run=1078
zet=45  mass=121  run=1079
zet=45  mass=121  run=1080
zet=45  mass=121  run=1081
zet=45  mass=121  run=1082
zet=45  mass=121  run=1083
zet=45  mass=121  run=1084
zet=45  mass=121  run=1085
zet=45  mass=121  run=1086
zet=45  mass=121  run=1087
zet=45  mass=121  run=1088
zet=45  mass=121  run=1089
zet=45  mass=121  run=1090
zet=45  mass=121  run=1091
zet=45  mass=121  run=1092
zet=45  mass=121  run=1093
zet=45  mass=121  run=1094
zet=45  mass=121  run=1095
zet=45  mass=121  run=1096
zet=45  mass=121  run=1097
zet=45  mass=121  run=1098
zet=45  mass=121  run=1099
zet=45  mass=121  run=1100
zet=45  mass=121  run=1101
zet=45  mass=121  run=1102
zet=45  mass=121  run=1103
zet=45  mass=121  run=1104
zet=45  mass=121  run=1105
zet=45  mass=121  run=1106
zet=45  mass=121  run=1107
zet=45  mass=121  run=1108
zet=45  mass=121  run=1109
zet=45  mass=121  run=1110
zet=45  mass=121  run=1111
zet=45  mass=121  run=1112
zet=45  mass=121  run=1113
zet=45  mass=121  run=1114
zet=45  mass=121  run=1115
zet=45  mass=121  run=1116
zet=45  mass=121  run=1117
zet=45  mass=121  run=1118
zet=45  mass=121  run=1119
zet=45  mass=121  run=1120
zet=45  mass=121  run=1121
zet=45  mass=121  run=1122
zet=45  mass=121  run=1123
zet=45  mass=121  run=1124
zet=45  mass=121  run=1125
zet=45  mass=121  run=1126
zet=45  mass=121  run=1127
zet=45  mass=121  run=1128
zet=45  mass=121  run=1129
zet=45  mass=121  run=1130
zet=45  mass=121  run=1131
zet=45  mass=121  run=1132
zet=45  mass=121  run=1133
zet=45  mass=121  run=1134
zet=45  mass=121  run=1135
zet=45  mass=121  run=1136
zet=45  mass=121  run=1137
zet=45  mass=121  run=1138
zet=45  mass=121  run=1139
zet=45  mass=121  run=1140
zet=45  mass=121  run=1141
zet=45  mass=121  run=1142
zet=45  mass=121  run=1143
zet=45  mass=121  run=1144
zet=45  mass=121  run=1145
zet=45  mass=121  run=1146
zet=45  mass=121  run=1147
zet=45  mass=121  run=1148
zet=45  mass=121  run=1149
zet=45  mass=121  run=1150
zet=45  mass=121  run=1151
zet=45  mass=121  run=1152
zet=45  mass=121  run=1153
zet=45  mass=121  run=1154
zet=45  mass=121  run=1155
zet=45  mass=121  run=1156
zet=45  mass=121  run=1157
zet=45  mass=121  run=1158
zet=45  mass=121  run=1159
zet=45  mass=121  run=1160
zet=45  mass=121  run=1161
zet=45  mass=121  run=1162
zet=45  mass=121  run=1163
zet=45  mass=121  run=1164
zet=45  mass=121  run=1165
zet=45  mass=121  run=1166
zet=45  mass=121  run=1167
zet=45  mass=121  run=1168
zet=45  mass=121  run=1169
zet=45  mass=121  run=1170
zet=45  mass=121  run=2020
zet=45  mass=121  run=2021
zet=45  mass=121  run=2022
zet=45  mass=121  run=2023
zet=45  mass=121  run=2024
zet=45  mass=121  run=2025
zet=45  mass=121  run=2026
zet=45  mass=121  run=2027
zet=45  mass=121  run=2028
zet=45  mass=121  run=2029
zet=45  mass=121  run=2030
zet=45  mass=121  run=2031
zet=45  mass=121  run=2032
zet=45  mass=121  run=2033
zet=45  mass=121  run=2034
zet=45  mass=121  run=2036
zet=45  mass=121  run=2037
zet=45  mass=121  run=2038
zet=45  mass=121  run=2039
zet=45  mass=121  run=2040
zet=45  mass=121  run=2041
zet=45  mass=121  run=2042
zet=45  mass=121  run=2043
zet=45  mass=121  run=2044
zet=45  mass=121  run=2045
zet=45  mass=121  run=2046
zet=45  mass=121  run=2047
zet=45  mass=121  run=2049
zet=45  mass=121  run=2050
zet=45  mass=121  run=2051
zet=45  mass=121  run=2053
zet=45  mass=121  run=2054
zet=45  mass=121  run=2055
zet=45  mass=121  run=2056
zet=45  mass=121  run=2057
zet=45  mass=121  run=2058
zet=45  mass=121  run=2059
zet=45  mass=121  run=2060
zet=45  mass=121  run=2061
zet=45  mass=121  run=2062
zet=45  mass=121  run=2063
zet=45  mass=121  run=2064
zet=45  mass=121  run=2065
zet=45  mass=121  run=2066
zet=45  mass=121  run=2067
zet=45  mass=121  run=2068
zet=45  mass=121  run=2069
zet=45  mass=121  run=2070
zet=45  mass=121  run=2071
zet=45  mass=121  run=2072
zet=45  mass=121  run=2073
zet=45  mass=121  run=2074
zet=45  mass=121  run=2075
zet=45  mass=121  run=2076
zet=45  mass=121  run=2077
zet=45  mass=121  run=2078
zet=45  mass=121  run=2079
zet=45  mass=121  run=2080
zet=45  mass=121  run=2081
zet=45  mass=121  run=2082
zet=45  mass=121  run=2083
zet=45  mass=121  run=2084
zet=45  mass=121  run=2085
zet=45  mass=121  run=2086
zet=45  mass=121  run=2087
zet=45  mass=121  run=2088
zet=45  mass=121  run=2089
zet=45  mass=121  run=2090
zet=45  mass=121  run=2091
zet=45  mass=121  run=2092
zet=45  mass=121  run=2093
zet=45  mass=121  run=2094
zet=45  mass=121  run=2095
zet=45  mass=121  run=2096
zet=45  mass=121  run=2097
zet=45  mass=121  run=2098
zet=45  mass=121  run=2099
zet=45  mass=121  run=2100
zet=45  mass=121  run=2101
zet=45  mass=121  run=2102
zet=45  mass=121  run=2103
zet=45  mass=121  run=2104
zet=45  mass=121  run=2105
zet=45  mass=121  run=2106
zet=45  mass=121  run=2107
zet=45  mass=121  run=2108
zet=45  mass=121  run=2109
zet=45  mass=121  run=2110
zet=45  mass=121  run=2111
zet=45  mass=121  run=2112
zet=45  mass=121  run=2113
zet=45  mass=121  run=2114
zet=45  mass=121  run=2115
zet=45  mass=121  run=2116
zet=45  mass=121  run=2117
zet=45  mass=121  run=2118
zet=45  mass=121  run=2119
zet=45  mass=121  run=2120
zet=45  mass=121  run=2121
zet=45  mass=121  run=2122
zet=45  mass=121  run=2123
zet=45  mass=121  run=2124
zet=45  mass=121  run=2125
zet=45  mass=121  run=2126
zet=45  mass=121  run=2127
zet=45  mass=121  run=2128
zet=45  mass=121  run=2129
zet=45  mass=121  run=2130
zet=45  mass=121  run=2131
zet=45  mass=121  run=2132
zet=45  mass=121  run=2133
zet=45  mass=121  run=3000
zet=45  mass=121  run=3001
zet=45  mass=121  run=3002
zet=45  mass=121  run=3003
zet=45  mass=121  run=3004
zet=45  mass=121  run=3005
zet=45  mass=121  run=3006
zet=45  mass=121  run=3007
zet=45  mass=121  run=3008
zet=45  mass=121  run=3009
zet=45  mass=121  run=3010
zet=45  mass=121  run=3011
zet=45  mass=121  run=3012
zet=45  mass=121  run=3013
zet=45  mass=121  run=3014
zet=45  mass=121  run=3015
zet=45  mass=121  run=3016
zet=45  mass=121  run=3017
zet=45  mass=121  run=3018
zet=45  mass=121  run=3019
zet=45  mass=121  run=3020
zet=45  mass=121  run=3021
zet=45  mass=121  run=3022
zet=45  mass=121  run=3023
zet=45  mass=121  run=3024
zet=45  mass=121  run=3025
zet=45  mass=121  run=3026
zet=45  mass=121  run=3027
zet=45  mass=121  run=3028
zet=45  mass=121  run=3029
zet=45  mass=121  run=3030
zet=45  mass=121  run=3031
zet=45  mass=121  run=3032
zet=45  mass=121  run=3033
zet=45  mass=121  run=3034
zet=45  mass=121  run=3035
zet=45  mass=121  run=3036
zet=45  mass=121  run=3037
zet=45  mass=121  run=3038
zet=45  mass=121  run=3039
zet=45  mass=121  run=3040
zet=45  mass=121  run=3041
zet=45  mass=121  run=3042
zet=45  mass=121  run=3043
zet=45  mass=121  run=3044
zet=45  mass=121  run=3045
zet=45  mass=121  run=3046
zet=45  mass=121  run=3047
zet=45  mass=121  run=3048
zet=45  mass=121  run=3049
zet=45  mass=121  run=3050
zet=45  mass=121  run=3051
zet=45  mass=121  run=3052
zet=45  mass=121  run=3053
zet=45  mass=121  run=3054
zet=45  mass=121  run=3055
zet=45  mass=121  run=3056
zet=45  mass=121  run=3057
zet=45  mass=121  run=3058
zet=45  mass=121  run=3059
zet=45  mass=121  run=3060
zet=45  mass=121  run=3061
zet=45  mass=121  run=3062
zet=45  mass=121  run=3063
zet=45  mass=121  run=3064
zet=45  mass=121  run=3065
zet=45  mass=121  run=3066
zet=45  mass=121  run=3067
zet=45  mass=121  run=3068
zet=45  mass=121  run=3069
zet=45  mass=121  run=3070
zet=45  mass=121  run=3071
zet=45  mass=121  run=3072
zet=45  mass=121  run=3073
zet=45  mass=121  run=3074
zet=45  mass=121  run=3075
zet=45  mass=121  run=3076
zet=45  mass=121  run=3077
zet=45  mass=121  run=3078
zet=45  mass=121  run=3079
zet=45  mass=121  run=3080
zet=45  mass=121  run=3081
zet=45  mass=121  run=3082
zet=45  mass=121  run=3083
zet=45  mass=121  run=3084
zet=45  mass=121  run=3085
zet=45  mass=121  run=3086
zet=45  mass=121  run=3087
zet=45  mass=121  run=3088
zet=45  mass=121  run=3089
zet=45  mass=121  run=3090
zet=45  mass=121  run=3091
zet=45  mass=121  run=3092
zet=45  mass=121  run=3093
zet=45  mass=121  run=3094
zet=45  mass=121  run=3095
zet=45  mass=121  run=3096
zet=45  mass=121  run=3097
zet=45  mass=121  run=3098
zet=45  mass=121  run=3099
zet=45  mass=121  run=3101
zet=45  mass=121  run=3102
zet=45  mass=121  run=3103
zet=45  mass=121  run=3104
zet=45  mass=121  run=3105
zet=45  mass=121  run=3106
zet=45  mass=121  run=3107
zet=45  mass=121  run=3108
zet=45  mass=121  run=3109
zet=45  mass=121  run=3110
zet=45  mass=121  run=3111
zet=45  mass=121  run=3112
zet=45  mass=121  run=3113
zet=45  mass=121  run=3114
zet=45  mass=121  run=3115
zet=45  mass=121  run=3116
zet=45  mass=121  run=3117
zet=45  mass=121  run=3118
zet=45  mass=121  run=3119
zet=45  mass=121  run=3120
zet=45  mass=121  run=3121
zet=45  mass=121  run=4000
zet=45  mass=121  run=4001
zet=45  mass=121  run=4002
zet=45  mass=121  run=4003
zet=45  mass=121  run=4004
zet=45  mass=121  run=4005
zet=45  mass=121  run=4006
zet=45  mass=121  run=4007
zet=45  mass=121  run=4008
zet=45  mass=121  run=4009
zet=45  mass=121  run=4010
zet=45  mass=121  run=4011
zet=45  mass=121  run=4012
zet=45  mass=121  run=4013
zet=45  mass=121  run=4014
zet=45  mass=121  run=4015
zet=45  mass=121  run=4016
zet=45  mass=121  run=4017
zet=45  mass=121  run=4018
zet=45  mass=121  run=4019
zet=45  mass=121  run=4020
zet=45  mass=121  run=4021
zet=45  mass=121  run=4022
zet=45  mass=121  run=4023
zet=45  mass=121  run=4024
zet=45  mass=121  run=4025
zet=45  mass=121  run=4026
zet=45  mass=121  run=4027
zet=45  mass=121  run=4028
zet=45  mass=121  run=4029
zet=45  mass=121  run=4030
zet=45  mass=121  run=4031
zet=45  mass=121  run=4032
zet=45  mass=121  run=4033
zet=45  mass=121  run=4034
zet=45  mass=121  run=4035
zet=45  mass=121  run=4036
zet=45  mass=121  run=4037
zet=45  mass=121  run=4038
zet=45  mass=121  run=4039
zet=45  mass=121  run=4040
zet=45  mass=121  run=4041
zet=45  mass=121  run=4042
zet=45  mass=121  run=4043
zet=45  mass=121  run=4100
zet=45  mass=121  run=4101
zet=45  mass=121  run=4102
zet=45  mass=121  run=4103
zet=45  mass=121  run=4104
zet=45  mass=121  run=4105
zet=45  mass=121  run=4106
zet=45  mass=121  run=4107
zet=45  mass=121  run=4108
zet=45  mass=121  run=4109
zet=45  mass=121  run=4110
zet=45  mass=121  run=4111
zet=45  mass=121  run=4112
zet=45  mass=121  run=4113
zet=45  mass=121  run=4114
zet=45  mass=121  run=4115
zet=45  mass=121  run=4116
zet=45  mass=121  run=4117
zet=45  mass=121  run=4118
zet=45  mass=121  run=4119
zet=45  mass=121  run=4120
zet=45  mass=121  run=4121
zet=45  mass=121  run=4122
zet=45  mass=121  run=4123
zet=45  mass=121  run=4124
zet=45  mass=121  run=4125
zet=45  mass=121  run=5000
zet=45  mass=121  run=5001
zet=45  mass=121  run=5002
zet=45  mass=121  run=5003
zet=45  mass=121  run=5004
zet=45  mass=121  run=5005
zet=45  mass=121  run=5006
zet=45  mass=121  run=5007
zet=45  mass=121  run=5008
zet=45  mass=121  run=5009
zet=45  mass=121  run=5010
zet=45  mass=121  run=5011
zet=45  mass=121  run=5012
zet=45  mass=121  run=5013
zet=45  mass=121  run=5014
zet=45  mass=121  run=5015
zet=45  mass=121  run=5016
zet=45  mass=121  run=5017
zet=45  mass=121  run=5018
zet=45  mass=121  run=5019
zet=45  mass=121  run=5020
zet=45  mass=121  run=5021
zet=45  mass=121  run=5022
zet=45  mass=121  run=5023
zet=45  mass=121  run=5024
zet=45  mass=121  run=5025
zet=45  mass=121  run=5026
zet=45  mass=121  run=5027
zet=45  mass=121  run=5028
zet=45  mass=121  run=5029
zet=45  mass=121  run=5030
zet=45  mass=121  run=5031
zet=45  mass=121  run=5032
zet=45  mass=121  run=5033
zet=45  mass=121  run=5034
zet=45  mass=121  run=5035
zet=45  mass=121  run=5036
zet=45  mass=121  run=5037
zet=45  mass=121  run=5038
zet=45  mass=121  run=5039
zet=45  mass=121  run=5040
zet=45  mass=121  run=5041
zet=45  mass=121  run=5042
zet=45  mass=121  run=5043
zet=45  mass=121  run=5044
zet=45  mass=121  run=5045
zet=45  mass=121  run=5046
zet=45  mass=121  run=5047
zet=45  mass=121  run=5048
zet=45  mass=121  run=5049
zet=45  mass=121  run=5050
zet=45  mass=121  run=5051
zet=45  mass=121  run=5052
zet=45  mass=121  run=5053
zet=45  mass=121  run=5054
zet=45  mass=121  run=5055
zet=45  mass=121  run=5056
zet=45  mass=121  run=5057
zet=45  mass=121  run=5058
zet=45  mass=121  run=5059
zet=45  mass=121  run=5060
zet=45  mass=121  run=5061
zet=45  mass=121  run=5062
zet=45  mass=121  run=5063
zet=45  mass=121  run=5064
zet=45  mass=121  run=5065
zet=45  mass=121  run=5066
zet=45  mass=121  run=5067
zet=45  mass=121  run=5068
zet=45  mass=121  run=5069
zet=45  mass=121  run=5070
zet=45  mass=121  run=5071
zet=45  mass=121  run=5072
zet=45  mass=121  run=5073
zet=45  mass=121  run=5074
zet=45  mass=121  run=5075
zet=45  mass=121  run=5076
zet=45  mass=121  run=5077
zet=45  mass=121  run=5078
zet=45  mass=121  run=5079
zet=45  mass=121  run=5080
zet=45  mass=121  run=5081
zet=45  mass=121  run=5082
zet=45  mass=121  run=5083
zet=45  mass=121  run=5084
zet=45  mass=121  run=5085
zet=45  mass=121  run=5086
zet=45  mass=121  run=5087
zet=45  mass=121  run=5088
zet=45  mass=121  run=5089
zet=45  mass=121  run=5090
zet=45  mass=121  run=5091
zet=45  mass=121  run=5092
zet=45  mass=121  run=5093
zet=45  mass=121  run=5094
zet=45  mass=121  run=5095
zet=45  mass=121  run=5096
zet=45  mass=121  run=5097
zet=45  mass=121  run=5098
zet=45  mass=121  run=5099
zet=45  mass=121  run=5100
zet=45  mass=121  run=5101
zet=45  mass=121  run=5102
zet=45  mass=121  run=5103
zet=45  mass=121  run=5104
zet=45  mass=121  run=5105
zet=45  mass=121  run=5106
zet=45  mass=121  run=5107
zet=45  mass=121  run=5108
zet=45  mass=121  run=5109
zet=45  mass=121  run=5110
zet=45  mass=121  run=5111
zet=45  mass=121  run=5112
zet=45  mass=121  run=5113
zet=45  mass=121  run=5114
zet=45  mass=121  run=5115
zet=45  mass=121  run=5116
zet=45  mass=121  run=5117
zet=45  mass=121  run=5118
zet=45  mass=121  run=5119
zet=45  mass=121  run=5120
zet=45  mass=121  run=5121
zet=45  mass=121  run=5122
zet=45  mass=121  run=5123
zet=45  mass=121  run=5124
zet=45  mass=121  run=5125
zet=45  mass=121  run=5126
zet=45  mass=121  run=5127
zet=45  mass=121  run=5128
zet=45  mass=121  run=5129
zet=45  mass=121  run=5130
zet=45  mass=121  run=5131
zet=45  mass=121  run=5132
zet=45  mass=121  run=5133
zet=45  mass=121  run=5134
zet=45  mass=121  run=5135
zet=45  mass=121  run=5136
zet=45  mass=121  run=5137
zet=45  mass=121  run=5138
hadd Target file: ../SeperateData/decay45_121.root
hadd compression setting for all output: 1
hadd Source file 1: ../SeperateData/decay45_121_1010.root
hadd Source file 2: ../SeperateData/decay45_121_1011.root
hadd Source file 3: ../SeperateData/decay45_121_1012.root
hadd Source file 4: ../SeperateData/decay45_121_1013.root
hadd Source file 5: ../SeperateData/decay45_121_1014.root
hadd Source file 6: ../SeperateData/decay45_121_1015.root
hadd Source file 7: ../SeperateData/decay45_121_1016.root
hadd Source file 8: ../SeperateData/decay45_121_1017.root
hadd Source file 9: ../SeperateData/decay45_121_1018.root
hadd Source file 10: ../SeperateData/decay45_121_1019.root
hadd Source file 11: ../SeperateData/decay45_121_1020.root
hadd Source file 12: ../SeperateData/decay45_121_1021.root
hadd Source file 13: ../SeperateData/decay45_121_1022.root
hadd Source file 14: ../SeperateData/decay45_121_1023.root
hadd Source file 15: ../SeperateData/decay45_121_1024.root
hadd Source file 16: ../SeperateData/decay45_121_1025.root
hadd Source file 17: ../SeperateData/decay45_121_1026.root
hadd Source file 18: ../SeperateData/decay45_121_1027.root
hadd Source file 19: ../SeperateData/decay45_121_1028.root
hadd Source file 20: ../SeperateData/decay45_121_1029.root
hadd Source file 21: ../SeperateData/decay45_121_1030.root
hadd Source file 22: ../SeperateData/decay45_121_1031.root
hadd Source file 23: ../SeperateData/decay45_121_1032.root
hadd Source file 24: ../SeperateData/decay45_121_1033.root
hadd Source file 25: ../SeperateData/decay45_121_1034.root
hadd Source file 26: ../SeperateData/decay45_121_1035.root
hadd Source file 27: ../SeperateData/decay45_121_1036.root
hadd Source file 28: ../SeperateData/decay45_121_1037.root
hadd Source file 29: ../SeperateData/decay45_121_1038.root
hadd Source file 30: ../SeperateData/decay45_121_1039.root
hadd Source file 31: ../SeperateData/decay45_121_1040.root
hadd Source file 32: ../SeperateData/decay45_121_1041.root
hadd Source file 33: ../SeperateData/decay45_121_1042.root
hadd Source file 34: ../SeperateData/decay45_121_1043.root
hadd Source file 35: ../SeperateData/decay45_121_1044.root
hadd Source file 36: ../SeperateData/decay45_121_1045.root
hadd Source file 37: ../SeperateData/decay45_121_1046.root
hadd Source file 38: ../SeperateData/decay45_121_1047.root
hadd Source file 39: ../SeperateData/decay45_121_1048.root
hadd Source file 40: ../SeperateData/decay45_121_1049.root
hadd Source file 41: ../SeperateData/decay45_121_1050.root
hadd Source file 42: ../SeperateData/decay45_121_1051.root
hadd Source file 43: ../SeperateData/decay45_121_1052.root
hadd Source file 44: ../SeperateData/decay45_121_1053.root
hadd Source file 45: ../SeperateData/decay45_121_1054.root
hadd Source file 46: ../SeperateData/decay45_121_1055.root
hadd Source file 47: ../SeperateData/decay45_121_1056.root
hadd Source file 48: ../SeperateData/decay45_121_1057.root
hadd Source file 49: ../SeperateData/decay45_121_1061.root
hadd Source file 50: ../SeperateData/decay45_121_1062.root
hadd Source file 51: ../SeperateData/decay45_121_1063.root
hadd Source file 52: ../SeperateData/decay45_121_1064.root
hadd Source file 53: ../SeperateData/decay45_121_1065.root
hadd Source file 54: ../SeperateData/decay45_121_1066.root
hadd Source file 55: ../SeperateData/decay45_121_1067.root
hadd Source file 56: ../SeperateData/decay45_121_1068.root
hadd Source file 57: ../SeperateData/decay45_121_1069.root
hadd Source file 58: ../SeperateData/decay45_121_1070.root
hadd Source file 59: ../SeperateData/decay45_121_1071.root
hadd Source file 60: ../SeperateData/decay45_121_1072.root
hadd Source file 61: ../SeperateData/decay45_121_1073.root
hadd Source file 62: ../SeperateData/decay45_121_1074.root
hadd Source file 63: ../SeperateData/decay45_121_1075.root
hadd Source file 64: ../SeperateData/decay45_121_1076.root
hadd Source file 65: ../SeperateData/decay45_121_1077.root
hadd Source file 66: ../SeperateData/decay45_121_1078.root
hadd Source file 67: ../SeperateData/decay45_121_1079.root
hadd Source file 68: ../SeperateData/decay45_121_1080.root
hadd Source file 69: ../SeperateData/decay45_121_1081.root
hadd Source file 70: ../SeperateData/decay45_121_1082.root
hadd Source file 71: ../SeperateData/decay45_121_1083.root
hadd Source file 72: ../SeperateData/decay45_121_1084.root
hadd Source file 73: ../SeperateData/decay45_121_1085.root
hadd Source file 74: ../SeperateData/decay45_121_1086.root
hadd Source file 75: ../SeperateData/decay45_121_1087.root
hadd Source file 76: ../SeperateData/decay45_121_1088.root
hadd Source file 77: ../SeperateData/decay45_121_1089.root
hadd Source file 78: ../SeperateData/decay45_121_1090.root
hadd Source file 79: ../SeperateData/decay45_121_1091.root
hadd Source file 80: ../SeperateData/decay45_121_1092.root
hadd Source file 81: ../SeperateData/decay45_121_1093.root
hadd Source file 82: ../SeperateData/decay45_121_1094.root
hadd Source file 83: ../SeperateData/decay45_121_1095.root
hadd Source file 84: ../SeperateData/decay45_121_1096.root
hadd Source file 85: ../SeperateData/decay45_121_1097.root
hadd Source file 86: ../SeperateData/decay45_121_1098.root
hadd Source file 87: ../SeperateData/decay45_121_1099.root
hadd Source file 88: ../SeperateData/decay45_121_1100.root
hadd Source file 89: ../SeperateData/decay45_121_1101.root
hadd Source file 90: ../SeperateData/decay45_121_1102.root
hadd Source file 91: ../SeperateData/decay45_121_1103.root
hadd Source file 92: ../SeperateData/decay45_121_1104.root
hadd Source file 93: ../SeperateData/decay45_121_1105.root
hadd Source file 94: ../SeperateData/decay45_121_1106.root
hadd Source file 95: ../SeperateData/decay45_121_1107.root
hadd Source file 96: ../SeperateData/decay45_121_1108.root
hadd Source file 97: ../SeperateData/decay45_121_1109.root
hadd Source file 98: ../SeperateData/decay45_121_1110.root
hadd Source file 99: ../SeperateData/decay45_121_1111.root
hadd Source file 100: ../SeperateData/decay45_121_1112.root
hadd Source file 101: ../SeperateData/decay45_121_1113.root
hadd Source file 102: ../SeperateData/decay45_121_1114.root
hadd Source file 103: ../SeperateData/decay45_121_1115.root
hadd Source file 104: ../SeperateData/decay45_121_1116.root
hadd Source file 105: ../SeperateData/decay45_121_1117.root
hadd Source file 106: ../SeperateData/decay45_121_1118.root
hadd Source file 107: ../SeperateData/decay45_121_1119.root
hadd Source file 108: ../SeperateData/decay45_121_1120.root
hadd Source file 109: ../SeperateData/decay45_121_1121.root
hadd Source file 110: ../SeperateData/decay45_121_1122.root
hadd Source file 111: ../SeperateData/decay45_121_1123.root
hadd Source file 112: ../SeperateData/decay45_121_1124.root
hadd Source file 113: ../SeperateData/decay45_121_1125.root
hadd Source file 114: ../SeperateData/decay45_121_1126.root
hadd Source file 115: ../SeperateData/decay45_121_1127.root
hadd Source file 116: ../SeperateData/decay45_121_1128.root
hadd Source file 117: ../SeperateData/decay45_121_1129.root
hadd Source file 118: ../SeperateData/decay45_121_1130.root
hadd Source file 119: ../SeperateData/decay45_121_1131.root
hadd Source file 120: ../SeperateData/decay45_121_1132.root
hadd Source file 121: ../SeperateData/decay45_121_1133.root
hadd Source file 122: ../SeperateData/decay45_121_1134.root
hadd Source file 123: ../SeperateData/decay45_121_1135.root
hadd Source file 124: ../SeperateData/decay45_121_1136.root
hadd Source file 125: ../SeperateData/decay45_121_1137.root
hadd Source file 126: ../SeperateData/decay45_121_1138.root
hadd Source file 127: ../SeperateData/decay45_121_1139.root
hadd Source file 128: ../SeperateData/decay45_121_1140.root
hadd Source file 129: ../SeperateData/decay45_121_1141.root
hadd Source file 130: ../SeperateData/decay45_121_1142.root
hadd Source file 131: ../SeperateData/decay45_121_1143.root
hadd Source file 132: ../SeperateData/decay45_121_1144.root
hadd Source file 133: ../SeperateData/decay45_121_1145.root
hadd Source file 134: ../SeperateData/decay45_121_1146.root
hadd Source file 135: ../SeperateData/decay45_121_1147.root
hadd Source file 136: ../SeperateData/decay45_121_1148.root
hadd Source file 137: ../SeperateData/decay45_121_1149.root
hadd Source file 138: ../SeperateData/decay45_121_1150.root
hadd Source file 139: ../SeperateData/decay45_121_1151.root
hadd Source file 140: ../SeperateData/decay45_121_1152.root
hadd Source file 141: ../SeperateData/decay45_121_1153.root
hadd Source file 142: ../SeperateData/decay45_121_1154.root
hadd Source file 143: ../SeperateData/decay45_121_1155.root
hadd Source file 144: ../SeperateData/decay45_121_1156.root
hadd Source file 145: ../SeperateData/decay45_121_1157.root
hadd Source file 146: ../SeperateData/decay45_121_1158.root
hadd Source file 147: ../SeperateData/decay45_121_1159.root
hadd Source file 148: ../SeperateData/decay45_121_1160.root
hadd Source file 149: ../SeperateData/decay45_121_1161.root
hadd Source file 150: ../SeperateData/decay45_121_1162.root
hadd Source file 151: ../SeperateData/decay45_121_1163.root
hadd Source file 152: ../SeperateData/decay45_121_1164.root
hadd Source file 153: ../SeperateData/decay45_121_1165.root
hadd Source file 154: ../SeperateData/decay45_121_1166.root
hadd Source file 155: ../SeperateData/decay45_121_1167.root
hadd Source file 156: ../SeperateData/decay45_121_1168.root
hadd Source file 157: ../SeperateData/decay45_121_1169.root
hadd Source file 158: ../SeperateData/decay45_121_1170.root
hadd Source file 159: ../SeperateData/decay45_121_2020.root
hadd Source file 160: ../SeperateData/decay45_121_2021.root
hadd Source file 161: ../SeperateData/decay45_121_2022.root
hadd Source file 162: ../SeperateData/decay45_121_2023.root
hadd Source file 163: ../SeperateData/decay45_121_2024.root
hadd Source file 164: ../SeperateData/decay45_121_2025.root
hadd Source file 165: ../SeperateData/decay45_121_2026.root
hadd Source file 166: ../SeperateData/decay45_121_2027.root
hadd Source file 167: ../SeperateData/decay45_121_2028.root
hadd Source file 168: ../SeperateData/decay45_121_2029.root
hadd Source file 169: ../SeperateData/decay45_121_2030.root
hadd Source file 170: ../SeperateData/decay45_121_2031.root
hadd Source file 171: ../SeperateData/decay45_121_2032.root
hadd Source file 172: ../SeperateData/decay45_121_2033.root
hadd Source file 173: ../SeperateData/decay45_121_2034.root
hadd Source file 174: ../SeperateData/decay45_121_2036.root
hadd Source file 175: ../SeperateData/decay45_121_2037.root
hadd Source file 176: ../SeperateData/decay45_121_2038.root
hadd Source file 177: ../SeperateData/decay45_121_2039.root
hadd Source file 178: ../SeperateData/decay45_121_2040.root
hadd Source file 179: ../SeperateData/decay45_121_2041.root
hadd Source file 180: ../SeperateData/decay45_121_2042.root
hadd Source file 181: ../SeperateData/decay45_121_2043.root
hadd Source file 182: ../SeperateData/decay45_121_2044.root
hadd Source file 183: ../SeperateData/decay45_121_2045.root
hadd Source file 184: ../SeperateData/decay45_121_2046.root
hadd Source file 185: ../SeperateData/decay45_121_2047.root
hadd Source file 186: ../SeperateData/decay45_121_2049.root
hadd Source file 187: ../SeperateData/decay45_121_2050.root
hadd Source file 188: ../SeperateData/decay45_121_2051.root
hadd Source file 189: ../SeperateData/decay45_121_2053.root
hadd Source file 190: ../SeperateData/decay45_121_2054.root
hadd Source file 191: ../SeperateData/decay45_121_2055.root
hadd Source file 192: ../SeperateData/decay45_121_2056.root
hadd Source file 193: ../SeperateData/decay45_121_2057.root
hadd Source file 194: ../SeperateData/decay45_121_2058.root
hadd Source file 195: ../SeperateData/decay45_121_2059.root
hadd Source file 196: ../SeperateData/decay45_121_2060.root
hadd Source file 197: ../SeperateData/decay45_121_2061.root
hadd Source file 198: ../SeperateData/decay45_121_2062.root
hadd Source file 199: ../SeperateData/decay45_121_2063.root
hadd Source file 200: ../SeperateData/decay45_121_2064.root
hadd Source file 201: ../SeperateData/decay45_121_2065.root
hadd Source file 202: ../SeperateData/decay45_121_2066.root
hadd Source file 203: ../SeperateData/decay45_121_2067.root
hadd Source file 204: ../SeperateData/decay45_121_2068.root
hadd Source file 205: ../SeperateData/decay45_121_2069.root
hadd Source file 206: ../SeperateData/decay45_121_2070.root
hadd Source file 207: ../SeperateData/decay45_121_2071.root
hadd Source file 208: ../SeperateData/decay45_121_2072.root
hadd Source file 209: ../SeperateData/decay45_121_2073.root
hadd Source file 210: ../SeperateData/decay45_121_2074.root
hadd Source file 211: ../SeperateData/decay45_121_2075.root
hadd Source file 212: ../SeperateData/decay45_121_2076.root
hadd Source file 213: ../SeperateData/decay45_121_2077.root
hadd Source file 214: ../SeperateData/decay45_121_2078.root
hadd Source file 215: ../SeperateData/decay45_121_2079.root
hadd Source file 216: ../SeperateData/decay45_121_2080.root
hadd Source file 217: ../SeperateData/decay45_121_2081.root
hadd Source file 218: ../SeperateData/decay45_121_2082.root
hadd Source file 219: ../SeperateData/decay45_121_2083.root
hadd Source file 220: ../SeperateData/decay45_121_2084.root
hadd Source file 221: ../SeperateData/decay45_121_2085.root
hadd Source file 222: ../SeperateData/decay45_121_2086.root
hadd Source file 223: ../SeperateData/decay45_121_2087.root
hadd Source file 224: ../SeperateData/decay45_121_2088.root
hadd Source file 225: ../SeperateData/decay45_121_2089.root
hadd Source file 226: ../SeperateData/decay45_121_2090.root
hadd Source file 227: ../SeperateData/decay45_121_2091.root
hadd Source file 228: ../SeperateData/decay45_121_2092.root
hadd Source file 229: ../SeperateData/decay45_121_2093.root
hadd Source file 230: ../SeperateData/decay45_121_2094.root
hadd Source file 231: ../SeperateData/decay45_121_2095.root
hadd Source file 232: ../SeperateData/decay45_121_2096.root
hadd Source file 233: ../SeperateData/decay45_121_2097.root
hadd Source file 234: ../SeperateData/decay45_121_2098.root
hadd Source file 235: ../SeperateData/decay45_121_2099.root
hadd Source file 236: ../SeperateData/decay45_121_2100.root
hadd Source file 237: ../SeperateData/decay45_121_2101.root
hadd Source file 238: ../SeperateData/decay45_121_2102.root
hadd Source file 239: ../SeperateData/decay45_121_2103.root
hadd Source file 240: ../SeperateData/decay45_121_2104.root
hadd Source file 241: ../SeperateData/decay45_121_2105.root
hadd Source file 242: ../SeperateData/decay45_121_2106.root
hadd Source file 243: ../SeperateData/decay45_121_2107.root
hadd Source file 244: ../SeperateData/decay45_121_2108.root
hadd Source file 245: ../SeperateData/decay45_121_2109.root
hadd Source file 246: ../SeperateData/decay45_121_2110.root
hadd Source file 247: ../SeperateData/decay45_121_2111.root
hadd Source file 248: ../SeperateData/decay45_121_2112.root
hadd Source file 249: ../SeperateData/decay45_121_2113.root
hadd Source file 250: ../SeperateData/decay45_121_2114.root
hadd Source file 251: ../SeperateData/decay45_121_2115.root
hadd Source file 252: ../SeperateData/decay45_121_2116.root
hadd Source file 253: ../SeperateData/decay45_121_2117.root
hadd Source file 254: ../SeperateData/decay45_121_2118.root
hadd Source file 255: ../SeperateData/decay45_121_2119.root
hadd Source file 256: ../SeperateData/decay45_121_2120.root
hadd Source file 257: ../SeperateData/decay45_121_2121.root
hadd Source file 258: ../SeperateData/decay45_121_2122.root
hadd Source file 259: ../SeperateData/decay45_121_2123.root
hadd Source file 260: ../SeperateData/decay45_121_2124.root
hadd Source file 261: ../SeperateData/decay45_121_2125.root
hadd Source file 262: ../SeperateData/decay45_121_2126.root
hadd Source file 263: ../SeperateData/decay45_121_2127.root
hadd Source file 264: ../SeperateData/decay45_121_2128.root
hadd Source file 265: ../SeperateData/decay45_121_2129.root
hadd Source file 266: ../SeperateData/decay45_121_2130.root
hadd Source file 267: ../SeperateData/decay45_121_2131.root
hadd Source file 268: ../SeperateData/decay45_121_2132.root
hadd Source file 269: ../SeperateData/decay45_121_2133.root
hadd Source file 270: ../SeperateData/decay45_121_3000.root
hadd Source file 271: ../SeperateData/decay45_121_3001.root
hadd Source file 272: ../SeperateData/decay45_121_3002.root
hadd Source file 273: ../SeperateData/decay45_121_3003.root
hadd Source file 274: ../SeperateData/decay45_121_3004.root
hadd Source file 275: ../SeperateData/decay45_121_3005.root
hadd Source file 276: ../SeperateData/decay45_121_3006.root
hadd Source file 277: ../SeperateData/decay45_121_3007.root
hadd Source file 278: ../SeperateData/decay45_121_3008.root
hadd Source file 279: ../SeperateData/decay45_121_3009.root
hadd Source file 280: ../SeperateData/decay45_121_3010.root
hadd Source file 281: ../SeperateData/decay45_121_3011.root
hadd Source file 282: ../SeperateData/decay45_121_3012.root
hadd Source file 283: ../SeperateData/decay45_121_3013.root
hadd Source file 284: ../SeperateData/decay45_121_3014.root
hadd Source file 285: ../SeperateData/decay45_121_3015.root
hadd Source file 286: ../SeperateData/decay45_121_3016.root
hadd Source file 287: ../SeperateData/decay45_121_3017.root
hadd Source file 288: ../SeperateData/decay45_121_3018.root
hadd Source file 289: ../SeperateData/decay45_121_3019.root
hadd Source file 290: ../SeperateData/decay45_121_3020.root
hadd Source file 291: ../SeperateData/decay45_121_3021.root
hadd Source file 292: ../SeperateData/decay45_121_3022.root
hadd Source file 293: ../SeperateData/decay45_121_3023.root
hadd Source file 294: ../SeperateData/decay45_121_3024.root
hadd Source file 295: ../SeperateData/decay45_121_3025.root
hadd Source file 296: ../SeperateData/decay45_121_3026.root
hadd Source file 297: ../SeperateData/decay45_121_3027.root
hadd Source file 298: ../SeperateData/decay45_121_3028.root
hadd Source file 299: ../SeperateData/decay45_121_3029.root
hadd Source file 300: ../SeperateData/decay45_121_3030.root
hadd Source file 301: ../SeperateData/decay45_121_3031.root
hadd Source file 302: ../SeperateData/decay45_121_3032.root
hadd Source file 303: ../SeperateData/decay45_121_3033.root
hadd Source file 304: ../SeperateData/decay45_121_3034.root
hadd Source file 305: ../SeperateData/decay45_121_3035.root
hadd Source file 306: ../SeperateData/decay45_121_3036.root
hadd Source file 307: ../SeperateData/decay45_121_3037.root
hadd Source file 308: ../SeperateData/decay45_121_3038.root
hadd Source file 309: ../SeperateData/decay45_121_3039.root
hadd Source file 310: ../SeperateData/decay45_121_3040.root
hadd Source file 311: ../SeperateData/decay45_121_3041.root
hadd Source file 312: ../SeperateData/decay45_121_3042.root
hadd Source file 313: ../SeperateData/decay45_121_3043.root
hadd Source file 314: ../SeperateData/decay45_121_3044.root
hadd Source file 315: ../SeperateData/decay45_121_3045.root
hadd Source file 316: ../SeperateData/decay45_121_3046.root
hadd Source file 317: ../SeperateData/decay45_121_3047.root
hadd Source file 318: ../SeperateData/decay45_121_3048.root
hadd Source file 319: ../SeperateData/decay45_121_3049.root
hadd Source file 320: ../SeperateData/decay45_121_3050.root
hadd Source file 321: ../SeperateData/decay45_121_3051.root
hadd Source file 322: ../SeperateData/decay45_121_3052.root
hadd Source file 323: ../SeperateData/decay45_121_3053.root
hadd Source file 324: ../SeperateData/decay45_121_3054.root
hadd Source file 325: ../SeperateData/decay45_121_3055.root
hadd Source file 326: ../SeperateData/decay45_121_3056.root
hadd Source file 327: ../SeperateData/decay45_121_3057.root
hadd Source file 328: ../SeperateData/decay45_121_3058.root
hadd Source file 329: ../SeperateData/decay45_121_3059.root
hadd Source file 330: ../SeperateData/decay45_121_3060.root
hadd Source file 331: ../SeperateData/decay45_121_3061.root
hadd Source file 332: ../SeperateData/decay45_121_3062.root
hadd Source file 333: ../SeperateData/decay45_121_3063.root
hadd Source file 334: ../SeperateData/decay45_121_3064.root
hadd Source file 335: ../SeperateData/decay45_121_3065.root
hadd Source file 336: ../SeperateData/decay45_121_3066.root
hadd Source file 337: ../SeperateData/decay45_121_3067.root
hadd Source file 338: ../SeperateData/decay45_121_3068.root
hadd Source file 339: ../SeperateData/decay45_121_3069.root
hadd Source file 340: ../SeperateData/decay45_121_3070.root
hadd Source file 341: ../SeperateData/decay45_121_3071.root
hadd Source file 342: ../SeperateData/decay45_121_3072.root
hadd Source file 343: ../SeperateData/decay45_121_3073.root
hadd Source file 344: ../SeperateData/decay45_121_3074.root
hadd Source file 345: ../SeperateData/decay45_121_3075.root
hadd Source file 346: ../SeperateData/decay45_121_3076.root
hadd Source file 347: ../SeperateData/decay45_121_3077.root
hadd Source file 348: ../SeperateData/decay45_121_3078.root
hadd Source file 349: ../SeperateData/decay45_121_3079.root
hadd Source file 350: ../SeperateData/decay45_121_3080.root
hadd Source file 351: ../SeperateData/decay45_121_3081.root
hadd Source file 352: ../SeperateData/decay45_121_3082.root
hadd Source file 353: ../SeperateData/decay45_121_3083.root
hadd Source file 354: ../SeperateData/decay45_121_3084.root
hadd Source file 355: ../SeperateData/decay45_121_3085.root
hadd Source file 356: ../SeperateData/decay45_121_3086.root
hadd Source file 357: ../SeperateData/decay45_121_3087.root
hadd Source file 358: ../SeperateData/decay45_121_3088.root
hadd Source file 359: ../SeperateData/decay45_121_3089.root
hadd Source file 360: ../SeperateData/decay45_121_3090.root
hadd Source file 361: ../SeperateData/decay45_121_3091.root
hadd Source file 362: ../SeperateData/decay45_121_3092.root
hadd Source file 363: ../SeperateData/decay45_121_3093.root
hadd Source file 364: ../SeperateData/decay45_121_3094.root
hadd Source file 365: ../SeperateData/decay45_121_3095.root
hadd Source file 366: ../SeperateData/decay45_121_3096.root
hadd Source file 367: ../SeperateData/decay45_121_3097.root
hadd Source file 368: ../SeperateData/decay45_121_3098.root
hadd Source file 369: ../SeperateData/decay45_121_3099.root
hadd Source file 370: ../SeperateData/decay45_121_3101.root
hadd Source file 371: ../SeperateData/decay45_121_3102.root
hadd Source file 372: ../SeperateData/decay45_121_3103.root
hadd Source file 373: ../SeperateData/decay45_121_3104.root
hadd Source file 374: ../SeperateData/decay45_121_3105.root
hadd Source file 375: ../SeperateData/decay45_121_3106.root
hadd Source file 376: ../SeperateData/decay45_121_3107.root
hadd Source file 377: ../SeperateData/decay45_121_3108.root
hadd Source file 378: ../SeperateData/decay45_121_3109.root
hadd Source file 379: ../SeperateData/decay45_121_3110.root
hadd Source file 380: ../SeperateData/decay45_121_3111.root
hadd Source file 381: ../SeperateData/decay45_121_3112.root
hadd Source file 382: ../SeperateData/decay45_121_3113.root
hadd Source file 383: ../SeperateData/decay45_121_3114.root
hadd Source file 384: ../SeperateData/decay45_121_3115.root
hadd Source file 385: ../SeperateData/decay45_121_3116.root
hadd Source file 386: ../SeperateData/decay45_121_3117.root
hadd Source file 387: ../SeperateData/decay45_121_3118.root
hadd Source file 388: ../SeperateData/decay45_121_3119.root
hadd Source file 389: ../SeperateData/decay45_121_3120.root
hadd Source file 390: ../SeperateData/decay45_121_3121.root
hadd Source file 391: ../SeperateData/decay45_121_4000.root
hadd Source file 392: ../SeperateData/decay45_121_4001.root
hadd Source file 393: ../SeperateData/decay45_121_4002.root
hadd Source file 394: ../SeperateData/decay45_121_4003.root
hadd Source file 395: ../SeperateData/decay45_121_4004.root
hadd Source file 396: ../SeperateData/decay45_121_4005.root
hadd Source file 397: ../SeperateData/decay45_121_4006.root
hadd Source file 398: ../SeperateData/decay45_121_4007.root
hadd Source file 399: ../SeperateData/decay45_121_4008.root
hadd Source file 400: ../SeperateData/decay45_121_4009.root
hadd Source file 401: ../SeperateData/decay45_121_4010.root
hadd Source file 402: ../SeperateData/decay45_121_4011.root
hadd Source file 403: ../SeperateData/decay45_121_4012.root
hadd Source file 404: ../SeperateData/decay45_121_4013.root
hadd Source file 405: ../SeperateData/decay45_121_4014.root
hadd Source file 406: ../SeperateData/decay45_121_4015.root
hadd Source file 407: ../SeperateData/decay45_121_4016.root
hadd Source file 408: ../SeperateData/decay45_121_4017.root
hadd Source file 409: ../SeperateData/decay45_121_4018.root
hadd Source file 410: ../SeperateData/decay45_121_4019.root
hadd Source file 411: ../SeperateData/decay45_121_4020.root
hadd Source file 412: ../SeperateData/decay45_121_4021.root
hadd Source file 413: ../SeperateData/decay45_121_4022.root
hadd Source file 414: ../SeperateData/decay45_121_4023.root
hadd Source file 415: ../SeperateData/decay45_121_4024.root
hadd Source file 416: ../SeperateData/decay45_121_4025.root
hadd Source file 417: ../SeperateData/decay45_121_4026.root
hadd Source file 418: ../SeperateData/decay45_121_4027.root
hadd Source file 419: ../SeperateData/decay45_121_4028.root
hadd Source file 420: ../SeperateData/decay45_121_4029.root
hadd Source file 421: ../SeperateData/decay45_121_4030.root
hadd Source file 422: ../SeperateData/decay45_121_4031.root
hadd Source file 423: ../SeperateData/decay45_121_4032.root
hadd Source file 424: ../SeperateData/decay45_121_4033.root
hadd Source file 425: ../SeperateData/decay45_121_4034.root
hadd Source file 426: ../SeperateData/decay45_121_4035.root
hadd Source file 427: ../SeperateData/decay45_121_4036.root
hadd Source file 428: ../SeperateData/decay45_121_4037.root
hadd Source file 429: ../SeperateData/decay45_121_4038.root
hadd Source file 430: ../SeperateData/decay45_121_4039.root
hadd Source file 431: ../SeperateData/decay45_121_4040.root
hadd Source file 432: ../SeperateData/decay45_121_4041.root
hadd Source file 433: ../SeperateData/decay45_121_4042.root
hadd Source file 434: ../SeperateData/decay45_121_4043.root
hadd Source file 435: ../SeperateData/decay45_121_4100.root
hadd Source file 436: ../SeperateData/decay45_121_4101.root
hadd Source file 437: ../SeperateData/decay45_121_4102.root
hadd Source file 438: ../SeperateData/decay45_121_4103.root
hadd Source file 439: ../SeperateData/decay45_121_4104.root
hadd Source file 440: ../SeperateData/decay45_121_4105.root
hadd Source file 441: ../SeperateData/decay45_121_4106.root
hadd Source file 442: ../SeperateData/decay45_121_4107.root
hadd Source file 443: ../SeperateData/decay45_121_4108.root
hadd Source file 444: ../SeperateData/decay45_121_4109.root
hadd Source file 445: ../SeperateData/decay45_121_4110.root
hadd Source file 446: ../SeperateData/decay45_121_4111.root
hadd Source file 447: ../SeperateData/decay45_121_4112.root
hadd Source file 448: ../SeperateData/decay45_121_4113.root
hadd Source file 449: ../SeperateData/decay45_121_4114.root
hadd Source file 450: ../SeperateData/decay45_121_4115.root
hadd Source file 451: ../SeperateData/decay45_121_4116.root
hadd Source file 452: ../SeperateData/decay45_121_4117.root
hadd Source file 453: ../SeperateData/decay45_121_4118.root
hadd Source file 454: ../SeperateData/decay45_121_4119.root
hadd Source file 455: ../SeperateData/decay45_121_4120.root
hadd Source file 456: ../SeperateData/decay45_121_4121.root
hadd Source file 457: ../SeperateData/decay45_121_4122.root
hadd Source file 458: ../SeperateData/decay45_121_4123.root
hadd Source file 459: ../SeperateData/decay45_121_4124.root
hadd Source file 460: ../SeperateData/decay45_121_4125.root
hadd Source file 461: ../SeperateData/decay45_121_5000.root
hadd Source file 462: ../SeperateData/decay45_121_5001.root
hadd Source file 463: ../SeperateData/decay45_121_5002.root
hadd Source file 464: ../SeperateData/decay45_121_5003.root
hadd Source file 465: ../SeperateData/decay45_121_5004.root
hadd Source file 466: ../SeperateData/decay45_121_5005.root
hadd Source file 467: ../SeperateData/decay45_121_5006.root
hadd Source file 468: ../SeperateData/decay45_121_5007.root
hadd Source file 469: ../SeperateData/decay45_121_5008.root
hadd Source file 470: ../SeperateData/decay45_121_5009.root
hadd Source file 471: ../SeperateData/decay45_121_5010.root
hadd Source file 472: ../SeperateData/decay45_121_5011.root
hadd Source file 473: ../SeperateData/decay45_121_5012.root
hadd Source file 474: ../SeperateData/decay45_121_5013.root
hadd Source file 475: ../SeperateData/decay45_121_5014.root
hadd Source file 476: ../SeperateData/decay45_121_5015.root
hadd Source file 477: ../SeperateData/decay45_121_5016.root
hadd Source file 478: ../SeperateData/decay45_121_5017.root
hadd Source file 479: ../SeperateData/decay45_121_5018.root
hadd Source file 480: ../SeperateData/decay45_121_5019.root
hadd Source file 481: ../SeperateData/decay45_121_5020.root
hadd Source file 482: ../SeperateData/decay45_121_5021.root
hadd Source file 483: ../SeperateData/decay45_121_5022.root
hadd Source file 484: ../SeperateData/decay45_121_5023.root
hadd Source file 485: ../SeperateData/decay45_121_5024.root
hadd Source file 486: ../SeperateData/decay45_121_5025.root
hadd Source file 487: ../SeperateData/decay45_121_5026.root
hadd Source file 488: ../SeperateData/decay45_121_5027.root
hadd Source file 489: ../SeperateData/decay45_121_5028.root
hadd Source file 490: ../SeperateData/decay45_121_5029.root
hadd Source file 491: ../SeperateData/decay45_121_5030.root
hadd Source file 492: ../SeperateData/decay45_121_5031.root
hadd Source file 493: ../SeperateData/decay45_121_5032.root
hadd Source file 494: ../SeperateData/decay45_121_5033.root
hadd Source file 495: ../SeperateData/decay45_121_5034.root
hadd Source file 496: ../SeperateData/decay45_121_5035.root
hadd Source file 497: ../SeperateData/decay45_121_5036.root
hadd Source file 498: ../SeperateData/decay45_121_5037.root
hadd Source file 499: ../SeperateData/decay45_121_5038.root
hadd Source file 500: ../SeperateData/decay45_121_5039.root
hadd Source file 501: ../SeperateData/decay45_121_5040.root
hadd Source file 502: ../SeperateData/decay45_121_5041.root
hadd Source file 503: ../SeperateData/decay45_121_5042.root
hadd Source file 504: ../SeperateData/decay45_121_5043.root
hadd Source file 505: ../SeperateData/decay45_121_5044.root
hadd Source file 506: ../SeperateData/decay45_121_5045.root
hadd Source file 507: ../SeperateData/decay45_121_5046.root
hadd Source file 508: ../SeperateData/decay45_121_5047.root
hadd Source file 509: ../SeperateData/decay45_121_5048.root
hadd Source file 510: ../SeperateData/decay45_121_5049.root
hadd Source file 511: ../SeperateData/decay45_121_5050.root
hadd Source file 512: ../SeperateData/decay45_121_5051.root
hadd Source file 513: ../SeperateData/decay45_121_5052.root
hadd Source file 514: ../SeperateData/decay45_121_5053.root
hadd Source file 515: ../SeperateData/decay45_121_5054.root
hadd Source file 516: ../SeperateData/decay45_121_5055.root
hadd Source file 517: ../SeperateData/decay45_121_5056.root
hadd Source file 518: ../SeperateData/decay45_121_5057.root
hadd Source file 519: ../SeperateData/decay45_121_5058.root
hadd Source file 520: ../SeperateData/decay45_121_5059.root
hadd Source file 521: ../SeperateData/decay45_121_5060.root
hadd Source file 522: ../SeperateData/decay45_121_5061.root
hadd Source file 523: ../SeperateData/decay45_121_5062.root
hadd Source file 524: ../SeperateData/decay45_121_5063.root
hadd Source file 525: ../SeperateData/decay45_121_5064.root
hadd Source file 526: ../SeperateData/decay45_121_5065.root
hadd Source file 527: ../SeperateData/decay45_121_5066.root
hadd Source file 528: ../SeperateData/decay45_121_5067.root
hadd Source file 529: ../SeperateData/decay45_121_5068.root
hadd Source file 530: ../SeperateData/decay45_121_5069.root
hadd Source file 531: ../SeperateData/decay45_121_5070.root
hadd Source file 532: ../SeperateData/decay45_121_5071.root
hadd Source file 533: ../SeperateData/decay45_121_5072.root
hadd Source file 534: ../SeperateData/decay45_121_5073.root
hadd Source file 535: ../SeperateData/decay45_121_5074.root
hadd Source file 536: ../SeperateData/decay45_121_5075.root
hadd Source file 537: ../SeperateData/decay45_121_5076.root
hadd Source file 538: ../SeperateData/decay45_121_5077.root
hadd Source file 539: ../SeperateData/decay45_121_5078.root
hadd Source file 540: ../SeperateData/decay45_121_5079.root
hadd Source file 541: ../SeperateData/decay45_121_5080.root
hadd Source file 542: ../SeperateData/decay45_121_5081.root
hadd Source file 543: ../SeperateData/decay45_121_5082.root
hadd Source file 544: ../SeperateData/decay45_121_5083.root
hadd Source file 545: ../SeperateData/decay45_121_5084.root
hadd Source file 546: ../SeperateData/decay45_121_5085.root
hadd Source file 547: ../SeperateData/decay45_121_5086.root
hadd Source file 548: ../SeperateData/decay45_121_5087.root
hadd Source file 549: ../SeperateData/decay45_121_5088.root
hadd Source file 550: ../SeperateData/decay45_121_5089.root
hadd Source file 551: ../SeperateData/decay45_121_5090.root
hadd Source file 552: ../SeperateData/decay45_121_5091.root
hadd Source file 553: ../SeperateData/decay45_121_5092.root
hadd Source file 554: ../SeperateData/decay45_121_5093.root
hadd Source file 555: ../SeperateData/decay45_121_5094.root
hadd Source file 556: ../SeperateData/decay45_121_5095.root
hadd Source file 557: ../SeperateData/decay45_121_5096.root
hadd Source file 558: ../SeperateData/decay45_121_5097.root
hadd Source file 559: ../SeperateData/decay45_121_5098.root
hadd Source file 560: ../SeperateData/decay45_121_5099.root
hadd Source file 561: ../SeperateData/decay45_121_5100.root
hadd Source file 562: ../SeperateData/decay45_121_5101.root
hadd Source file 563: ../SeperateData/decay45_121_5102.root
hadd Source file 564: ../SeperateData/decay45_121_5103.root
hadd Source file 565: ../SeperateData/decay45_121_5104.root
hadd Source file 566: ../SeperateData/decay45_121_5105.root
hadd Source file 567: ../SeperateData/decay45_121_5106.root
hadd Source file 568: ../SeperateData/decay45_121_5107.root
hadd Source file 569: ../SeperateData/decay45_121_5108.root
hadd Source file 570: ../SeperateData/decay45_121_5109.root
hadd Source file 571: ../SeperateData/decay45_121_5110.root
hadd Source file 572: ../SeperateData/decay45_121_5111.root
hadd Source file 573: ../SeperateData/decay45_121_5112.root
hadd Source file 574: ../SeperateData/decay45_121_5113.root
hadd Source file 575: ../SeperateData/decay45_121_5114.root
hadd Source file 576: ../SeperateData/decay45_121_5115.root
hadd Source file 577: ../SeperateData/decay45_121_5116.root
hadd Source file 578: ../SeperateData/decay45_121_5117.root
hadd Source file 579: ../SeperateData/decay45_121_5118.root
hadd Source file 580: ../SeperateData/decay45_121_5119.root
hadd Source file 581: ../SeperateData/decay45_121_5120.root
hadd Source file 582: ../SeperateData/decay45_121_5121.root
hadd Source file 583: ../SeperateData/decay45_121_5122.root
hadd Source file 584: ../SeperateData/decay45_121_5123.root
hadd Source file 585: ../SeperateData/decay45_121_5124.root
hadd Source file 586: ../SeperateData/decay45_121_5125.root
hadd Source file 587: ../SeperateData/decay45_121_5126.root
hadd Source file 588: ../SeperateData/decay45_121_5127.root
hadd Source file 589: ../SeperateData/decay45_121_5128.root
hadd Source file 590: ../SeperateData/decay45_121_5129.root
hadd Source file 591: ../SeperateData/decay45_121_5130.root
hadd Source file 592: ../SeperateData/decay45_121_5131.root
hadd Source file 593: ../SeperateData/decay45_121_5132.root
hadd Source file 594: ../SeperateData/decay45_121_5133.root
hadd Source file 595: ../SeperateData/decay45_121_5134.root
hadd Source file 596: ../SeperateData/decay45_121_5135.root
hadd Source file 597: ../SeperateData/decay45_121_5136.root
hadd Source file 598: ../SeperateData/decay45_121_5137.root
hadd Source file 599: ../SeperateData/decay45_121_5138.root
hadd Target path: ../SeperateData/decay45_121.root:/
